<?xml version="1.0" encoding="UTF-8"?>
<!-- Generated by org.testng.reporters.JUnitXMLReporter -->
<testsuite ignored="70" hostname="DESKTOP-33S5R95" failures="2" tests="148" name="Surefire test" time="19.271" errors="0" timestamp="2023-12-01T17:04:44 COT">
  <testcase classname="org.Tests.AlertsFrameWindowsPageTest" name="@BeforeClass initializeClass" time="0.001">
    <failure type="java.lang.NullPointerException">
      <![CDATA[java.lang.NullPointerException
at org.Tests.AlertsFrameWindowsPageTest.initializeClass(AlertsFrameWindowsPageTest.java:11)
at java.base/java.util.ArrayList.forEach(ArrayList.java:1541)
... Removed 30 stack frames]]>
    </failure>
  </testcase> <!-- @BeforeClass initializeClass -->
  <testcase classname="org.Tests.AlertsTest" name="@BeforeClass initializeClass" time="0.001">
    <failure type="java.lang.NullPointerException">
      <![CDATA[java.lang.NullPointerException
at org.Tests.AlertsTest.initializeClass(AlertsTest.java:11)
at java.base/java.util.ArrayList.forEach(ArrayList.java:1541)
... Removed 30 stack frames]]>
    </failure>
  </testcase> <!-- @BeforeClass initializeClass -->
  <testcase classname="org.Tests.AutoCompleteTest" name="@BeforeClass initializeClass" time="0.0">
    <failure type="java.lang.NullPointerException">
      <![CDATA[java.lang.NullPointerException
at org.Tests.AutoCompleteTest.initializeClass(AutoCompleteTest.java:13)
at java.base/java.util.ArrayList.forEach(ArrayList.java:1541)
... Removed 30 stack frames]]>
    </failure>
  </testcase> <!-- @BeforeClass initializeClass -->
  <testcase classname="org.Tests.BookStorePageTest" name="@BeforeClass initializeClass" time="0.001">
    <failure type="java.lang.NullPointerException">
      <![CDATA[java.lang.NullPointerException
at org.Tests.BookStorePageTest.initializeClass(BookStorePageTest.java:11)
at java.base/java.util.ArrayList.forEach(ArrayList.java:1541)
... Removed 30 stack frames]]>
    </failure>
  </testcase> <!-- @BeforeClass initializeClass -->
  <testcase classname="org.Tests.BrokenLinksTest" name="@BeforeClass initializeClass" time="0.0">
    <failure type="java.lang.NullPointerException">
      <![CDATA[java.lang.NullPointerException
at org.Tests.BrokenLinksTest.initializeClass(BrokenLinksTest.java:14)
at java.base/java.util.ArrayList.forEach(ArrayList.java:1541)
... Removed 30 stack frames]]>
    </failure>
  </testcase> <!-- @BeforeClass initializeClass -->
  <testcase classname="org.Tests.BrowserWindowsTest" name="@BeforeClass InitializeClass" time="0.001">
    <failure type="java.lang.NullPointerException">
      <![CDATA[java.lang.NullPointerException
at org.Tests.BrowserWindowsTest.InitializeClass(BrowserWindowsTest.java:18)
at java.base/java.util.ArrayList.forEach(ArrayList.java:1541)
... Removed 30 stack frames]]>
    </failure>
  </testcase> <!-- @BeforeClass InitializeClass -->
  <testcase classname="org.Tests.ButtonsPageTest" name="@BeforeClass initializeClass" time="0.001">
    <failure type="java.lang.NullPointerException">
      <![CDATA[java.lang.NullPointerException
at org.Tests.ButtonsPageTest.initializeClass(ButtonsPageTest.java:12)
at java.base/java.util.ArrayList.forEach(ArrayList.java:1541)
... Removed 30 stack frames]]>
    </failure>
  </testcase> <!-- @BeforeClass initializeClass -->
  <testcase classname="org.Tests.CheckBoxPageTest" name="@BeforeClass initializeClass" time="0.0">
    <failure type="java.lang.NullPointerException">
      <![CDATA[java.lang.NullPointerException
at org.Tests.CheckBoxPageTest.initializeClass(CheckBoxPageTest.java:11)
at java.base/java.util.ArrayList.forEach(ArrayList.java:1541)
... Removed 30 stack frames]]>
    </failure>
  </testcase> <!-- @BeforeClass initializeClass -->
  <testcase classname="org.Tests.DatePickerTest" name="@BeforeClass initializeClass" time="0.0">
    <failure type="java.lang.NullPointerException">
      <![CDATA[java.lang.NullPointerException
at org.Tests.DatePickerTest.initializeClass(DatePickerTest.java:11)
at java.base/java.util.ArrayList.forEach(ArrayList.java:1541)
... Removed 30 stack frames]]>
    </failure>
  </testcase> <!-- @BeforeClass initializeClass -->
  <testcase classname="org.Tests.DraggableTest" name="@BeforeClass initializeClass" time="0.0">
    <failure type="java.lang.NullPointerException">
      <![CDATA[java.lang.NullPointerException
at org.Tests.DraggableTest.initializeClass(DraggableTest.java:11)
at java.base/java.util.ArrayList.forEach(ArrayList.java:1541)
... Removed 30 stack frames]]>
    </failure>
  </testcase> <!-- @BeforeClass initializeClass -->
  <testcase classname="org.Tests.DroppableTest" name="@BeforeClass initializeClass" time="0.0">
    <failure type="java.lang.NullPointerException">
      <![CDATA[java.lang.NullPointerException
at org.Tests.DroppableTest.initializeClass(DroppableTest.java:11)
at java.base/java.util.ArrayList.forEach(ArrayList.java:1541)
... Removed 30 stack frames]]>
    </failure>
  </testcase> <!-- @BeforeClass initializeClass -->
  <testcase classname="org.Tests.DynamicPropertiesTest" name="@BeforeClass initializeClass" time="0.001">
    <failure type="java.lang.NullPointerException">
      <![CDATA[java.lang.NullPointerException
at org.Tests.DynamicPropertiesTest.initializeClass(DynamicPropertiesTest.java:11)
at java.base/java.util.ArrayList.forEach(ArrayList.java:1541)
... Removed 30 stack frames]]>
    </failure>
  </testcase> <!-- @BeforeClass initializeClass -->
  <testcase classname="org.Tests.ElementsPageTest" name="@BeforeClass initializeClass" time="0.001">
    <failure type="java.lang.NullPointerException">
      <![CDATA[java.lang.NullPointerException
at org.Tests.ElementsPageTest.initializeClass(ElementsPageTest.java:11)
at java.base/java.util.ArrayList.forEach(ArrayList.java:1541)
... Removed 30 stack frames]]>
    </failure>
  </testcase> <!-- @BeforeClass initializeClass -->
  <testcase classname="org.Tests.FormsPageTest" name="@BeforeClass initializeClass" time="0.001">
    <failure type="java.lang.NullPointerException">
      <![CDATA[java.lang.NullPointerException
at org.Tests.FormsPageTest.initializeClass(FormsPageTest.java:11)
at java.base/java.util.ArrayList.forEach(ArrayList.java:1541)
... Removed 30 stack frames]]>
    </failure>
  </testcase> <!-- @BeforeClass initializeClass -->
  <testcase classname="org.Tests.FramesPageTest" name="@BeforeClass initializeClass" time="0.0">
    <failure type="java.lang.NullPointerException">
      <![CDATA[java.lang.NullPointerException
at org.Tests.FramesPageTest.initializeClass(FramesPageTest.java:11)
at java.base/java.util.ArrayList.forEach(ArrayList.java:1541)
... Removed 30 stack frames]]>
    </failure>
  </testcase> <!-- @BeforeClass initializeClass -->
  <testcase classname="org.Tests.InteractionsPageTest" name="@BeforeClass initializeClass" time="0.001">
    <failure type="java.lang.NullPointerException">
      <![CDATA[java.lang.NullPointerException
at org.Tests.InteractionsPageTest.initializeClass(InteractionsPageTest.java:11)
at java.base/java.util.ArrayList.forEach(ArrayList.java:1541)
... Removed 30 stack frames]]>
    </failure>
  </testcase> <!-- @BeforeClass initializeClass -->
  <testcase classname="org.Tests.LinksPageTest" name="@BeforeClass initializeClass" time="0.0">
    <failure type="java.lang.NullPointerException">
      <![CDATA[java.lang.NullPointerException
at org.Tests.LinksPageTest.initializeClass(LinksPageTest.java:11)
at java.base/java.util.ArrayList.forEach(ArrayList.java:1541)
... Removed 30 stack frames]]>
    </failure>
  </testcase> <!-- @BeforeClass initializeClass -->
  <testcase classname="org.Tests.MenuTest" name="@BeforeClass initializeClassAndHideAdvertising" time="0.0">
    <failure type="java.lang.NullPointerException">
      <![CDATA[java.lang.NullPointerException
at org.Tests.MenuTest.initializeClassAndHideAdvertising(MenuTest.java:12)
at java.base/java.util.ArrayList.forEach(ArrayList.java:1541)
... Removed 30 stack frames]]>
    </failure>
  </testcase> <!-- @BeforeClass initializeClassAndHideAdvertising -->
  <testcase classname="org.Tests.ModalDialogsTest" name="@BeforeClass initializeClass" time="0.0">
    <failure type="java.lang.NullPointerException">
      <![CDATA[java.lang.NullPointerException
at org.Tests.ModalDialogsTest.initializeClass(ModalDialogsTest.java:11)
at java.base/java.util.ArrayList.forEach(ArrayList.java:1541)
... Removed 30 stack frames]]>
    </failure>
  </testcase> <!-- @BeforeClass initializeClass -->
  <testcase classname="org.Tests.NestedFramesTest" name="@BeforeClass initializeClass" time="0.001">
    <failure type="java.lang.NullPointerException">
      <![CDATA[java.lang.NullPointerException
at org.Tests.NestedFramesTest.initializeClass(NestedFramesTest.java:11)
at java.base/java.util.ArrayList.forEach(ArrayList.java:1541)
... Removed 30 stack frames]]>
    </failure>
  </testcase> <!-- @BeforeClass initializeClass -->
  <testcase classname="org.Tests.PracticeFormPageTest" name="@BeforeClass initializeClass" time="0.0">
    <failure type="java.lang.NullPointerException">
      <![CDATA[java.lang.NullPointerException
at org.Tests.PracticeFormPageTest.initializeClass(PracticeFormPageTest.java:13)
at java.base/java.util.ArrayList.forEach(ArrayList.java:1541)
... Removed 30 stack frames]]>
    </failure>
  </testcase> <!-- @BeforeClass initializeClass -->
  <testcase classname="org.Tests.ProgressBarTest" name="@BeforeClass initializeClass" time="0.0">
    <failure type="java.lang.NullPointerException">
      <![CDATA[java.lang.NullPointerException
at org.Tests.ProgressBarTest.initializeClass(ProgressBarTest.java:11)
at java.base/java.util.ArrayList.forEach(ArrayList.java:1541)
... Removed 30 stack frames]]>
    </failure>
  </testcase> <!-- @BeforeClass initializeClass -->
  <testcase classname="org.Tests.RadioButtonPageTest" name="@BeforeClass initializeClass" time="0.001">
    <failure type="java.lang.NullPointerException">
      <![CDATA[java.lang.NullPointerException
at org.Tests.RadioButtonPageTest.initializeClass(RadioButtonPageTest.java:11)
at java.base/java.util.ArrayList.forEach(ArrayList.java:1541)
... Removed 30 stack frames]]>
    </failure>
  </testcase> <!-- @BeforeClass initializeClass -->
  <testcase classname="org.Tests.ResizableTest" name="@BeforeClass initializeClass" time="0.0">
    <failure type="java.lang.NullPointerException">
      <![CDATA[java.lang.NullPointerException
at org.Tests.ResizableTest.initializeClass(ResizableTest.java:11)
at java.base/java.util.ArrayList.forEach(ArrayList.java:1541)
... Removed 30 stack frames]]>
    </failure>
  </testcase> <!-- @BeforeClass initializeClass -->
  <testcase classname="org.Tests.SelectableTest" name="@BeforeClass initializeClass" time="0.002">
    <failure type="java.lang.NullPointerException">
      <![CDATA[java.lang.NullPointerException
at org.Tests.SelectableTest.initializeClass(SelectableTest.java:11)
at java.base/java.util.ArrayList.forEach(ArrayList.java:1541)
... Removed 30 stack frames]]>
    </failure>
  </testcase> <!-- @BeforeClass initializeClass -->
  <testcase classname="org.Tests.SelectMenuTest" name="@BeforeClass initializeClass" time="0.001">
    <failure type="java.lang.NullPointerException">
      <![CDATA[java.lang.NullPointerException
at org.Tests.SelectMenuTest.initializeClass(SelectMenuTest.java:11)
at java.base/java.util.ArrayList.forEach(ArrayList.java:1541)
... Removed 30 stack frames]]>
    </failure>
  </testcase> <!-- @BeforeClass initializeClass -->
  <testcase classname="org.Tests.SliderTest" name="@BeforeClass initializeClass" time="0.0">
    <failure type="java.lang.NullPointerException">
      <![CDATA[java.lang.NullPointerException
at org.Tests.SliderTest.initializeClass(SliderTest.java:12)
at java.base/java.util.ArrayList.forEach(ArrayList.java:1541)
... Removed 30 stack frames]]>
    </failure>
  </testcase> <!-- @BeforeClass initializeClass -->
  <testcase classname="org.Tests.SortableTest" name="@BeforeClass initializeClassAndHidePublicity" time="0.001">
    <failure type="java.lang.NullPointerException">
      <![CDATA[java.lang.NullPointerException
at org.Tests.SortableTest.initializeClassAndHidePublicity(SortableTest.java:12)
at java.base/java.util.ArrayList.forEach(ArrayList.java:1541)
... Removed 30 stack frames]]>
    </failure>
  </testcase> <!-- @BeforeClass initializeClassAndHidePublicity -->
  <testcase classname="org.Tests.TabsTest" name="@BeforeClass initializeClass" time="0.0">
    <failure type="java.lang.NullPointerException">
      <![CDATA[java.lang.NullPointerException
at org.Tests.TabsTest.initializeClass(TabsTest.java:11)
at java.base/java.util.ArrayList.forEach(ArrayList.java:1541)
... Removed 30 stack frames]]>
    </failure>
  </testcase> <!-- @BeforeClass initializeClass -->
  <testcase classname="org.Tests.ToolTipsTest" name="@BeforeClass initializeClass" time="0.001">
    <failure type="java.lang.NullPointerException">
      <![CDATA[java.lang.NullPointerException
at org.Tests.ToolTipsTest.initializeClass(ToolTipsTest.java:10)
at java.base/java.util.ArrayList.forEach(ArrayList.java:1541)
... Removed 30 stack frames]]>
    </failure>
  </testcase> <!-- @BeforeClass initializeClass -->
  <testcase classname="org.Tests.UploadDownloadTest" name="@BeforeClass initializeClass" time="0.0">
    <failure type="java.lang.NullPointerException">
      <![CDATA[java.lang.NullPointerException
at org.Tests.UploadDownloadTest.initializeClass(UploadDownloadTest.java:11)
at java.base/java.util.ArrayList.forEach(ArrayList.java:1541)
... Removed 30 stack frames]]>
    </failure>
  </testcase> <!-- @BeforeClass initializeClass -->
  <testcase classname="org.Tests.WebTablesPageTest" name="@BeforeClass initializeClass" time="0.001">
    <failure type="java.lang.NullPointerException">
      <![CDATA[java.lang.NullPointerException
at org.Tests.WebTablesPageTest.initializeClass(WebTablesPageTest.java:11)
at java.base/java.util.ArrayList.forEach(ArrayList.java:1541)
... Removed 30 stack frames]]>
    </failure>
  </testcase> <!-- @BeforeClass initializeClass -->
  <testcase classname="org.Tests.WidgetsPageTest" name="@BeforeClass initializeClass" time="0.001">
    <failure type="java.lang.NullPointerException">
      <![CDATA[java.lang.NullPointerException
at org.Tests.WidgetsPageTest.initializeClass(WidgetsPageTest.java:11)
at java.base/java.util.ArrayList.forEach(ArrayList.java:1541)
... Removed 30 stack frames]]>
    </failure>
  </testcase> <!-- @BeforeClass initializeClass -->
  <testcase classname="org.Tests.AccordianTest" name="validateFirstContentCardIsShown" time="0.266"/>
  <testcase classname="org.Tests.AccordianTest" name="validateSecondContentCardIsShown" time="0.409"/>
  <testcase classname="org.Tests.AccordianTest" name="validateThirdContentCardIsShown" time="0.35"/>
  <testcase classname="org.Tests.AlertsFrameWindowsPageTest" name="validateSectionsSize" time="0.0">
    <skipped/>
  </testcase> <!-- validateSectionsSize -->
  <testcase classname="org.Tests.AlertsFrameWindowsPageTest" name="validateURL" time="0.0">
    <skipped/>
  </testcase> <!-- validateURL -->
  <testcase classname="org.Tests.AlertsTest" name="validateAlert" time="0.0">
    <skipped/>
  </testcase> <!-- validateAlert -->
  <testcase classname="org.Tests.AlertsTest" name="validateAlertAppear" time="0.0">
    <skipped/>
  </testcase> <!-- validateAlertAppear -->
  <testcase classname="org.Tests.AlertsTest" name="validateDismissAlert" time="0.0">
    <skipped/>
  </testcase> <!-- validateDismissAlert -->
  <testcase classname="org.Tests.AlertsTest" name="validateInputAlert" time="0.0">
    <skipped/>
  </testcase> <!-- validateInputAlert -->
  <testcase classname="org.Tests.AutoCompleteTest" name="validateColorNameInSingleContainer" time="0.0">
    <skipped/>
  </testcase> <!-- validateColorNameInSingleContainer -->
  <testcase classname="org.Tests.AutoCompleteTest" name="validateColorNamesInMultipleContainer" time="0.0">
    <skipped/>
  </testcase> <!-- validateColorNamesInMultipleContainer -->
  <testcase classname="org.Tests.BaseHomeTest" name="validateURL" time="0.001">
    <failure type="java.lang.NullPointerException">
      <![CDATA[java.lang.NullPointerException
at org.Tests.BaseHomeTest.validateURL(BaseHomeTest.java:10)
at java.base/java.util.ArrayList.forEach(ArrayList.java:1541)
... Removed 32 stack frames]]>
    </failure>
  </testcase> <!-- validateURL -->
  <testcase classname="org.Tests.BookStorePageTest" name="validateSectionsSize" time="0.0">
    <skipped/>
  </testcase> <!-- validateSectionsSize -->
  <testcase classname="org.Tests.BookStorePageTest" name="validateURL" time="0.0">
    <skipped/>
  </testcase> <!-- validateURL -->
  <testcase classname="org.Tests.BrokenLinksTest" name="validateBrokeImage" time="0.0">
    <skipped/>
  </testcase> <!-- validateBrokeImage -->
  <testcase classname="org.Tests.BrokenLinksTest" name="validateBrokenLink" time="0.0">
    <skipped/>
  </testcase> <!-- validateBrokenLink -->
  <testcase classname="org.Tests.BrokenLinksTest" name="validateImage" time="0.0">
    <skipped/>
  </testcase> <!-- validateImage -->
  <testcase classname="org.Tests.BrokenLinksTest" name="validateLink" time="0.0">
    <skipped/>
  </testcase> <!-- validateLink -->
  <testcase classname="org.Tests.BrowserWindowsTest" name="validateChangeOfTab" time="0.0">
    <skipped/>
  </testcase> <!-- validateChangeOfTab -->
  <testcase classname="org.Tests.BrowserWindowsTest" name="validateNewWindowAppear" time="0.0">
    <skipped/>
  </testcase> <!-- validateNewWindowAppear -->
  <testcase classname="org.Tests.BrowserWindowsTest" name="validateNewWindowMessage" time="0.0">
    <skipped/>
  </testcase> <!-- validateNewWindowMessage -->
  <testcase classname="org.Tests.ButtonsPageTest" name="validateClickInABtn" time="0.0">
    <skipped/>
  </testcase> <!-- validateClickInABtn -->
  <testcase classname="org.Tests.ButtonsPageTest" name="validateDoubleClickInABtn" time="0.0">
    <skipped/>
  </testcase> <!-- validateDoubleClickInABtn -->
  <testcase classname="org.Tests.ButtonsPageTest" name="validateRightClickInABtn" time="0.0">
    <skipped/>
  </testcase> <!-- validateRightClickInABtn -->
  <testcase classname="org.Tests.CheckBoxPageTest" name="ValidateDesktopIsClicked" time="0.0">
    <skipped/>
  </testcase> <!-- ValidateDesktopIsClicked -->
  <testcase classname="org.Tests.CheckBoxPageTest" name="validateDocumentsIsClicked" time="0.0">
    <skipped/>
  </testcase> <!-- validateDocumentsIsClicked -->
  <testcase classname="org.Tests.CheckBoxPageTest" name="validateDownloadsIsClicked" time="0.0">
    <skipped/>
  </testcase> <!-- validateDownloadsIsClicked -->
  <testcase classname="org.Tests.DatePickerTest" name="validateDateSelected" time="0.0">
    <skipped/>
  </testcase> <!-- validateDateSelected -->
  <testcase classname="org.Tests.DatePickerTest" name="validateDateTimeSelected" time="0.001">
    <skipped/>
  </testcase> <!-- validateDateTimeSelected -->
  <testcase classname="org.Tests.DraggableTest" name="isBottomCursorElementDroppedToCoordinates" time="0.0">
    <skipped/>
  </testcase> <!-- isBottomCursorElementDroppedToCoordinates -->
  <testcase classname="org.Tests.DraggableTest" name="isCenterCursorElementDroppedToCoordinates" time="0.0">
    <skipped/>
  </testcase> <!-- isCenterCursorElementDroppedToCoordinates -->
  <testcase classname="org.Tests.DraggableTest" name="isElementContainedInBoxDroppedToCoordinates" time="0.0">
    <skipped/>
  </testcase> <!-- isElementContainedInBoxDroppedToCoordinates -->
  <testcase classname="org.Tests.DraggableTest" name="isElementOfTabSimpleDroppedToCoordinates" time="0.001">
    <skipped/>
  </testcase> <!-- isElementOfTabSimpleDroppedToCoordinates -->
  <testcase classname="org.Tests.DraggableTest" name="isElementXOfTabAxisDroppedToCoordinates" time="0.0">
    <skipped/>
  </testcase> <!-- isElementXOfTabAxisDroppedToCoordinates -->
  <testcase classname="org.Tests.DraggableTest" name="isElementYOfTabAxisDroppedToCoordinates" time="0.001">
    <skipped/>
  </testcase> <!-- isElementYOfTabAxisDroppedToCoordinates -->
  <testcase classname="org.Tests.DraggableTest" name="isTextContainedInBoxDroppedToCoordinates" time="0.0">
    <skipped/>
  </testcase> <!-- isTextContainedInBoxDroppedToCoordinates -->
  <testcase classname="org.Tests.DraggableTest" name="isTopCursorElementDroppedToCoordinates" time="0.0">
    <skipped/>
  </testcase> <!-- isTopCursorElementDroppedToCoordinates -->
  <testcase classname="org.Tests.DroppableTest" name="isDraggableAcceptableDroppedToTarget" time="0.0">
    <skipped/>
  </testcase> <!-- isDraggableAcceptableDroppedToTarget -->
  <testcase classname="org.Tests.DroppableTest" name="isDraggableNotAcceptableDroppedToTarget" time="0.0">
    <skipped/>
  </testcase> <!-- isDraggableNotAcceptableDroppedToTarget -->
  <testcase classname="org.Tests.DroppableTest" name="isNoRevertDraggableDroppedToTarget" time="0.0">
    <skipped/>
  </testcase> <!-- isNoRevertDraggableDroppedToTarget -->
  <testcase classname="org.Tests.DroppableTest" name="isPreventDraggableDroppedToGreedyInnerTarget" time="0.0">
    <skipped/>
  </testcase> <!-- isPreventDraggableDroppedToGreedyInnerTarget -->
  <testcase classname="org.Tests.DroppableTest" name="isPreventDraggableDroppedToGreedyTarget" time="0.0">
    <skipped/>
  </testcase> <!-- isPreventDraggableDroppedToGreedyTarget -->
  <testcase classname="org.Tests.DroppableTest" name="isPreventDraggableDroppedToNotGreedyInnerTarget" time="0.0">
    <skipped/>
  </testcase> <!-- isPreventDraggableDroppedToNotGreedyInnerTarget -->
  <testcase classname="org.Tests.DroppableTest" name="isPreventDraggableDroppedToNotGreedyTarget" time="0.0">
    <skipped/>
  </testcase> <!-- isPreventDraggableDroppedToNotGreedyTarget -->
  <testcase classname="org.Tests.DroppableTest" name="isRevertDraggableDroppedToTarget" time="0.0">
    <skipped/>
  </testcase> <!-- isRevertDraggableDroppedToTarget -->
  <testcase classname="org.Tests.DroppableTest" name="isSimpleDraggableDroppedToTarget" time="0.0">
    <skipped/>
  </testcase> <!-- isSimpleDraggableDroppedToTarget -->
  <testcase classname="org.Tests.DynamicPropertiesTest" name="validateFirstButtonIsEnable" time="0.0">
    <skipped/>
  </testcase> <!-- validateFirstButtonIsEnable -->
  <testcase classname="org.Tests.DynamicPropertiesTest" name="validateSecondButtonTextColorChange" time="0.0">
    <skipped/>
  </testcase> <!-- validateSecondButtonTextColorChange -->
  <testcase classname="org.Tests.DynamicPropertiesTest" name="validateThirdButtonIsVisible" time="0.0">
    <skipped/>
  </testcase> <!-- validateThirdButtonIsVisible -->
  <testcase classname="org.Tests.ElementsPageTest" name="validateSizeElements" time="0.0">
    <skipped/>
  </testcase> <!-- validateSizeElements -->
  <testcase classname="org.Tests.ElementsPageTest" name="validateURL" time="0.0">
    <skipped/>
  </testcase> <!-- validateURL -->
  <testcase classname="org.Tests.FormsPageTest" name="validateSectionsSize" time="0.001">
    <skipped/>
  </testcase> <!-- validateSectionsSize -->
  <testcase classname="org.Tests.FormsPageTest" name="validateURL" time="0.0">
    <skipped/>
  </testcase> <!-- validateURL -->
  <testcase classname="org.Tests.FramesPageTest" name="validateChangeToBigFrame" time="0.0">
    <skipped/>
  </testcase> <!-- validateChangeToBigFrame -->
  <testcase classname="org.Tests.FramesPageTest" name="validateChangeToShortFrame" time="0.0">
    <skipped/>
  </testcase> <!-- validateChangeToShortFrame -->
  <testcase classname="org.Tests.InteractionsPageTest" name="validateSectionsSize" time="0.0">
    <skipped/>
  </testcase> <!-- validateSectionsSize -->
  <testcase classname="org.Tests.InteractionsPageTest" name="validateURL" time="0.0">
    <skipped/>
  </testcase> <!-- validateURL -->
  <testcase classname="org.Tests.LinksPageTest" name="validateBadRequestLink" time="0.0">
    <skipped/>
  </testcase> <!-- validateBadRequestLink -->
  <testcase classname="org.Tests.LinksPageTest" name="validateCreatedLink" time="0.0">
    <skipped/>
  </testcase> <!-- validateCreatedLink -->
  <testcase classname="org.Tests.LinksPageTest" name="validateForbiddenLink" time="0.0">
    <skipped/>
  </testcase> <!-- validateForbiddenLink -->
  <testcase classname="org.Tests.LinksPageTest" name="validateHomeETgEzLink" time="0.0">
    <skipped/>
  </testcase> <!-- validateHomeETgEzLink -->
  <testcase classname="org.Tests.LinksPageTest" name="validateHomeLink" time="0.0">
    <skipped/>
  </testcase> <!-- validateHomeLink -->
  <testcase classname="org.Tests.LinksPageTest" name="validateMovedLink" time="0.0">
    <skipped/>
  </testcase> <!-- validateMovedLink -->
  <testcase classname="org.Tests.LinksPageTest" name="validateNoContentLink" time="0.0">
    <skipped/>
  </testcase> <!-- validateNoContentLink -->
  <testcase classname="org.Tests.LinksPageTest" name="validateNotFoundLink" time="0.0">
    <skipped/>
  </testcase> <!-- validateNotFoundLink -->
  <testcase classname="org.Tests.LinksPageTest" name="validateUnauthorizedLink" time="0.0">
    <skipped/>
  </testcase> <!-- validateUnauthorizedLink -->
  <testcase classname="org.Tests.MenuTest" name="validateMainItem1IsVisible" time="0.0">
    <skipped/>
  </testcase> <!-- validateMainItem1IsVisible -->
  <testcase classname="org.Tests.MenuTest" name="validateMainItem2IsVisible" time="0.0">
    <skipped/>
  </testcase> <!-- validateMainItem2IsVisible -->
  <testcase classname="org.Tests.MenuTest" name="validateMainItem3IsVisible" time="0.0">
    <skipped/>
  </testcase> <!-- validateMainItem3IsVisible -->
  <testcase classname="org.Tests.MenuTest" name="validateSubItem1IsVisible" time="0.0">
    <skipped/>
  </testcase> <!-- validateSubItem1IsVisible -->
  <testcase classname="org.Tests.MenuTest" name="validateSubItem2IsVisible" time="0.0">
    <skipped/>
  </testcase> <!-- validateSubItem2IsVisible -->
  <testcase classname="org.Tests.MenuTest" name="validateSubSubItem1IsVisible" time="0.0">
    <skipped/>
  </testcase> <!-- validateSubSubItem1IsVisible -->
  <testcase classname="org.Tests.MenuTest" name="validateSubSubItem2IsVisible" time="0.0">
    <skipped/>
  </testcase> <!-- validateSubSubItem2IsVisible -->
  <testcase classname="org.Tests.MenuTest" name="validateSubSubListIsVisible" time="0.0">
    <skipped/>
  </testcase> <!-- validateSubSubListIsVisible -->
  <testcase classname="org.Tests.ModalDialogsTest" name="validateLargeModalShowed" time="0.0">
    <skipped/>
  </testcase> <!-- validateLargeModalShowed -->
  <testcase classname="org.Tests.ModalDialogsTest" name="validateSmallModalShowed" time="0.0">
    <skipped/>
  </testcase> <!-- validateSmallModalShowed -->
  <testcase classname="org.Tests.NestedFramesTest" name="validateSwitchToChildFrame" time="0.0">
    <skipped/>
  </testcase> <!-- validateSwitchToChildFrame -->
  <testcase classname="org.Tests.NestedFramesTest" name="validateSwitchToParentFrame" time="0.0">
    <skipped/>
  </testcase> <!-- validateSwitchToParentFrame -->
  <testcase classname="org.Tests.PracticeFormPageTest" name="fillTheFormCorrectly" time="0.0">
    <failure type="org.testng.TestNGException" message="
Parameter &amp;apos;name&amp;apos; is required by @Test on method fillTheFormCorrectly but has not been marked @Optional or defined
">
      <![CDATA[org.testng.TestNGException: 
Parameter 'name' is required by @Test on method fillTheFormCorrectly but has not been marked @Optional or defined

at java.base/java.util.ArrayList.forEach(ArrayList.java:1541)
... Removed 31 stack frames]]>
    </failure>
  </testcase> <!-- fillTheFormCorrectly -->
  <testcase classname="org.Tests.PracticeFormPageTest" name="validateLabelBirthDate" time="0.0">
    <skipped/>
  </testcase> <!-- validateLabelBirthDate -->
  <testcase classname="org.Tests.PracticeFormPageTest" name="validateLabelCurrentAddress" time="0.0">
    <skipped/>
  </testcase> <!-- validateLabelCurrentAddress -->
  <testcase classname="org.Tests.PracticeFormPageTest" name="validateLabelEmail" time="0.0">
    <skipped/>
  </testcase> <!-- validateLabelEmail -->
  <testcase classname="org.Tests.PracticeFormPageTest" name="validateLabelGender" time="0.0">
    <skipped/>
  </testcase> <!-- validateLabelGender -->
  <testcase classname="org.Tests.PracticeFormPageTest" name="validateLabelHobbies" time="0.0">
    <skipped/>
  </testcase> <!-- validateLabelHobbies -->
  <testcase classname="org.Tests.PracticeFormPageTest" name="validateLabelMobile" time="0.0">
    <skipped/>
  </testcase> <!-- validateLabelMobile -->
  <testcase classname="org.Tests.PracticeFormPageTest" name="validateLabelName" time="0.0">
    <skipped/>
  </testcase> <!-- validateLabelName -->
  <testcase classname="org.Tests.PracticeFormPageTest" name="validateLabelPicture" time="0.0">
    <skipped/>
  </testcase> <!-- validateLabelPicture -->
  <testcase classname="org.Tests.PracticeFormPageTest" name="validateLabelSubjects" time="0.0">
    <skipped/>
  </testcase> <!-- validateLabelSubjects -->
  <testcase classname="org.Tests.PracticeFormPageTest" name="validateLabelsStateAndCity" time="0.0">
    <skipped/>
  </testcase> <!-- validateLabelsStateAndCity -->
  <testcase classname="org.Tests.PracticeFormPageTest" name="validateMandatoryFields" time="0.0">
    <skipped/>
  </testcase> <!-- validateMandatoryFields -->
  <testcase classname="org.Tests.PracticeFormPageTest" name="validatePlaceholderCityListBox" time="0.0">
    <skipped/>
  </testcase> <!-- validatePlaceholderCityListBox -->
  <testcase classname="org.Tests.PracticeFormPageTest" name="validatePlaceholderCurrentAddressField" time="0.0">
    <skipped/>
  </testcase> <!-- validatePlaceholderCurrentAddressField -->
  <testcase classname="org.Tests.PracticeFormPageTest" name="validatePlaceholderEmailField" time="0.0">
    <skipped/>
  </testcase> <!-- validatePlaceholderEmailField -->
  <testcase classname="org.Tests.PracticeFormPageTest" name="validatePlaceholderFirstNameField" time="0.001">
    <skipped/>
  </testcase> <!-- validatePlaceholderFirstNameField -->
  <testcase classname="org.Tests.PracticeFormPageTest" name="validatePlaceholderLastNameField" time="0.0">
    <skipped/>
  </testcase> <!-- validatePlaceholderLastNameField -->
  <testcase classname="org.Tests.PracticeFormPageTest" name="validatePlaceholderMobileField" time="0.0">
    <skipped/>
  </testcase> <!-- validatePlaceholderMobileField -->
  <testcase classname="org.Tests.PracticeFormPageTest" name="validatePlaceholderStateListBox" time="0.0">
    <skipped/>
  </testcase> <!-- validatePlaceholderStateListBox -->
  <testcase classname="org.Tests.PracticeFormPageTest" name="validateTitle" time="0.0">
    <skipped/>
  </testcase> <!-- validateTitle -->
  <testcase classname="org.Tests.ProgressBarTest" name="validateProgressBar" time="0.0">
    <skipped/>
  </testcase> <!-- validateProgressBar -->
  <testcase classname="org.Tests.ProgressBarTest" name="validateReturnToBasePage" time="0.0">
    <skipped/>
  </testcase> <!-- validateReturnToBasePage -->
  <testcase classname="org.Tests.RadioButtonPageTest" name="validateDisabledRadioButton" time="0.0">
    <skipped/>
  </testcase> <!-- validateDisabledRadioButton -->
  <testcase classname="org.Tests.RadioButtonPageTest" name="validateImpressiveRadioButton" time="0.0">
    <skipped/>
  </testcase> <!-- validateImpressiveRadioButton -->
  <testcase classname="org.Tests.RadioButtonPageTest" name="validateYesRadioButton" time="0.0">
    <skipped/>
  </testcase> <!-- validateYesRadioButton -->
  <testcase classname="org.Tests.ResizableTest" name="isResizableBoxTo500px" time="0.0">
    <skipped/>
  </testcase> <!-- isResizableBoxTo500px -->
  <testcase classname="org.Tests.ResizableTest" name="isResizableRestrictedToMax" time="0.0">
    <skipped/>
  </testcase> <!-- isResizableRestrictedToMax -->
  <testcase classname="org.Tests.SelectableTest" name="validateCrasJustoOdioListElementIsSelectable" time="0.0">
    <skipped/>
  </testcase> <!-- validateCrasJustoOdioListElementIsSelectable -->
  <testcase classname="org.Tests.SelectableTest" name="validateDapibusAcFacilisisInListElementIsSelectable" time="0.0">
    <skipped/>
  </testcase> <!-- validateDapibusAcFacilisisInListElementIsSelectable -->
  <testcase classname="org.Tests.SelectableTest" name="validateEightGridElementIsSelectable" time="0.0">
    <skipped/>
  </testcase> <!-- validateEightGridElementIsSelectable -->
  <testcase classname="org.Tests.SelectableTest" name="validateFiveGridElementIsSelectable" time="0.0">
    <skipped/>
  </testcase> <!-- validateFiveGridElementIsSelectable -->
  <testcase classname="org.Tests.SelectableTest" name="validateFourGridElementIsSelectable" time="0.0">
    <skipped/>
  </testcase> <!-- validateFourGridElementIsSelectable -->
  <testcase classname="org.Tests.SelectableTest" name="validateMorbiLeoRisusListElementIsSelectable" time="0.0">
    <skipped/>
  </testcase> <!-- validateMorbiLeoRisusListElementIsSelectable -->
  <testcase classname="org.Tests.SelectableTest" name="validateNineGridElementIsSelectable" time="0.0">
    <skipped/>
  </testcase> <!-- validateNineGridElementIsSelectable -->
  <testcase classname="org.Tests.SelectableTest" name="validateOneGridElementIsSelectable" time="0.0">
    <skipped/>
  </testcase> <!-- validateOneGridElementIsSelectable -->
  <testcase classname="org.Tests.SelectableTest" name="validatePortaAcConsecteturAcListElementIsSelectable" time="0.0">
    <skipped/>
  </testcase> <!-- validatePortaAcConsecteturAcListElementIsSelectable -->
  <testcase classname="org.Tests.SelectableTest" name="validateSevenGridElementIsSelectable" time="0.0">
    <skipped/>
  </testcase> <!-- validateSevenGridElementIsSelectable -->
  <testcase classname="org.Tests.SelectableTest" name="validateSixGridElementIsSelectable" time="0.0">
    <skipped/>
  </testcase> <!-- validateSixGridElementIsSelectable -->
  <testcase classname="org.Tests.SelectableTest" name="validateThreeGridElementIsSelectable" time="0.0">
    <skipped/>
  </testcase> <!-- validateThreeGridElementIsSelectable -->
  <testcase classname="org.Tests.SelectableTest" name="validateTwoGridElementIsSelectable" time="0.0">
    <skipped/>
  </testcase> <!-- validateTwoGridElementIsSelectable -->
  <testcase classname="org.Tests.SelectMenuTest" name="selectMultiplyValuesInDropdown" time="0.0">
    <skipped/>
  </testcase> <!-- selectMultiplyValuesInDropdown -->
  <testcase classname="org.Tests.SelectMenuTest" name="selectMultiplyValuesOnStandardMultiSelect" time="0.0">
    <skipped/>
  </testcase> <!-- selectMultiplyValuesOnStandardMultiSelect -->
  <testcase classname="org.Tests.SelectMenuTest" name="selectOneByDropdown" time="0.0">
    <skipped/>
  </testcase> <!-- selectOneByDropdown -->
  <testcase classname="org.Tests.SelectMenuTest" name="selectValueByDropdown" time="0.0">
    <skipped/>
  </testcase> <!-- selectValueByDropdown -->
  <testcase classname="org.Tests.SelectMenuTest" name="selectValueInOldSelectMenu" time="0.0">
    <skipped/>
  </testcase> <!-- selectValueInOldSelectMenu -->
  <testcase classname="org.Tests.SliderTest" name="ValidateRangeInputToMaxValue" time="0.0">
    <skipped/>
  </testcase> <!-- ValidateRangeInputToMaxValue -->
  <testcase classname="org.Tests.SliderTest" name="ValidateRangeInputToMinValue" time="0.0">
    <skipped/>
  </testcase> <!-- ValidateRangeInputToMinValue -->
  <testcase classname="org.Tests.SortableTest" name="dragFirstElementAndDropItInFifthElementOfElementsGrid" time="0.0">
    <skipped/>
  </testcase> <!-- dragFirstElementAndDropItInFifthElementOfElementsGrid -->
  <testcase classname="org.Tests.SortableTest" name="dragFirstElementAndDropItInFourthElementOfElementsGrid" time="0.0">
    <skipped/>
  </testcase> <!-- dragFirstElementAndDropItInFourthElementOfElementsGrid -->
  <testcase classname="org.Tests.SortableTest" name="dragFirstElementAndDropItInLastElementOfElementLists" time="0.0">
    <skipped/>
  </testcase> <!-- dragFirstElementAndDropItInLastElementOfElementLists -->
  <testcase classname="org.Tests.SortableTest" name="dragFirstElementAndDropItInLastElementOfElementsGrid" time="0.0">
    <skipped/>
  </testcase> <!-- dragFirstElementAndDropItInLastElementOfElementsGrid -->
  <testcase classname="org.Tests.SortableTest" name="dragFirstElementAndDropItInSixthElementOfElementsGrid" time="0.0">
    <skipped/>
  </testcase> <!-- dragFirstElementAndDropItInSixthElementOfElementsGrid -->
  <testcase classname="org.Tests.SortableTest" name="dragSecondElementAndDropItInPenultimateElementOfElementLists" time="0.0">
    <skipped/>
  </testcase> <!-- dragSecondElementAndDropItInPenultimateElementOfElementLists -->
  <testcase classname="org.Tests.SortableTest" name="dragSecondElementAndDropItInPenultimateElementOfElementsGrid" time="0.0">
    <skipped/>
  </testcase> <!-- dragSecondElementAndDropItInPenultimateElementOfElementsGrid -->
  <testcase classname="org.Tests.SortableTest" name="dragThirdElementAndDropItInTheSecondToLastElementOfElementLists" time="0.001">
    <skipped/>
  </testcase> <!-- dragThirdElementAndDropItInTheSecondToLastElementOfElementLists -->
  <testcase classname="org.Tests.SortableTest" name="dragThirdElementAndDropItInTheSecondToLastElementOfElementsGrid" time="0.001">
    <skipped/>
  </testcase> <!-- dragThirdElementAndDropItInTheSecondToLastElementOfElementsGrid -->
  <testcase classname="org.Tests.TabsTest" name="subtitleIsShowed" time="0.0">
    <skipped/>
  </testcase> <!-- subtitleIsShowed -->
  <testcase classname="org.Tests.TabsTest" name="tabMoreIsDisabled" time="0.0">
    <skipped/>
  </testcase> <!-- tabMoreIsDisabled -->
  <testcase classname="org.Tests.TabsTest" name="tabOriginParagraphIsDisplayed" time="0.0">
    <skipped/>
  </testcase> <!-- tabOriginParagraphIsDisplayed -->
  <testcase classname="org.Tests.TabsTest" name="tabUseParagraphIsDisplayed" time="0.0">
    <skipped/>
  </testcase> <!-- tabUseParagraphIsDisplayed -->
  <testcase classname="org.Tests.TabsTest" name="tabWhatParagraphIsDisplayed" time="0.0">
    <skipped/>
  </testcase> <!-- tabWhatParagraphIsDisplayed -->
  <testcase classname="org.Tests.ToolTipsTest" name="validateButtonHover" time="0.0">
    <skipped/>
  </testcase> <!-- validateButtonHover -->
  <testcase classname="org.Tests.ToolTipsTest" name="validateContraryLinkHover" time="0.0">
    <skipped/>
  </testcase> <!-- validateContraryLinkHover -->
  <testcase classname="org.Tests.ToolTipsTest" name="validateInputHover" time="0.0">
    <skipped/>
  </testcase> <!-- validateInputHover -->
  <testcase classname="org.Tests.ToolTipsTest" name="validateVersionLinkHover" time="0.0">
    <skipped/>
  </testcase> <!-- validateVersionLinkHover -->
  <testcase classname="org.Tests.UploadDownloadTest" name="validateArchiveDownloaded" time="0.0">
    <skipped/>
  </testcase> <!-- validateArchiveDownloaded -->
  <testcase classname="org.Tests.WebTablesPageTest" name="validateAllRowsEmpty" time="0.0">
    <skipped/>
  </testcase> <!-- validateAllRowsEmpty -->
  <testcase classname="org.Tests.WebTablesPageTest" name="validateCorrectNewRow" time="0.001">
    <skipped/>
  </testcase> <!-- validateCorrectNewRow -->
  <testcase classname="org.Tests.WidgetsPageTest" name="validateSectionsSize" time="0.0">
    <skipped/>
  </testcase> <!-- validateSectionsSize -->
  <testcase classname="org.Tests.WidgetsPageTest" name="validateURL" time="0.001">
    <skipped/>
  </testcase> <!-- validateURL -->
  <testcase classname="TestComponents.BaseTest" name="@AfterTest close" time="0.0">
    <ignored/>
  </testcase> <!-- @AfterTest close -->
  <testcase classname="TestComponents.BaseTest" name="@AfterTest close" time="0.0">
    <ignored/>
  </testcase> <!-- @AfterTest close -->
  <testcase classname="TestComponents.BaseTest" name="@AfterTest close" time="0.0">
    <ignored/>
  </testcase> <!-- @AfterTest close -->
  <testcase classname="TestComponents.BaseTest" name="@AfterTest close" time="0.0">
    <ignored/>
  </testcase> <!-- @AfterTest close -->
  <testcase classname="TestComponents.BaseTest" name="@AfterTest close" time="0.0">
    <ignored/>
  </testcase> <!-- @AfterTest close -->
  <testcase classname="TestComponents.BaseTest" name="@BeforeTest homePage" time="0.0">
    <ignored/>
  </testcase> <!-- @BeforeTest homePage -->
  <testcase classname="TestComponents.BaseTest" name="@BeforeTest homePage" time="0.0">
    <ignored/>
  </testcase> <!-- @BeforeTest homePage -->
  <testcase classname="TestComponents.BaseTest" name="@BeforeTest homePage" time="0.0">
    <ignored/>
  </testcase> <!-- @BeforeTest homePage -->
  <testcase classname="TestComponents.BaseTest" name="@BeforeTest homePage" time="0.0">
    <ignored/>
  </testcase> <!-- @BeforeTest homePage -->
  <testcase classname="TestComponents.BaseTest" name="@AfterTest close" time="0.0">
    <ignored/>
  </testcase> <!-- @AfterTest close -->
  <testcase classname="TestComponents.BaseTest" name="@BeforeTest homePage" time="0.0">
    <ignored/>
  </testcase> <!-- @BeforeTest homePage -->
  <testcase classname="TestComponents.BaseTest" name="@BeforeTest homePage" time="0.0">
    <ignored/>
  </testcase> <!-- @BeforeTest homePage -->
  <testcase classname="TestComponents.BaseTest" name="@AfterTest close" time="0.0">
    <ignored/>
  </testcase> <!-- @AfterTest close -->
  <testcase classname="TestComponents.BaseTest" name="@AfterTest close" time="0.0">
    <ignored/>
  </testcase> <!-- @AfterTest close -->
  <testcase classname="TestComponents.BaseTest" name="@BeforeTest homePage" time="0.0">
    <ignored/>
  </testcase> <!-- @BeforeTest homePage -->
  <testcase classname="TestComponents.BaseTest" name="@BeforeTest homePage" time="0.0">
    <ignored/>
  </testcase> <!-- @BeforeTest homePage -->
  <testcase classname="TestComponents.BaseTest" name="@AfterTest close" time="0.0">
    <ignored/>
  </testcase> <!-- @AfterTest close -->
  <testcase classname="TestComponents.BaseTest" name="@AfterTest close" time="0.0">
    <ignored/>
  </testcase> <!-- @AfterTest close -->
  <testcase classname="TestComponents.BaseTest" name="@AfterTest close" time="0.0">
    <ignored/>
  </testcase> <!-- @AfterTest close -->
  <testcase classname="TestComponents.BaseTest" name="@AfterTest close" time="0.0">
    <ignored/>
  </testcase> <!-- @AfterTest close -->
  <testcase classname="TestComponents.BaseTest" name="@BeforeTest homePage" time="0.0">
    <ignored/>
  </testcase> <!-- @BeforeTest homePage -->
  <testcase classname="TestComponents.BaseTest" name="@BeforeTest homePage" time="0.0">
    <ignored/>
  </testcase> <!-- @BeforeTest homePage -->
  <testcase classname="TestComponents.BaseTest" name="@AfterTest close" time="0.0">
    <ignored/>
  </testcase> <!-- @AfterTest close -->
  <testcase classname="TestComponents.BaseTest" name="@BeforeTest homePage" time="0.0">
    <ignored/>
  </testcase> <!-- @BeforeTest homePage -->
  <testcase classname="TestComponents.BaseTest" name="@BeforeTest homePage" time="0.0">
    <ignored/>
  </testcase> <!-- @BeforeTest homePage -->
  <testcase classname="TestComponents.BaseTest" name="@BeforeTest homePage" time="0.0">
    <ignored/>
  </testcase> <!-- @BeforeTest homePage -->
  <testcase classname="TestComponents.BaseTest" name="@AfterTest close" time="0.0">
    <ignored/>
  </testcase> <!-- @AfterTest close -->
  <testcase classname="TestComponents.BaseTest" name="@AfterTest close" time="0.0">
    <ignored/>
  </testcase> <!-- @AfterTest close -->
  <testcase classname="TestComponents.BaseTest" name="@BeforeTest homePage" time="0.0">
    <ignored/>
  </testcase> <!-- @BeforeTest homePage -->
  <testcase classname="TestComponents.BaseTest" name="@BeforeTest homePage" time="0.0">
    <ignored/>
  </testcase> <!-- @BeforeTest homePage -->
  <testcase classname="TestComponents.BaseTest" name="@AfterTest close" time="0.0">
    <ignored/>
  </testcase> <!-- @AfterTest close -->
  <testcase classname="TestComponents.BaseTest" name="@AfterTest close" time="0.0">
    <ignored/>
  </testcase> <!-- @AfterTest close -->
  <testcase classname="TestComponents.BaseTest" name="@AfterTest close" time="0.0">
    <ignored/>
  </testcase> <!-- @AfterTest close -->
  <testcase classname="TestComponents.BaseTest" name="@AfterTest close" time="0.0">
    <ignored/>
  </testcase> <!-- @AfterTest close -->
  <testcase classname="TestComponents.BaseTest" name="@AfterTest close" time="0.0">
    <ignored/>
  </testcase> <!-- @AfterTest close -->
  <testcase classname="TestComponents.BaseTest" name="@AfterTest close" time="0.0">
    <ignored/>
  </testcase> <!-- @AfterTest close -->
  <testcase classname="TestComponents.BaseTest" name="@BeforeTest homePage" time="0.0">
    <ignored/>
  </testcase> <!-- @BeforeTest homePage -->
  <testcase classname="TestComponents.BaseTest" name="@AfterTest close" time="0.0">
    <ignored/>
  </testcase> <!-- @AfterTest close -->
  <testcase classname="TestComponents.BaseTest" name="@AfterTest close" time="0.0">
    <ignored/>
  </testcase> <!-- @AfterTest close -->
  <testcase classname="TestComponents.BaseTest" name="@BeforeTest homePage" time="0.0">
    <ignored/>
  </testcase> <!-- @BeforeTest homePage -->
  <testcase classname="TestComponents.BaseTest" name="@BeforeTest homePage" time="0.0">
    <ignored/>
  </testcase> <!-- @BeforeTest homePage -->
  <testcase classname="TestComponents.BaseTest" name="@AfterTest close" time="0.0">
    <ignored/>
  </testcase> <!-- @AfterTest close -->
  <testcase classname="TestComponents.BaseTest" name="@BeforeTest homePage" time="0.0">
    <ignored/>
  </testcase> <!-- @BeforeTest homePage -->
  <testcase classname="TestComponents.BaseTest" name="@BeforeTest homePage" time="0.0">
    <ignored/>
  </testcase> <!-- @BeforeTest homePage -->
  <testcase classname="TestComponents.BaseTest" name="@AfterTest close" time="0.0">
    <ignored/>
  </testcase> <!-- @AfterTest close -->
  <testcase classname="TestComponents.BaseTest" name="@BeforeTest homePage" time="0.0">
    <ignored/>
  </testcase> <!-- @BeforeTest homePage -->
  <testcase classname="TestComponents.BaseTest" name="@BeforeTest homePage" time="0.0">
    <ignored/>
  </testcase> <!-- @BeforeTest homePage -->
  <testcase classname="TestComponents.BaseTest" name="@AfterTest close" time="0.0">
    <ignored/>
  </testcase> <!-- @AfterTest close -->
  <testcase classname="TestComponents.BaseTest" name="@BeforeTest homePage" time="0.0">
    <ignored/>
  </testcase> <!-- @BeforeTest homePage -->
  <testcase classname="TestComponents.BaseTest" name="@AfterTest close" time="0.0">
    <ignored/>
  </testcase> <!-- @AfterTest close -->
  <testcase classname="TestComponents.BaseTest" name="@AfterTest close" time="0.0">
    <ignored/>
  </testcase> <!-- @AfterTest close -->
  <testcase classname="TestComponents.BaseTest" name="@BeforeTest homePage" time="0.0">
    <ignored/>
  </testcase> <!-- @BeforeTest homePage -->
  <testcase classname="TestComponents.BaseTest" name="@AfterTest close" time="0.0">
    <ignored/>
  </testcase> <!-- @AfterTest close -->
  <testcase classname="TestComponents.BaseTest" name="@BeforeTest homePage" time="0.0">
    <ignored/>
  </testcase> <!-- @BeforeTest homePage -->
  <testcase classname="TestComponents.BaseTest" name="@BeforeTest homePage" time="0.0">
    <ignored/>
  </testcase> <!-- @BeforeTest homePage -->
  <testcase classname="TestComponents.BaseTest" name="@AfterTest close" time="0.0">
    <ignored/>
  </testcase> <!-- @AfterTest close -->
  <testcase classname="TestComponents.BaseTest" name="@BeforeTest homePage" time="0.0">
    <ignored/>
  </testcase> <!-- @BeforeTest homePage -->
  <testcase classname="TestComponents.BaseTest" name="@AfterTest close" time="0.0">
    <ignored/>
  </testcase> <!-- @AfterTest close -->
  <testcase classname="TestComponents.BaseTest" name="@AfterTest close" time="0.0">
    <ignored/>
  </testcase> <!-- @AfterTest close -->
  <testcase classname="TestComponents.BaseTest" name="@BeforeTest homePage" time="0.0">
    <ignored/>
  </testcase> <!-- @BeforeTest homePage -->
  <testcase classname="TestComponents.BaseTest" name="@BeforeTest homePage" time="0.0">
    <ignored/>
  </testcase> <!-- @BeforeTest homePage -->
  <testcase classname="TestComponents.BaseTest" name="@AfterTest close" time="0.0">
    <ignored/>
  </testcase> <!-- @AfterTest close -->
  <testcase classname="TestComponents.BaseTest" name="@BeforeTest homePage" time="0.0">
    <ignored/>
  </testcase> <!-- @BeforeTest homePage -->
  <testcase classname="TestComponents.BaseTest" name="@AfterTest close" time="0.0">
    <ignored/>
  </testcase> <!-- @AfterTest close -->
  <testcase classname="TestComponents.BaseTest" name="@BeforeTest homePage" time="0.0">
    <ignored/>
  </testcase> <!-- @BeforeTest homePage -->
  <testcase classname="TestComponents.BaseTest" name="@BeforeTest homePage" time="0.0">
    <ignored/>
  </testcase> <!-- @BeforeTest homePage -->
  <testcase classname="TestComponents.BaseTest" name="@BeforeTest homePage" time="0.0">
    <ignored/>
  </testcase> <!-- @BeforeTest homePage -->
  <testcase classname="TestComponents.BaseTest" name="@BeforeTest homePage" time="0.0">
    <ignored/>
  </testcase> <!-- @BeforeTest homePage -->
  <testcase classname="TestComponents.BaseTest" name="@BeforeTest homePage" time="0.0">
    <ignored/>
  </testcase> <!-- @BeforeTest homePage -->
  <testcase classname="TestComponents.BaseTest" name="@AfterTest close" time="0.0">
    <ignored/>
  </testcase> <!-- @AfterTest close -->
</testsuite> <!-- Surefire test -->
