<!DOCTYPE html PUBLIC "-//W3C//DTD XHTML 1.1//EN" "https://www.w3.org/TR/xhtml11/DTD/xhtml11.dtd">
<html xmlns="https://www.w3.org/1999/xhtml">
<head>
<meta http-equiv="content-type" content="text/html; charset=UTF-8"/>
<title>TestNG Report</title>
<style type="text/css">table {margin-bottom:10px;border-collapse:collapse;empty-cells:show}th,td {border:1px solid #009;padding:.25em .5em}th {vertical-align:bottom}td {vertical-align:top}table a {font-weight:bold}.stripe td {background-color: #E6EBF9}.num {text-align:right}.passedodd td {background-color: #3F3}.passedeven td {background-color: #0A0}.skippedodd td {background-color: #DDD}.skippedeven td {background-color: #CCC}.failedodd td,.attn {background-color: #F33}.failedeven td,.stripe .attn {background-color: #D00}.stacktrace {white-space:pre;font-family:monospace}.totop {font-size:85%;text-align:center;border-bottom:2px solid #000}.invisible {display:none}</style>
</head>
<body>
<table>
<tr><th>Test</th><th># Passed</th><th># Skipped</th><th># Retried</th><th># Failed</th><th>Time (ms)</th><th>Included Groups</th><th>Excluded Groups</th></tr>
<tr><th colspan="8">Suite1</th></tr>
<tr><td><a href="#t0">home</a></td><td class="num">1</td><td class="num">0</td><td class="num">0</td><td class="num">0</td><td class="num">26.996</td><td></td><td></td></tr>
<tr class="stripe"><td><a href="#t1">elements</a></td><td class="num">2</td><td class="num">0</td><td class="num">0</td><td class="num">0</td><td class="num">55.545</td><td></td><td></td></tr>
<tr><td><a href="#t2">forms</a></td><td class="num">2</td><td class="num">0</td><td class="num">0</td><td class="num">0</td><td class="num">41.693</td><td></td><td></td></tr>
<tr class="stripe"><td><a href="#t3">alerts,frame and windows</a></td><td class="num">2</td><td class="num">0</td><td class="num">0</td><td class="num">0</td><td class="num">35.903</td><td></td><td></td></tr>
<tr><td><a href="#t4">widgets</a></td><td class="num">2</td><td class="num">0</td><td class="num">0</td><td class="num">0</td><td class="num">32.914</td><td></td><td></td></tr>
<tr class="stripe"><td><a href="#t5">interactions</a></td><td class="num">2</td><td class="num">0</td><td class="num">0</td><td class="num">0</td><td class="num">31.379</td><td></td><td></td></tr>
<tr><td><a href="#t6">Book Store Application</a></td><td class="num">2</td><td class="num">0</td><td class="num">0</td><td class="num">0</td><td class="num">35.926</td><td></td><td></td></tr>
<tr class="stripe"><td><a href="#t7">Text Box</a></td><td class="num">1</td><td class="num">0</td><td class="num attn">3</td><td class="num attn">1</td><td class="num">116.804</td><td></td><td></td></tr>
<tr><td><a href="#t8">Check Box</a></td><td class="num">3</td><td class="num">0</td><td class="num">0</td><td class="num">0</td><td class="num">89.447</td><td></td><td></td></tr>
<tr class="stripe"><td><a href="#t9">Radio Button</a></td><td class="num">3</td><td class="num">0</td><td class="num">0</td><td class="num">0</td><td class="num">81.358</td><td></td><td></td></tr>
<tr><td><a href="#t10">Web Tables</a></td><td class="num">1</td><td class="num">0</td><td class="num attn">3</td><td class="num attn">1</td><td class="num">201.151</td><td></td><td></td></tr>
<tr class="stripe"><td><a href="#t11">Buttons</a></td><td class="num">3</td><td class="num">0</td><td class="num">0</td><td class="num">0</td><td class="num">240.144</td><td></td><td></td></tr>
<tr><td><a href="#t12">Links</a></td><td class="num">8</td><td class="num">0</td><td class="num attn">3</td><td class="num attn">1</td><td class="num">433.675</td><td></td><td></td></tr>
<tr class="stripe"><td><a href="#t13">Broken Links - Images</a></td><td class="num">4</td><td class="num">0</td><td class="num">0</td><td class="num">0</td><td class="num">103.834</td><td></td><td></td></tr>
<tr><td><a href="#t14">Upload and Download</a></td><td class="num">1</td><td class="num">0</td><td class="num">0</td><td class="num">0</td><td class="num">19.109</td><td></td><td></td></tr>
<tr class="stripe"><td><a href="#t15">Dynamic Properties</a></td><td class="num">2</td><td class="num">0</td><td class="num attn">3</td><td class="num attn">1</td><td class="num">141.607</td><td></td><td></td></tr>
<tr><td><a href="#t16">Alerts</a></td><td class="num">1</td><td class="num attn">3</td><td class="num">0</td><td class="num">0</td><td class="num">39.983</td><td></td><td></td></tr>
<tr class="stripe"><td><a href="#t17">Frames</a></td><td class="num">2</td><td class="num">0</td><td class="num">0</td><td class="num">0</td><td class="num">82.550</td><td></td><td></td></tr>
<tr><td><a href="#t18">Nested Frames</a></td><td class="num">2</td><td class="num">0</td><td class="num">0</td><td class="num">0</td><td class="num">66.400</td><td></td><td></td></tr>
<tr><th>Total</th><th class="num">44</th><th class="num attn">3</th><th class="num attn">12</th><th class="num attn">4</th><th class="num">1.876.418</th><th colspan="2"></th></tr>
</table>
<table id='summary'><thead><tr><th>Class</th><th>Method</th><th>Start</th><th>Time (ms)</th></tr></thead><tbody><tr><th colspan="4">Suite1</th></tr></tbody><tbody id="t0"><tr><th colspan="4">home &#8212; passed</th></tr><tr class="passedeven"><td rowspan="1">org.Tests.BaseHomeTest</td><td><a href="#m0">validateURL</a></td><td rowspan="1">1703907120819</td><td rowspan="1">68</td></tr></tbody>
<tbody id="t1"><tr><th colspan="4">elements &#8212; passed</th></tr><tr class="passedeven"><td rowspan="2">org.Tests.ElementsPageTest</td><td><a href="#m1">validateSizeElements</a></td><td rowspan="1">1703907158529</td><td rowspan="1">77</td></tr><tr class="passedeven"><td><a href="#m2">validateURL</a></td><td rowspan="1">1703907176228</td><td rowspan="1">3122</td></tr></tbody>
<tbody id="t2"><tr><th colspan="4">forms &#8212; passed</th></tr><tr class="passedeven"><td rowspan="2">org.Tests.FormsPageTest</td><td><a href="#m3">validateSectionsSize</a></td><td rowspan="1">1703907198329</td><td rowspan="1">56</td></tr><tr class="passedeven"><td><a href="#m4">validateURL</a></td><td rowspan="1">1703907220928</td><td rowspan="1">24</td></tr></tbody>
<tbody id="t3"><tr><th colspan="4">alerts,frame and windows &#8212; passed</th></tr><tr class="passedeven"><td rowspan="2">org.Tests.AlertsFrameWindowsPageTest</td><td><a href="#m5">validateSectionsSize</a></td><td rowspan="1">1703907239452</td><td rowspan="1">131</td></tr><tr class="passedeven"><td><a href="#m6">validateURL</a></td><td rowspan="1">1703907257449</td><td rowspan="1">87</td></tr></tbody>
<tbody id="t4"><tr><th colspan="4">widgets &#8212; passed</th></tr><tr class="passedeven"><td rowspan="2">org.Tests.WidgetsPageTest</td><td><a href="#m7">validateSectionsSize</a></td><td rowspan="1">1703907273273</td><td rowspan="1">1226</td></tr><tr class="passedeven"><td><a href="#m8">validateURL</a></td><td rowspan="1">1703907290804</td><td rowspan="1">26</td></tr></tbody>
<tbody id="t5"><tr><th colspan="4">interactions &#8212; passed</th></tr><tr class="passedeven"><td rowspan="2">org.Tests.InteractionsPageTest</td><td><a href="#m9">validateSectionsSize</a></td><td rowspan="1">1703907306849</td><td rowspan="1">49</td></tr><tr class="passedeven"><td><a href="#m10">validateURL</a></td><td rowspan="1">1703907321913</td><td rowspan="1">42</td></tr></tbody>
<tbody id="t6"><tr><th colspan="4">Book Store Application &#8212; passed</th></tr><tr class="passedeven"><td rowspan="2">org.Tests.BookStorePageTest</td><td><a href="#m11">validateSectionsSize</a></td><td rowspan="1">1703907339399</td><td rowspan="1">1143</td></tr><tr class="passedeven"><td><a href="#m12">validateURL</a></td><td rowspan="1">1703907356375</td><td rowspan="1">1803</td></tr></tbody>
<tbody id="t7"><tr><th colspan="4">Text Box &#8212; failed</th></tr><tr class="failedeven"><td rowspan="1">org.Tests.TextBoxPageTest</td><td><a href="#m13">validateAnswer</a></td><td rowspan="1">1703907464396</td><td rowspan="1">243</td></tr><tr><th colspan="4">Text Box &#8212; retried</th></tr><tr class="retriedeven"><td rowspan="3">org.Tests.TextBoxPageTest</td><td><a href="#m14">validateAnswer</a></td><td rowspan="3">1703907441223</td><td rowspan="3">1506</td></tr><tr class="retriedeven"><td><a href="#m15">validateAnswer</a></td></tr><tr class="retriedeven"><td><a href="#m16">validateAnswer</a></td></tr><tr><th colspan="4">Text Box &#8212; passed</th></tr><tr class="passedeven"><td rowspan="1">org.Tests.TextBoxPageTest</td><td><a href="#m17">typingFieldsForm</a></td><td rowspan="1">1703907375612</td><td rowspan="1">4877</td></tr></tbody>
<tbody id="t8"><tr><th colspan="4">Check Box &#8212; passed</th></tr><tr class="passedeven"><td rowspan="3">org.Tests.CheckBoxPageTest</td><td><a href="#m18">ValidateDesktopIsClicked</a></td><td rowspan="1">1703907509796</td><td rowspan="1">1122</td></tr><tr class="passedeven"><td><a href="#m19">validateDocumentsIsClicked</a></td><td rowspan="1">1703907538064</td><td rowspan="1">3912</td></tr><tr class="passedeven"><td><a href="#m20">validateDownloadsIsClicked</a></td><td rowspan="1">1703907563662</td><td rowspan="1">1404</td></tr></tbody>
<tbody id="t9"><tr><th colspan="4">Radio Button &#8212; passed</th></tr><tr class="passedeven"><td rowspan="3">org.Tests.RadioButtonPageTest</td><td><a href="#m21">validateDisabledRadioButton</a></td><td rowspan="1">1703907596518</td><td rowspan="1">135</td></tr><tr class="passedeven"><td><a href="#m22">validateImpressiveRadioButton</a></td><td rowspan="1">1703907616607</td><td rowspan="1">2248</td></tr><tr class="passedeven"><td><a href="#m23">validateYesRadioButton</a></td><td rowspan="1">1703907642629</td><td rowspan="1">2526</td></tr></tbody>
<tbody id="t10"><tr><th colspan="4">Web Tables &#8212; failed</th></tr><tr class="failedeven"><td rowspan="1">org.Tests.WebTablesPageTest</td><td><a href="#m24">validateCorrectNewRow</a></td><td rowspan="1">1703907822576</td><td rowspan="1">5322</td></tr><tr><th colspan="4">Web Tables &#8212; retried</th></tr><tr class="retriedeven"><td rowspan="3">org.Tests.WebTablesPageTest</td><td><a href="#m25">validateCorrectNewRow</a></td><td rowspan="3">1703907754010</td><td rowspan="3">7999</td></tr><tr class="retriedeven"><td><a href="#m26">validateCorrectNewRow</a></td></tr><tr class="retriedeven"><td><a href="#m27">validateCorrectNewRow</a></td></tr><tr><th colspan="4">Web Tables &#8212; passed</th></tr><tr class="passedeven"><td rowspan="1">org.Tests.WebTablesPageTest</td><td><a href="#m28">validateAllRowsEmpty</a></td><td rowspan="1">1703907675044</td><td rowspan="1">4897</td></tr></tbody>
<tbody id="t11"><tr><th colspan="4">Buttons &#8212; passed</th></tr><tr class="passedeven"><td rowspan="3">org.Tests.ButtonsPageTest</td><td><a href="#m29">validateClickInABtn</a></td><td rowspan="1">1703907894752</td><td rowspan="1">1183</td></tr><tr class="passedeven"><td><a href="#m30">validateDoubleClickInABtn</a></td><td rowspan="1">1703907954529</td><td rowspan="1">6845</td></tr><tr class="passedeven"><td><a href="#m31">validateRightClickInABtn</a></td><td rowspan="1">1703908073992</td><td rowspan="1">1384</td></tr></tbody>
<tbody id="t12"><tr><th colspan="4">Links &#8212; failed</th></tr><tr class="failedeven"><td rowspan="1">org.Tests.LinksPageTest</td><td><a href="#m32">validateMovedLink</a></td><td rowspan="1">1703908428779</td><td rowspan="1">1673</td></tr><tr><th colspan="4">Links &#8212; retried</th></tr><tr class="retriedeven"><td rowspan="3">org.Tests.LinksPageTest</td><td><a href="#m33">validateMovedLink</a></td><td rowspan="3">1703908338602</td><td rowspan="3">1847</td></tr><tr class="retriedeven"><td><a href="#m34">validateMovedLink</a></td></tr><tr class="retriedeven"><td><a href="#m35">validateMovedLink</a></td></tr><tr><th colspan="4">Links &#8212; passed</th></tr><tr class="passedeven"><td rowspan="8">org.Tests.LinksPageTest</td><td><a href="#m36">validateBadRequestLink</a></td><td rowspan="1">1703908185562</td><td rowspan="1">1761</td></tr><tr class="passedeven"><td><a href="#m37">validateCreatedLink</a></td><td rowspan="1">1703908212183</td><td rowspan="1">1879</td></tr><tr class="passedeven"><td><a href="#m38">validateForbiddenLink</a></td><td rowspan="1">1703908231613</td><td rowspan="1">1990</td></tr><tr class="passedeven"><td><a href="#m39">validateHomeETgEzLink</a></td><td rowspan="1">1703908256569</td><td rowspan="1">300</td></tr><tr class="passedeven"><td><a href="#m40">validateHomeLink</a></td><td rowspan="1">1703908297167</td><td rowspan="1">2483</td></tr><tr class="passedeven"><td><a href="#m41">validateNoContentLink</a></td><td rowspan="1">1703908464055</td><td rowspan="1">1765</td></tr><tr class="passedeven"><td><a href="#m42">validateNotFoundLink</a></td><td rowspan="1">1703908489752</td><td rowspan="1">5203</td></tr><tr class="passedeven"><td><a href="#m43">validateUnauthorizedLink</a></td><td rowspan="1">1703908520006</td><td rowspan="1">2088</td></tr></tbody>
<tbody id="t13"><tr><th colspan="4">Broken Links - Images &#8212; passed</th></tr><tr class="passedeven"><td rowspan="4">org.Tests.BrokenLinksTest</td><td><a href="#m44">validateBrokeImage</a></td><td rowspan="1">1703908561756</td><td rowspan="1">4097</td></tr><tr class="passedeven"><td><a href="#m45">validateBrokenLink</a></td><td rowspan="1">1703908587719</td><td rowspan="1">562</td></tr><tr class="passedeven"><td><a href="#m46">validateImage</a></td><td rowspan="1">1703908606453</td><td rowspan="1">1021</td></tr><tr class="passedeven"><td><a href="#m47">validateLink</a></td><td rowspan="1">1703908626706</td><td rowspan="1">642</td></tr></tbody>
<tbody id="t14"><tr><th colspan="4">Upload and Download &#8212; passed</th></tr><tr class="passedeven"><td rowspan="1">org.Tests.UploadDownloadTest</td><td><a href="#m48">validateArchiveDownloaded</a></td><td rowspan="1">1703908645753</td><td rowspan="1">730</td></tr></tbody>
<tbody id="t15"><tr><th colspan="4">Dynamic Properties &#8212; failed</th></tr><tr class="failedeven"><td rowspan="1">org.Tests.DynamicPropertiesTest</td><td><a href="#m49">validateSecondButtonTextColorChange</a></td><td rowspan="1">1703908751520</td><td rowspan="1">120</td></tr><tr><th colspan="4">Dynamic Properties &#8212; retried</th></tr><tr class="retriedeven"><td rowspan="3">org.Tests.DynamicPropertiesTest</td><td><a href="#m50">validateSecondButtonTextColorChange</a></td><td rowspan="3">1703908731079</td><td rowspan="3">141</td></tr><tr class="retriedeven"><td><a href="#m51">validateSecondButtonTextColorChange</a></td></tr><tr class="retriedeven"><td><a href="#m52">validateSecondButtonTextColorChange</a></td></tr><tr><th colspan="4">Dynamic Properties &#8212; passed</th></tr><tr class="passedeven"><td rowspan="2">org.Tests.DynamicPropertiesTest</td><td><a href="#m53">validateFirstButtonIsEnable</a></td><td rowspan="1">1703908669070</td><td rowspan="1">5358</td></tr><tr class="passedeven"><td><a href="#m54">validateThirdButtonIsVisible</a></td><td rowspan="1">1703908783061</td><td rowspan="1">5368</td></tr></tbody>
<tbody id="t16"><tr><th colspan="4">Alerts &#8212; failed (configuration methods)</th></tr><tr class="failedeven"><td rowspan="1">org.Tests.AlertsTest</td><td><a href="#m55">initializeClass</a></td><td rowspan="1">1703908826204</td><td rowspan="1">2973</td></tr><tr><th colspan="4">Alerts &#8212; skipped (configuration methods)</th></tr><tr class="skippedeven"><td rowspan="7">org.Tests.AlertsTest</td><td><a href="#m56">close</a></td><td rowspan="3">1703908829192</td><td rowspan="3">0</td></tr><tr class="skippedeven"><td><a href="#m57">close</a></td></tr><tr class="skippedeven"><td><a href="#m58">close</a></td></tr><tr class="skippedeven"><td><a href="#m59">homePage</a></td><td rowspan="2">1703908829190</td><td rowspan="2">0</td></tr><tr class="skippedeven"><td><a href="#m60">homePage</a></td></tr><tr class="skippedeven"><td><a href="#m61">initializeClass</a></td><td rowspan="2">1703908829190</td><td rowspan="2">0</td></tr><tr class="skippedeven"><td><a href="#m62">initializeClass</a></td></tr><tr><th colspan="4">Alerts &#8212; skipped</th></tr><tr class="skippedeven"><td rowspan="3">org.Tests.AlertsTest</td><td><a href="#m63">validateAlertAppear</a></td><td rowspan="1">1703908829183</td><td rowspan="1">0</td></tr><tr class="skippedeven"><td><a href="#m64">validateDismissAlert</a></td><td rowspan="1">1703908829192</td><td rowspan="1">0</td></tr><tr class="skippedeven"><td><a href="#m65">validateInputAlert</a></td><td rowspan="1">1703908829196</td><td rowspan="1">1</td></tr><tr><th colspan="4">Alerts &#8212; passed</th></tr><tr class="passedeven"><td rowspan="1">org.Tests.AlertsTest</td><td><a href="#m66">validateAlert</a></td><td rowspan="1">1703908808220</td><td rowspan="1">1511</td></tr></tbody>
<tbody id="t17"><tr><th colspan="4">Frames &#8212; passed</th></tr><tr class="passedeven"><td rowspan="2">org.Tests.FramesPageTest</td><td><a href="#m67">validateChangeToBigFrame</a></td><td rowspan="1">1703908856978</td><td rowspan="1">1263</td></tr><tr class="passedeven"><td><a href="#m68">validateChangeToShortFrame</a></td><td rowspan="1">1703908901791</td><td rowspan="1">5648</td></tr></tbody>
<tbody id="t18"><tr><th colspan="4">Nested Frames &#8212; passed</th></tr><tr class="passedeven"><td rowspan="2">org.Tests.NestedFramesTest</td><td><a href="#m69">validateSwitchToChildFrame</a></td><td rowspan="1">1703908938534</td><td rowspan="1">3221</td></tr><tr class="passedeven"><td><a href="#m70">validateSwitchToParentFrame</a></td><td rowspan="1">1703908969189</td><td rowspan="1">9380</td></tr></tbody>
</table>
<h2>home</h2><h3 id="m0">org.Tests.BaseHomeTest#validateURL</h3><table class="result"><tr><th class="invisible"/></tr></table><p class="totop"><a href="#summary">back to summary</a></p>
<h2>elements</h2><h3 id="m1">org.Tests.ElementsPageTest#validateSizeElements</h3><table class="result"><tr><th class="invisible"/></tr></table><p class="totop"><a href="#summary">back to summary</a></p>
<h3 id="m2">org.Tests.ElementsPageTest#validateURL</h3><table class="result"><tr><th class="invisible"/></tr></table><p class="totop"><a href="#summary">back to summary</a></p>
<h2>forms</h2><h3 id="m3">org.Tests.FormsPageTest#validateSectionsSize</h3><table class="result"><tr><th class="invisible"/></tr></table><p class="totop"><a href="#summary">back to summary</a></p>
<h3 id="m4">org.Tests.FormsPageTest#validateURL</h3><table class="result"><tr><th class="invisible"/></tr></table><p class="totop"><a href="#summary">back to summary</a></p>
<h2>alerts,frame and windows</h2><h3 id="m5">org.Tests.AlertsFrameWindowsPageTest#validateSectionsSize</h3><table class="result"><tr><th class="invisible"/></tr></table><p class="totop"><a href="#summary">back to summary</a></p>
<h3 id="m6">org.Tests.AlertsFrameWindowsPageTest#validateURL</h3><table class="result"><tr><th class="invisible"/></tr></table><p class="totop"><a href="#summary">back to summary</a></p>
<h2>widgets</h2><h3 id="m7">org.Tests.WidgetsPageTest#validateSectionsSize</h3><table class="result"><tr><th class="invisible"/></tr></table><p class="totop"><a href="#summary">back to summary</a></p>
<h3 id="m8">org.Tests.WidgetsPageTest#validateURL</h3><table class="result"><tr><th class="invisible"/></tr></table><p class="totop"><a href="#summary">back to summary</a></p>
<h2>interactions</h2><h3 id="m9">org.Tests.InteractionsPageTest#validateSectionsSize</h3><table class="result"><tr><th class="invisible"/></tr></table><p class="totop"><a href="#summary">back to summary</a></p>
<h3 id="m10">org.Tests.InteractionsPageTest#validateURL</h3><table class="result"><tr><th class="invisible"/></tr></table><p class="totop"><a href="#summary">back to summary</a></p>
<h2>Book Store Application</h2><h3 id="m11">org.Tests.BookStorePageTest#validateSectionsSize</h3><table class="result"><tr><th class="invisible"/></tr></table><p class="totop"><a href="#summary">back to summary</a></p>
<h3 id="m12">org.Tests.BookStorePageTest#validateURL</h3><table class="result"><tr><th class="invisible"/></tr></table><p class="totop"><a href="#summary">back to summary</a></p>
<h2>Text Box</h2><h3 id="m13">org.Tests.TextBoxPageTest#validateAnswer</h3><table class="result"><tr><th>Exception</th></tr><tr><td><div class="stacktrace">org.openqa.selenium.NoSuchElementException: no such element: Unable to locate element: {&quot;method&quot;:&quot;css selector&quot;,&quot;selector&quot;:&quot;#name&quot;}
  (Session info: chrome=120.0.6099.71)
For documentation on this error, please visit: https://www.selenium.dev/documentation/webdriver/troubleshooting/errors#no-such-element-exception
Build info: version: &apos;4.12.1&apos;, revision: &apos;8e34639b11&apos;
System info: os.name: &apos;Windows 10&apos;, os.arch: &apos;amd64&apos;, os.version: &apos;10.0&apos;, java.version: &apos;11.0.18&apos;
Driver info: org.openqa.selenium.chrome.ChromeDriver
Command: [f29980e87ef200a3abf270e81a1ab3c1, findElement {using=id, value=name}]
Capabilities {acceptInsecureCerts: false, browserName: chrome, browserVersion: 120.0.6099.71, chrome: {chromedriverVersion: 120.0.6099.109 (3419140ab66..., userDataDir: C:\Users\Jorge\AppData\Loca...}, fedcm:accounts: true, goog:chromeOptions: {debuggerAddress: localhost:60453}, networkConnectionEnabled: false, pageLoadStrategy: normal, platformName: windows, proxy: Proxy(), se:cdp: ws://localhost:60453/devtoo..., se:cdpVersion: 120.0.6099.71, setWindowRect: true, strictFileInteractability: false, timeouts: {implicit: 0, pageLoad: 300000, script: 30000}, unhandledPromptBehavior: dismiss and notify, webauthn:extension:credBlob: true, webauthn:extension:largeBlob: true, webauthn:extension:minPinLength: true, webauthn:extension:prf: true, webauthn:virtualAuthenticators: true}
Session ID: f29980e87ef200a3abf270e81a1ab3c1
	at org.openqa.selenium.remote.codec.w3c.W3CHttpResponseCodec.createException(W3CHttpResponseCodec.java:200)
	at org.openqa.selenium.remote.codec.w3c.W3CHttpResponseCodec.decode(W3CHttpResponseCodec.java:133)
	at org.openqa.selenium.remote.codec.w3c.W3CHttpResponseCodec.decode(W3CHttpResponseCodec.java:52)
	at org.openqa.selenium.remote.HttpCommandExecutor.execute(HttpCommandExecutor.java:191)
	at org.openqa.selenium.remote.service.DriverCommandExecutor.invokeExecute(DriverCommandExecutor.java:196)
	at org.openqa.selenium.remote.service.DriverCommandExecutor.execute(DriverCommandExecutor.java:171)
	at org.openqa.selenium.remote.RemoteWebDriver.execute(RemoteWebDriver.java:602)
	at org.openqa.selenium.remote.ElementLocation$ElementFinder$2.findElement(ElementLocation.java:165)
	at org.openqa.selenium.remote.ElementLocation.findElement(ElementLocation.java:66)
	at org.openqa.selenium.remote.RemoteWebDriver.findElement(RemoteWebDriver.java:359)
	at org.openqa.selenium.remote.RemoteWebDriver.findElement(RemoteWebDriver.java:353)
	at org.openqa.selenium.support.pagefactory.DefaultElementLocator.findElement(DefaultElementLocator.java:68)
	at org.openqa.selenium.support.pagefactory.internal.LocatingElementHandler.invoke(LocatingElementHandler.java:38)
	at com.sun.proxy.$Proxy34.getWrappedElement(Unknown Source)
	at org.openqa.selenium.remote.internal.WebElementToJsonConverter.apply(WebElementToJsonConverter.java:51)
	at java.base/java.util.stream.ReferencePipeline$3$1.accept(ReferencePipeline.java:195)
	at java.base/java.util.Spliterators$ArraySpliterator.forEachRemaining(Spliterators.java:948)
	at java.base/java.util.stream.AbstractPipeline.copyInto(AbstractPipeline.java:484)
	at java.base/java.util.stream.AbstractPipeline.wrapAndCopyInto(AbstractPipeline.java:474)
	at java.base/java.util.stream.ReduceOps$ReduceOp.evaluateSequential(ReduceOps.java:913)
	at java.base/java.util.stream.AbstractPipeline.evaluate(AbstractPipeline.java:234)
	at java.base/java.util.stream.ReferencePipeline.collect(ReferencePipeline.java:578)
	at org.openqa.selenium.remote.RemoteWebDriver.executeScript(RemoteWebDriver.java:465)
	at TestComponents.BasePages.scroll(BasePages.java:39)
	at Pages.TextBoxPage.getTextNameAnswer(TextBoxPage.java:63)
	at org.Tests.TextBoxPageTest.validateAnswer(TextBoxPageTest.java:25)
	at java.base/java.util.ArrayList.forEach(ArrayList.java:1541)
... Removed 35 stack frames</div></td></tr></table><p class="totop"><a href="#summary">back to summary</a></p>
<h3 id="m14">org.Tests.TextBoxPageTest#validateAnswer</h3><table class="result"><tr><th>Exception</th></tr><tr><td><div class="stacktrace">org.openqa.selenium.NoSuchElementException: no such element: Unable to locate element: {&quot;method&quot;:&quot;css selector&quot;,&quot;selector&quot;:&quot;#name&quot;}
  (Session info: chrome=120.0.6099.71)
For documentation on this error, please visit: https://www.selenium.dev/documentation/webdriver/troubleshooting/errors#no-such-element-exception
Build info: version: &apos;4.12.1&apos;, revision: &apos;8e34639b11&apos;
System info: os.name: &apos;Windows 10&apos;, os.arch: &apos;amd64&apos;, os.version: &apos;10.0&apos;, java.version: &apos;11.0.18&apos;
Driver info: org.openqa.selenium.chrome.ChromeDriver
Command: [f9d5aaa7b1cfa1a131841ec6b8c9bd11, findElement {using=id, value=name}]
Capabilities {acceptInsecureCerts: false, browserName: chrome, browserVersion: 120.0.6099.71, chrome: {chromedriverVersion: 120.0.6099.109 (3419140ab66..., userDataDir: C:\Users\Jorge\AppData\Loca...}, fedcm:accounts: true, goog:chromeOptions: {debuggerAddress: localhost:60367}, networkConnectionEnabled: false, pageLoadStrategy: normal, platformName: windows, proxy: Proxy(), se:cdp: ws://localhost:60367/devtoo..., se:cdpVersion: 120.0.6099.71, setWindowRect: true, strictFileInteractability: false, timeouts: {implicit: 0, pageLoad: 300000, script: 30000}, unhandledPromptBehavior: dismiss and notify, webauthn:extension:credBlob: true, webauthn:extension:largeBlob: true, webauthn:extension:minPinLength: true, webauthn:extension:prf: true, webauthn:virtualAuthenticators: true}
Session ID: f9d5aaa7b1cfa1a131841ec6b8c9bd11
	at org.openqa.selenium.remote.codec.w3c.W3CHttpResponseCodec.createException(W3CHttpResponseCodec.java:200)
	at org.openqa.selenium.remote.codec.w3c.W3CHttpResponseCodec.decode(W3CHttpResponseCodec.java:133)
	at org.openqa.selenium.remote.codec.w3c.W3CHttpResponseCodec.decode(W3CHttpResponseCodec.java:52)
	at org.openqa.selenium.remote.HttpCommandExecutor.execute(HttpCommandExecutor.java:191)
	at org.openqa.selenium.remote.service.DriverCommandExecutor.invokeExecute(DriverCommandExecutor.java:196)
	at org.openqa.selenium.remote.service.DriverCommandExecutor.execute(DriverCommandExecutor.java:171)
	at org.openqa.selenium.remote.RemoteWebDriver.execute(RemoteWebDriver.java:602)
	at org.openqa.selenium.remote.ElementLocation$ElementFinder$2.findElement(ElementLocation.java:165)
	at org.openqa.selenium.remote.ElementLocation.findElement(ElementLocation.java:66)
	at org.openqa.selenium.remote.RemoteWebDriver.findElement(RemoteWebDriver.java:359)
	at org.openqa.selenium.remote.RemoteWebDriver.findElement(RemoteWebDriver.java:353)
	at org.openqa.selenium.support.pagefactory.DefaultElementLocator.findElement(DefaultElementLocator.java:68)
	at org.openqa.selenium.support.pagefactory.internal.LocatingElementHandler.invoke(LocatingElementHandler.java:38)
	at com.sun.proxy.$Proxy34.getWrappedElement(Unknown Source)
	at org.openqa.selenium.remote.internal.WebElementToJsonConverter.apply(WebElementToJsonConverter.java:51)
	at java.base/java.util.stream.ReferencePipeline$3$1.accept(ReferencePipeline.java:195)
	at java.base/java.util.Spliterators$ArraySpliterator.forEachRemaining(Spliterators.java:948)
	at java.base/java.util.stream.AbstractPipeline.copyInto(AbstractPipeline.java:484)
	at java.base/java.util.stream.AbstractPipeline.wrapAndCopyInto(AbstractPipeline.java:474)
	at java.base/java.util.stream.ReduceOps$ReduceOp.evaluateSequential(ReduceOps.java:913)
	at java.base/java.util.stream.AbstractPipeline.evaluate(AbstractPipeline.java:234)
	at java.base/java.util.stream.ReferencePipeline.collect(ReferencePipeline.java:578)
	at org.openqa.selenium.remote.RemoteWebDriver.executeScript(RemoteWebDriver.java:465)
	at TestComponents.BasePages.scroll(BasePages.java:39)
	at Pages.TextBoxPage.getTextNameAnswer(TextBoxPage.java:63)
	at org.Tests.TextBoxPageTest.validateAnswer(TextBoxPageTest.java:25)
	at java.base/java.util.ArrayList.forEach(ArrayList.java:1541)
... Removed 35 stack frames</div></td></tr></table><p class="totop"><a href="#summary">back to summary</a></p>
<h3 id="m15">org.Tests.TextBoxPageTest#validateAnswer</h3><table class="result"><tr><th>Exception</th></tr><tr><td><div class="stacktrace">org.openqa.selenium.NoSuchElementException: no such element: Unable to locate element: {&quot;method&quot;:&quot;css selector&quot;,&quot;selector&quot;:&quot;#name&quot;}
  (Session info: chrome=120.0.6099.71)
For documentation on this error, please visit: https://www.selenium.dev/documentation/webdriver/troubleshooting/errors#no-such-element-exception
Build info: version: &apos;4.12.1&apos;, revision: &apos;8e34639b11&apos;
System info: os.name: &apos;Windows 10&apos;, os.arch: &apos;amd64&apos;, os.version: &apos;10.0&apos;, java.version: &apos;11.0.18&apos;
Driver info: org.openqa.selenium.chrome.ChromeDriver
Command: [afce733f98edfe0c02a1da5dc9f81771, findElement {using=id, value=name}]
Capabilities {acceptInsecureCerts: false, browserName: chrome, browserVersion: 120.0.6099.71, chrome: {chromedriverVersion: 120.0.6099.109 (3419140ab66..., userDataDir: C:\Users\Jorge\AppData\Loca...}, fedcm:accounts: true, goog:chromeOptions: {debuggerAddress: localhost:60274}, networkConnectionEnabled: false, pageLoadStrategy: normal, platformName: windows, proxy: Proxy(), se:cdp: ws://localhost:60274/devtoo..., se:cdpVersion: 120.0.6099.71, setWindowRect: true, strictFileInteractability: false, timeouts: {implicit: 0, pageLoad: 300000, script: 30000}, unhandledPromptBehavior: dismiss and notify, webauthn:extension:credBlob: true, webauthn:extension:largeBlob: true, webauthn:extension:minPinLength: true, webauthn:extension:prf: true, webauthn:virtualAuthenticators: true}
Session ID: afce733f98edfe0c02a1da5dc9f81771
	at org.openqa.selenium.remote.codec.w3c.W3CHttpResponseCodec.createException(W3CHttpResponseCodec.java:200)
	at org.openqa.selenium.remote.codec.w3c.W3CHttpResponseCodec.decode(W3CHttpResponseCodec.java:133)
	at org.openqa.selenium.remote.codec.w3c.W3CHttpResponseCodec.decode(W3CHttpResponseCodec.java:52)
	at org.openqa.selenium.remote.HttpCommandExecutor.execute(HttpCommandExecutor.java:191)
	at org.openqa.selenium.remote.service.DriverCommandExecutor.invokeExecute(DriverCommandExecutor.java:196)
	at org.openqa.selenium.remote.service.DriverCommandExecutor.execute(DriverCommandExecutor.java:171)
	at org.openqa.selenium.remote.RemoteWebDriver.execute(RemoteWebDriver.java:602)
	at org.openqa.selenium.remote.ElementLocation$ElementFinder$2.findElement(ElementLocation.java:165)
	at org.openqa.selenium.remote.ElementLocation.findElement(ElementLocation.java:66)
	at org.openqa.selenium.remote.RemoteWebDriver.findElement(RemoteWebDriver.java:359)
	at org.openqa.selenium.remote.RemoteWebDriver.findElement(RemoteWebDriver.java:353)
	at org.openqa.selenium.support.pagefactory.DefaultElementLocator.findElement(DefaultElementLocator.java:68)
	at org.openqa.selenium.support.pagefactory.internal.LocatingElementHandler.invoke(LocatingElementHandler.java:38)
	at com.sun.proxy.$Proxy34.getWrappedElement(Unknown Source)
	at org.openqa.selenium.remote.internal.WebElementToJsonConverter.apply(WebElementToJsonConverter.java:51)
	at java.base/java.util.stream.ReferencePipeline$3$1.accept(ReferencePipeline.java:195)
	at java.base/java.util.Spliterators$ArraySpliterator.forEachRemaining(Spliterators.java:948)
	at java.base/java.util.stream.AbstractPipeline.copyInto(AbstractPipeline.java:484)
	at java.base/java.util.stream.AbstractPipeline.wrapAndCopyInto(AbstractPipeline.java:474)
	at java.base/java.util.stream.ReduceOps$ReduceOp.evaluateSequential(ReduceOps.java:913)
	at java.base/java.util.stream.AbstractPipeline.evaluate(AbstractPipeline.java:234)
	at java.base/java.util.stream.ReferencePipeline.collect(ReferencePipeline.java:578)
	at org.openqa.selenium.remote.RemoteWebDriver.executeScript(RemoteWebDriver.java:465)
	at TestComponents.BasePages.scroll(BasePages.java:39)
	at Pages.TextBoxPage.getTextNameAnswer(TextBoxPage.java:63)
	at org.Tests.TextBoxPageTest.validateAnswer(TextBoxPageTest.java:25)
	at java.base/java.util.ArrayList.forEach(ArrayList.java:1541)
... Removed 35 stack frames</div></td></tr></table><p class="totop"><a href="#summary">back to summary</a></p>
<h3 id="m16">org.Tests.TextBoxPageTest#validateAnswer</h3><table class="result"><tr><th>Exception</th></tr><tr><td><div class="stacktrace">org.openqa.selenium.NoSuchElementException: no such element: Unable to locate element: {&quot;method&quot;:&quot;css selector&quot;,&quot;selector&quot;:&quot;#name&quot;}
  (Session info: chrome=120.0.6099.71)
For documentation on this error, please visit: https://www.selenium.dev/documentation/webdriver/troubleshooting/errors#no-such-element-exception
Build info: version: &apos;4.12.1&apos;, revision: &apos;8e34639b11&apos;
System info: os.name: &apos;Windows 10&apos;, os.arch: &apos;amd64&apos;, os.version: &apos;10.0&apos;, java.version: &apos;11.0.18&apos;
Driver info: org.openqa.selenium.chrome.ChromeDriver
Command: [db269c9732ff07cb2838dd7ca51af5df, findElement {using=id, value=name}]
Capabilities {acceptInsecureCerts: false, browserName: chrome, browserVersion: 120.0.6099.71, chrome: {chromedriverVersion: 120.0.6099.109 (3419140ab66..., userDataDir: C:\Users\Jorge\AppData\Loca...}, fedcm:accounts: true, goog:chromeOptions: {debuggerAddress: localhost:60176}, networkConnectionEnabled: false, pageLoadStrategy: normal, platformName: windows, proxy: Proxy(), se:cdp: ws://localhost:60176/devtoo..., se:cdpVersion: 120.0.6099.71, setWindowRect: true, strictFileInteractability: false, timeouts: {implicit: 0, pageLoad: 300000, script: 30000}, unhandledPromptBehavior: dismiss and notify, webauthn:extension:credBlob: true, webauthn:extension:largeBlob: true, webauthn:extension:minPinLength: true, webauthn:extension:prf: true, webauthn:virtualAuthenticators: true}
Session ID: db269c9732ff07cb2838dd7ca51af5df
	at org.openqa.selenium.remote.codec.w3c.W3CHttpResponseCodec.createException(W3CHttpResponseCodec.java:200)
	at org.openqa.selenium.remote.codec.w3c.W3CHttpResponseCodec.decode(W3CHttpResponseCodec.java:133)
	at org.openqa.selenium.remote.codec.w3c.W3CHttpResponseCodec.decode(W3CHttpResponseCodec.java:52)
	at org.openqa.selenium.remote.HttpCommandExecutor.execute(HttpCommandExecutor.java:191)
	at org.openqa.selenium.remote.service.DriverCommandExecutor.invokeExecute(DriverCommandExecutor.java:196)
	at org.openqa.selenium.remote.service.DriverCommandExecutor.execute(DriverCommandExecutor.java:171)
	at org.openqa.selenium.remote.RemoteWebDriver.execute(RemoteWebDriver.java:602)
	at org.openqa.selenium.remote.ElementLocation$ElementFinder$2.findElement(ElementLocation.java:165)
	at org.openqa.selenium.remote.ElementLocation.findElement(ElementLocation.java:66)
	at org.openqa.selenium.remote.RemoteWebDriver.findElement(RemoteWebDriver.java:359)
	at org.openqa.selenium.remote.RemoteWebDriver.findElement(RemoteWebDriver.java:353)
	at org.openqa.selenium.support.pagefactory.DefaultElementLocator.findElement(DefaultElementLocator.java:68)
	at org.openqa.selenium.support.pagefactory.internal.LocatingElementHandler.invoke(LocatingElementHandler.java:38)
	at com.sun.proxy.$Proxy34.getWrappedElement(Unknown Source)
	at org.openqa.selenium.remote.internal.WebElementToJsonConverter.apply(WebElementToJsonConverter.java:51)
	at java.base/java.util.stream.ReferencePipeline$3$1.accept(ReferencePipeline.java:195)
	at java.base/java.util.Spliterators$ArraySpliterator.forEachRemaining(Spliterators.java:948)
	at java.base/java.util.stream.AbstractPipeline.copyInto(AbstractPipeline.java:484)
	at java.base/java.util.stream.AbstractPipeline.wrapAndCopyInto(AbstractPipeline.java:474)
	at java.base/java.util.stream.ReduceOps$ReduceOp.evaluateSequential(ReduceOps.java:913)
	at java.base/java.util.stream.AbstractPipeline.evaluate(AbstractPipeline.java:234)
	at java.base/java.util.stream.ReferencePipeline.collect(ReferencePipeline.java:578)
	at org.openqa.selenium.remote.RemoteWebDriver.executeScript(RemoteWebDriver.java:465)
	at TestComponents.BasePages.scroll(BasePages.java:39)
	at Pages.TextBoxPage.getTextNameAnswer(TextBoxPage.java:63)
	at org.Tests.TextBoxPageTest.validateAnswer(TextBoxPageTest.java:25)
	at java.base/java.util.ArrayList.forEach(ArrayList.java:1541)
... Removed 35 stack frames</div></td></tr></table><p class="totop"><a href="#summary">back to summary</a></p>
<h3 id="m17">org.Tests.TextBoxPageTest#typingFieldsForm</h3><table class="result"><tr><th class="invisible"/></tr></table><p class="totop"><a href="#summary">back to summary</a></p>
<h2>Check Box</h2><h3 id="m18">org.Tests.CheckBoxPageTest#ValidateDesktopIsClicked</h3><table class="result"><tr><th class="invisible"/></tr></table><p class="totop"><a href="#summary">back to summary</a></p>
<h3 id="m19">org.Tests.CheckBoxPageTest#validateDocumentsIsClicked</h3><table class="result"><tr><th class="invisible"/></tr></table><p class="totop"><a href="#summary">back to summary</a></p>
<h3 id="m20">org.Tests.CheckBoxPageTest#validateDownloadsIsClicked</h3><table class="result"><tr><th class="invisible"/></tr></table><p class="totop"><a href="#summary">back to summary</a></p>
<h2>Radio Button</h2><h3 id="m21">org.Tests.RadioButtonPageTest#validateDisabledRadioButton</h3><table class="result"><tr><th class="invisible"/></tr></table><p class="totop"><a href="#summary">back to summary</a></p>
<h3 id="m22">org.Tests.RadioButtonPageTest#validateImpressiveRadioButton</h3><table class="result"><tr><th class="invisible"/></tr></table><p class="totop"><a href="#summary">back to summary</a></p>
<h3 id="m23">org.Tests.RadioButtonPageTest#validateYesRadioButton</h3><table class="result"><tr><th class="invisible"/></tr></table><p class="totop"><a href="#summary">back to summary</a></p>
<h2>Web Tables</h2><h3 id="m24">org.Tests.WebTablesPageTest#validateCorrectNewRow</h3><table class="result"><tr><th>Exception</th></tr><tr><td><div class="stacktrace">java.lang.AssertionError: expected [Aleatorio] but found [Cierra]
	at org.Tests.WebTablesPageTest.validateCorrectNewRow(WebTablesPageTest.java:34)
	at java.base/java.util.ArrayList.forEach(ArrayList.java:1541)
... Removed 37 stack frames</div></td></tr></table><p class="totop"><a href="#summary">back to summary</a></p>
<h3 id="m25">org.Tests.WebTablesPageTest#validateCorrectNewRow</h3><table class="result"><tr><th>Exception</th></tr><tr><td><div class="stacktrace">java.lang.AssertionError: expected [Aleatorio] but found [Cierra]
	at org.Tests.WebTablesPageTest.validateCorrectNewRow(WebTablesPageTest.java:34)
	at java.base/java.util.ArrayList.forEach(ArrayList.java:1541)
... Removed 37 stack frames</div></td></tr></table><p class="totop"><a href="#summary">back to summary</a></p>
<h3 id="m26">org.Tests.WebTablesPageTest#validateCorrectNewRow</h3><table class="result"><tr><th>Exception</th></tr><tr><td><div class="stacktrace">java.lang.AssertionError: expected [Aleatorio] but found [Cierra]
	at org.Tests.WebTablesPageTest.validateCorrectNewRow(WebTablesPageTest.java:34)
	at java.base/java.util.ArrayList.forEach(ArrayList.java:1541)
... Removed 37 stack frames</div></td></tr></table><p class="totop"><a href="#summary">back to summary</a></p>
<h3 id="m27">org.Tests.WebTablesPageTest#validateCorrectNewRow</h3><table class="result"><tr><th>Exception</th></tr><tr><td><div class="stacktrace">java.lang.AssertionError: expected [Aleatorio] but found [Cierra]
	at org.Tests.WebTablesPageTest.validateCorrectNewRow(WebTablesPageTest.java:34)
	at java.base/java.util.ArrayList.forEach(ArrayList.java:1541)
... Removed 37 stack frames</div></td></tr></table><p class="totop"><a href="#summary">back to summary</a></p>
<h3 id="m28">org.Tests.WebTablesPageTest#validateAllRowsEmpty</h3><table class="result"><tr><th class="invisible"/></tr></table><p class="totop"><a href="#summary">back to summary</a></p>
<h2>Buttons</h2><h3 id="m29">org.Tests.ButtonsPageTest#validateClickInABtn</h3><table class="result"><tr><th class="invisible"/></tr></table><p class="totop"><a href="#summary">back to summary</a></p>
<h3 id="m30">org.Tests.ButtonsPageTest#validateDoubleClickInABtn</h3><table class="result"><tr><th class="invisible"/></tr></table><p class="totop"><a href="#summary">back to summary</a></p>
<h3 id="m31">org.Tests.ButtonsPageTest#validateRightClickInABtn</h3><table class="result"><tr><th class="invisible"/></tr></table><p class="totop"><a href="#summary">back to summary</a></p>
<h2>Links</h2><h3 id="m32">org.Tests.LinksPageTest#validateMovedLink</h3><table class="result"><tr><th>Exception</th></tr><tr><td><div class="stacktrace">org.openqa.selenium.ElementClickInterceptedException: element click intercepted: Element &lt;a id=&quot;moved&quot; href=&quot;javascript:void(0)&quot;&gt;...&lt;/a&gt; is not clickable at point (298, 552). Other element would receive the click: &lt;div&gt;...&lt;/div&gt;
  (Session info: chrome=120.0.6099.71)
Build info: version: &apos;4.12.1&apos;, revision: &apos;8e34639b11&apos;
System info: os.name: &apos;Windows 10&apos;, os.arch: &apos;amd64&apos;, os.version: &apos;10.0&apos;, java.version: &apos;11.0.18&apos;
Driver info: org.openqa.selenium.chrome.ChromeDriver
Command: [1bd4abb236df219130b44e3b0aeaa463, clickElement {id=D79584BBDF23C8BD423032120B1CA8F0_element_41}]
Capabilities {acceptInsecureCerts: false, browserName: chrome, browserVersion: 120.0.6099.71, chrome: {chromedriverVersion: 120.0.6099.109 (3419140ab66..., userDataDir: C:\Users\Jorge\AppData\Loca...}, fedcm:accounts: true, goog:chromeOptions: {debuggerAddress: localhost:63298}, networkConnectionEnabled: false, pageLoadStrategy: normal, platformName: windows, proxy: Proxy(), se:cdp: ws://localhost:63298/devtoo..., se:cdpVersion: 120.0.6099.71, setWindowRect: true, strictFileInteractability: false, timeouts: {implicit: 0, pageLoad: 300000, script: 30000}, unhandledPromptBehavior: dismiss and notify, webauthn:extension:credBlob: true, webauthn:extension:largeBlob: true, webauthn:extension:minPinLength: true, webauthn:extension:prf: true, webauthn:virtualAuthenticators: true}
Element: [[ChromeDriver: chrome on windows (1bd4abb236df219130b44e3b0aeaa463)] -&gt; link text: Moved]
Session ID: 1bd4abb236df219130b44e3b0aeaa463
	at org.openqa.selenium.remote.codec.w3c.W3CHttpResponseCodec.createException(W3CHttpResponseCodec.java:200)
	at org.openqa.selenium.remote.codec.w3c.W3CHttpResponseCodec.decode(W3CHttpResponseCodec.java:133)
	at org.openqa.selenium.remote.codec.w3c.W3CHttpResponseCodec.decode(W3CHttpResponseCodec.java:52)
	at org.openqa.selenium.remote.HttpCommandExecutor.execute(HttpCommandExecutor.java:191)
	at org.openqa.selenium.remote.service.DriverCommandExecutor.invokeExecute(DriverCommandExecutor.java:196)
	at org.openqa.selenium.remote.service.DriverCommandExecutor.execute(DriverCommandExecutor.java:171)
	at org.openqa.selenium.remote.RemoteWebDriver.execute(RemoteWebDriver.java:602)
	at org.openqa.selenium.remote.RemoteWebElement.execute(RemoteWebElement.java:224)
	at org.openqa.selenium.remote.RemoteWebElement.click(RemoteWebElement.java:77)
	at org.openqa.selenium.support.pagefactory.internal.LocatingElementHandler.invoke(LocatingElementHandler.java:51)
	at com.sun.proxy.$Proxy34.click(Unknown Source)
	at Pages.LinksPage.clickOnMovedLink(LinksPage.java:52)
	at org.Tests.LinksPageTest.validateMovedLink(LinksPageTest.java:42)
	at java.base/java.util.ArrayList.forEach(ArrayList.java:1541)
... Removed 38 stack frames</div></td></tr></table><p class="totop"><a href="#summary">back to summary</a></p>
<h3 id="m33">org.Tests.LinksPageTest#validateMovedLink</h3><table class="result"><tr><th>Exception</th></tr><tr><td><div class="stacktrace">org.openqa.selenium.ElementClickInterceptedException: element click intercepted: Element &lt;a id=&quot;moved&quot; href=&quot;javascript:void(0)&quot;&gt;...&lt;/a&gt; is not clickable at point (298, 552). Other element would receive the click: &lt;div&gt;...&lt;/div&gt;
  (Session info: chrome=120.0.6099.71)
Build info: version: &apos;4.12.1&apos;, revision: &apos;8e34639b11&apos;
System info: os.name: &apos;Windows 10&apos;, os.arch: &apos;amd64&apos;, os.version: &apos;10.0&apos;, java.version: &apos;11.0.18&apos;
Driver info: org.openqa.selenium.chrome.ChromeDriver
Command: [675f53cc9daafb635a073047228b5752, clickElement {id=665873FB3B06B89899614EF306122E3B_element_44}]
Capabilities {acceptInsecureCerts: false, browserName: chrome, browserVersion: 120.0.6099.71, chrome: {chromedriverVersion: 120.0.6099.109 (3419140ab66..., userDataDir: C:\Users\Jorge\AppData\Loca...}, fedcm:accounts: true, goog:chromeOptions: {debuggerAddress: localhost:62929}, networkConnectionEnabled: false, pageLoadStrategy: normal, platformName: windows, proxy: Proxy(), se:cdp: ws://localhost:62929/devtoo..., se:cdpVersion: 120.0.6099.71, setWindowRect: true, strictFileInteractability: false, timeouts: {implicit: 0, pageLoad: 300000, script: 30000}, unhandledPromptBehavior: dismiss and notify, webauthn:extension:credBlob: true, webauthn:extension:largeBlob: true, webauthn:extension:minPinLength: true, webauthn:extension:prf: true, webauthn:virtualAuthenticators: true}
Element: [[ChromeDriver: chrome on windows (675f53cc9daafb635a073047228b5752)] -&gt; link text: Moved]
Session ID: 675f53cc9daafb635a073047228b5752
	at org.openqa.selenium.remote.codec.w3c.W3CHttpResponseCodec.createException(W3CHttpResponseCodec.java:200)
	at org.openqa.selenium.remote.codec.w3c.W3CHttpResponseCodec.decode(W3CHttpResponseCodec.java:133)
	at org.openqa.selenium.remote.codec.w3c.W3CHttpResponseCodec.decode(W3CHttpResponseCodec.java:52)
	at org.openqa.selenium.remote.HttpCommandExecutor.execute(HttpCommandExecutor.java:191)
	at org.openqa.selenium.remote.service.DriverCommandExecutor.invokeExecute(DriverCommandExecutor.java:196)
	at org.openqa.selenium.remote.service.DriverCommandExecutor.execute(DriverCommandExecutor.java:171)
	at org.openqa.selenium.remote.RemoteWebDriver.execute(RemoteWebDriver.java:602)
	at org.openqa.selenium.remote.RemoteWebElement.execute(RemoteWebElement.java:224)
	at org.openqa.selenium.remote.RemoteWebElement.click(RemoteWebElement.java:77)
	at org.openqa.selenium.support.pagefactory.internal.LocatingElementHandler.invoke(LocatingElementHandler.java:51)
	at com.sun.proxy.$Proxy34.click(Unknown Source)
	at Pages.LinksPage.clickOnMovedLink(LinksPage.java:52)
	at org.Tests.LinksPageTest.validateMovedLink(LinksPageTest.java:42)
	at java.base/java.util.ArrayList.forEach(ArrayList.java:1541)
... Removed 38 stack frames</div></td></tr></table><p class="totop"><a href="#summary">back to summary</a></p>
<h3 id="m34">org.Tests.LinksPageTest#validateMovedLink</h3><table class="result"><tr><th>Exception</th></tr><tr><td><div class="stacktrace">org.openqa.selenium.ElementClickInterceptedException: element click intercepted: Element &lt;a id=&quot;moved&quot; href=&quot;javascript:void(0)&quot;&gt;...&lt;/a&gt; is not clickable at point (298, 552). Other element would receive the click: &lt;div&gt;...&lt;/div&gt;
  (Session info: chrome=120.0.6099.71)
Build info: version: &apos;4.12.1&apos;, revision: &apos;8e34639b11&apos;
System info: os.name: &apos;Windows 10&apos;, os.arch: &apos;amd64&apos;, os.version: &apos;10.0&apos;, java.version: &apos;11.0.18&apos;
Driver info: org.openqa.selenium.chrome.ChromeDriver
Command: [5964e50259cb131218b64403f194f0c1, clickElement {id=0A0B526821F5920E08ED6B967302C229_element_39}]
Capabilities {acceptInsecureCerts: false, browserName: chrome, browserVersion: 120.0.6099.71, chrome: {chromedriverVersion: 120.0.6099.109 (3419140ab66..., userDataDir: C:\Users\Jorge\AppData\Loca...}, fedcm:accounts: true, goog:chromeOptions: {debuggerAddress: localhost:63062}, networkConnectionEnabled: false, pageLoadStrategy: normal, platformName: windows, proxy: Proxy(), se:cdp: ws://localhost:63062/devtoo..., se:cdpVersion: 120.0.6099.71, setWindowRect: true, strictFileInteractability: false, timeouts: {implicit: 0, pageLoad: 300000, script: 30000}, unhandledPromptBehavior: dismiss and notify, webauthn:extension:credBlob: true, webauthn:extension:largeBlob: true, webauthn:extension:minPinLength: true, webauthn:extension:prf: true, webauthn:virtualAuthenticators: true}
Element: [[ChromeDriver: chrome on windows (5964e50259cb131218b64403f194f0c1)] -&gt; link text: Moved]
Session ID: 5964e50259cb131218b64403f194f0c1
	at org.openqa.selenium.remote.codec.w3c.W3CHttpResponseCodec.createException(W3CHttpResponseCodec.java:200)
	at org.openqa.selenium.remote.codec.w3c.W3CHttpResponseCodec.decode(W3CHttpResponseCodec.java:133)
	at org.openqa.selenium.remote.codec.w3c.W3CHttpResponseCodec.decode(W3CHttpResponseCodec.java:52)
	at org.openqa.selenium.remote.HttpCommandExecutor.execute(HttpCommandExecutor.java:191)
	at org.openqa.selenium.remote.service.DriverCommandExecutor.invokeExecute(DriverCommandExecutor.java:196)
	at org.openqa.selenium.remote.service.DriverCommandExecutor.execute(DriverCommandExecutor.java:171)
	at org.openqa.selenium.remote.RemoteWebDriver.execute(RemoteWebDriver.java:602)
	at org.openqa.selenium.remote.RemoteWebElement.execute(RemoteWebElement.java:224)
	at org.openqa.selenium.remote.RemoteWebElement.click(RemoteWebElement.java:77)
	at org.openqa.selenium.support.pagefactory.internal.LocatingElementHandler.invoke(LocatingElementHandler.java:51)
	at com.sun.proxy.$Proxy34.click(Unknown Source)
	at Pages.LinksPage.clickOnMovedLink(LinksPage.java:52)
	at org.Tests.LinksPageTest.validateMovedLink(LinksPageTest.java:42)
	at java.base/java.util.ArrayList.forEach(ArrayList.java:1541)
... Removed 38 stack frames</div></td></tr></table><p class="totop"><a href="#summary">back to summary</a></p>
<h3 id="m35">org.Tests.LinksPageTest#validateMovedLink</h3><table class="result"><tr><th>Exception</th></tr><tr><td><div class="stacktrace">org.openqa.selenium.ElementClickInterceptedException: element click intercepted: Element &lt;a id=&quot;moved&quot; href=&quot;javascript:void(0)&quot;&gt;...&lt;/a&gt; is not clickable at point (298, 552). Other element would receive the click: &lt;div&gt;...&lt;/div&gt;
  (Session info: chrome=120.0.6099.71)
Build info: version: &apos;4.12.1&apos;, revision: &apos;8e34639b11&apos;
System info: os.name: &apos;Windows 10&apos;, os.arch: &apos;amd64&apos;, os.version: &apos;10.0&apos;, java.version: &apos;11.0.18&apos;
Driver info: org.openqa.selenium.chrome.ChromeDriver
Command: [29d71aa8fcf39429ee0896cc87539d49, clickElement {id=C3FBE1A70CC7AABE43F7AB5AD59EE709_element_41}]
Capabilities {acceptInsecureCerts: false, browserName: chrome, browserVersion: 120.0.6099.71, chrome: {chromedriverVersion: 120.0.6099.109 (3419140ab66..., userDataDir: C:\Users\Jorge\AppData\Loca...}, fedcm:accounts: true, goog:chromeOptions: {debuggerAddress: localhost:63188}, networkConnectionEnabled: false, pageLoadStrategy: normal, platformName: windows, proxy: Proxy(), se:cdp: ws://localhost:63188/devtoo..., se:cdpVersion: 120.0.6099.71, setWindowRect: true, strictFileInteractability: false, timeouts: {implicit: 0, pageLoad: 300000, script: 30000}, unhandledPromptBehavior: dismiss and notify, webauthn:extension:credBlob: true, webauthn:extension:largeBlob: true, webauthn:extension:minPinLength: true, webauthn:extension:prf: true, webauthn:virtualAuthenticators: true}
Element: [[ChromeDriver: chrome on windows (29d71aa8fcf39429ee0896cc87539d49)] -&gt; link text: Moved]
Session ID: 29d71aa8fcf39429ee0896cc87539d49
	at org.openqa.selenium.remote.codec.w3c.W3CHttpResponseCodec.createException(W3CHttpResponseCodec.java:200)
	at org.openqa.selenium.remote.codec.w3c.W3CHttpResponseCodec.decode(W3CHttpResponseCodec.java:133)
	at org.openqa.selenium.remote.codec.w3c.W3CHttpResponseCodec.decode(W3CHttpResponseCodec.java:52)
	at org.openqa.selenium.remote.HttpCommandExecutor.execute(HttpCommandExecutor.java:191)
	at org.openqa.selenium.remote.service.DriverCommandExecutor.invokeExecute(DriverCommandExecutor.java:196)
	at org.openqa.selenium.remote.service.DriverCommandExecutor.execute(DriverCommandExecutor.java:171)
	at org.openqa.selenium.remote.RemoteWebDriver.execute(RemoteWebDriver.java:602)
	at org.openqa.selenium.remote.RemoteWebElement.execute(RemoteWebElement.java:224)
	at org.openqa.selenium.remote.RemoteWebElement.click(RemoteWebElement.java:77)
	at org.openqa.selenium.support.pagefactory.internal.LocatingElementHandler.invoke(LocatingElementHandler.java:51)
	at com.sun.proxy.$Proxy34.click(Unknown Source)
	at Pages.LinksPage.clickOnMovedLink(LinksPage.java:52)
	at org.Tests.LinksPageTest.validateMovedLink(LinksPageTest.java:42)
	at java.base/java.util.ArrayList.forEach(ArrayList.java:1541)
... Removed 38 stack frames</div></td></tr></table><p class="totop"><a href="#summary">back to summary</a></p>
<h3 id="m36">org.Tests.LinksPageTest#validateBadRequestLink</h3><table class="result"><tr><th class="invisible"/></tr></table><p class="totop"><a href="#summary">back to summary</a></p>
<h3 id="m37">org.Tests.LinksPageTest#validateCreatedLink</h3><table class="result"><tr><th class="invisible"/></tr></table><p class="totop"><a href="#summary">back to summary</a></p>
<h3 id="m38">org.Tests.LinksPageTest#validateForbiddenLink</h3><table class="result"><tr><th class="invisible"/></tr></table><p class="totop"><a href="#summary">back to summary</a></p>
<h3 id="m39">org.Tests.LinksPageTest#validateHomeETgEzLink</h3><table class="result"><tr><th class="invisible"/></tr></table><p class="totop"><a href="#summary">back to summary</a></p>
<h3 id="m40">org.Tests.LinksPageTest#validateHomeLink</h3><table class="result"><tr><th class="invisible"/></tr></table><p class="totop"><a href="#summary">back to summary</a></p>
<h3 id="m41">org.Tests.LinksPageTest#validateNoContentLink</h3><table class="result"><tr><th class="invisible"/></tr></table><p class="totop"><a href="#summary">back to summary</a></p>
<h3 id="m42">org.Tests.LinksPageTest#validateNotFoundLink</h3><table class="result"><tr><th class="invisible"/></tr></table><p class="totop"><a href="#summary">back to summary</a></p>
<h3 id="m43">org.Tests.LinksPageTest#validateUnauthorizedLink</h3><table class="result"><tr><th class="invisible"/></tr></table><p class="totop"><a href="#summary">back to summary</a></p>
<h2>Broken Links - Images</h2><h3 id="m44">org.Tests.BrokenLinksTest#validateBrokeImage</h3><table class="result"><tr><th class="invisible"/></tr></table><p class="totop"><a href="#summary">back to summary</a></p>
<h3 id="m45">org.Tests.BrokenLinksTest#validateBrokenLink</h3><table class="result"><tr><th class="invisible"/></tr></table><p class="totop"><a href="#summary">back to summary</a></p>
<h3 id="m46">org.Tests.BrokenLinksTest#validateImage</h3><table class="result"><tr><th class="invisible"/></tr></table><p class="totop"><a href="#summary">back to summary</a></p>
<h3 id="m47">org.Tests.BrokenLinksTest#validateLink</h3><table class="result"><tr><th class="invisible"/></tr></table><p class="totop"><a href="#summary">back to summary</a></p>
<h2>Upload and Download</h2><h3 id="m48">org.Tests.UploadDownloadTest#validateArchiveDownloaded</h3><table class="result"><tr><th class="invisible"/></tr></table><p class="totop"><a href="#summary">back to summary</a></p>
<h2>Dynamic Properties</h2><h3 id="m49">org.Tests.DynamicPropertiesTest#validateSecondButtonTextColorChange</h3><table class="result"><tr><th>Exception</th></tr><tr><td><div class="stacktrace">java.lang.AssertionError: expected [rgba(220, 53, 69, 1)] but found [rgba(255, 255, 255, 1)]
	at org.Tests.DynamicPropertiesTest.validateSecondButtonTextColorChange(DynamicPropertiesTest.java:21)
	at java.base/java.util.ArrayList.forEach(ArrayList.java:1541)
... Removed 37 stack frames</div></td></tr></table><p class="totop"><a href="#summary">back to summary</a></p>
<h3 id="m50">org.Tests.DynamicPropertiesTest#validateSecondButtonTextColorChange</h3><table class="result"><tr><th>Exception</th></tr><tr><td><div class="stacktrace">java.lang.AssertionError: expected [rgba(220, 53, 69, 1)] but found [rgba(255, 255, 255, 1)]
	at org.Tests.DynamicPropertiesTest.validateSecondButtonTextColorChange(DynamicPropertiesTest.java:21)
	at java.base/java.util.ArrayList.forEach(ArrayList.java:1541)
... Removed 37 stack frames</div></td></tr></table><p class="totop"><a href="#summary">back to summary</a></p>
<h3 id="m51">org.Tests.DynamicPropertiesTest#validateSecondButtonTextColorChange</h3><table class="result"><tr><th>Exception</th></tr><tr><td><div class="stacktrace">java.lang.AssertionError: expected [rgba(220, 53, 69, 1)] but found [rgba(255, 255, 255, 1)]
	at org.Tests.DynamicPropertiesTest.validateSecondButtonTextColorChange(DynamicPropertiesTest.java:21)
	at java.base/java.util.ArrayList.forEach(ArrayList.java:1541)
... Removed 37 stack frames</div></td></tr></table><p class="totop"><a href="#summary">back to summary</a></p>
<h3 id="m52">org.Tests.DynamicPropertiesTest#validateSecondButtonTextColorChange</h3><table class="result"><tr><th>Exception</th></tr><tr><td><div class="stacktrace">java.lang.AssertionError: expected [rgba(220, 53, 69, 1)] but found [rgba(255, 255, 255, 1)]
	at org.Tests.DynamicPropertiesTest.validateSecondButtonTextColorChange(DynamicPropertiesTest.java:21)
	at java.base/java.util.ArrayList.forEach(ArrayList.java:1541)
... Removed 37 stack frames</div></td></tr></table><p class="totop"><a href="#summary">back to summary</a></p>
<h3 id="m53">org.Tests.DynamicPropertiesTest#validateFirstButtonIsEnable</h3><table class="result"><tr><th class="invisible"/></tr></table><p class="totop"><a href="#summary">back to summary</a></p>
<h3 id="m54">org.Tests.DynamicPropertiesTest#validateThirdButtonIsVisible</h3><table class="result"><tr><th class="invisible"/></tr></table><p class="totop"><a href="#summary">back to summary</a></p>
<h2>Alerts</h2><h3 id="m55">org.Tests.AlertsTest#initializeClass</h3><table class="result"><tr><th>Exception</th></tr><tr><td><div class="stacktrace">org.openqa.selenium.ElementClickInterceptedException: element click intercepted: Element &lt;li class=&quot;btn btn-light &quot; id=&quot;item-1&quot;&gt;...&lt;/li&gt; is not clickable at point (133, 510). Other element would receive the click: &lt;footer&gt;...&lt;/footer&gt;
  (Session info: chrome=120.0.6099.71)
Build info: version: &apos;4.12.1&apos;, revision: &apos;8e34639b11&apos;
System info: os.name: &apos;Windows 10&apos;, os.arch: &apos;amd64&apos;, os.version: &apos;10.0&apos;, java.version: &apos;11.0.18&apos;
Driver info: org.openqa.selenium.chrome.ChromeDriver
Command: [335f397e31594db104fe51ae654c7a98, clickElement {id=F2BE4C0B6E25958BA8E9ACCB113C8A7D_element_27}]
Capabilities {acceptInsecureCerts: false, browserName: chrome, browserVersion: 120.0.6099.71, chrome: {chromedriverVersion: 120.0.6099.109 (3419140ab66..., userDataDir: C:\Users\Jorge\AppData\Loca...}, fedcm:accounts: true, goog:chromeOptions: {debuggerAddress: localhost:65103}, networkConnectionEnabled: false, pageLoadStrategy: normal, platformName: windows, proxy: Proxy(), se:cdp: ws://localhost:65103/devtoo..., se:cdpVersion: 120.0.6099.71, setWindowRect: true, strictFileInteractability: false, timeouts: {implicit: 0, pageLoad: 300000, script: 30000}, unhandledPromptBehavior: dismiss and notify, webauthn:extension:credBlob: true, webauthn:extension:largeBlob: true, webauthn:extension:minPinLength: true, webauthn:extension:prf: true, webauthn:virtualAuthenticators: true}
Element: [[ChromeDriver: chrome on windows (335f397e31594db104fe51ae654c7a98)] -&gt; css selector: .collapse.show &gt; .menu-list &gt; *]
Session ID: 335f397e31594db104fe51ae654c7a98
	at org.openqa.selenium.remote.codec.w3c.W3CHttpResponseCodec.createException(W3CHttpResponseCodec.java:200)
	at org.openqa.selenium.remote.codec.w3c.W3CHttpResponseCodec.decode(W3CHttpResponseCodec.java:133)
	at org.openqa.selenium.remote.codec.w3c.W3CHttpResponseCodec.decode(W3CHttpResponseCodec.java:52)
	at org.openqa.selenium.remote.HttpCommandExecutor.execute(HttpCommandExecutor.java:191)
	at org.openqa.selenium.remote.service.DriverCommandExecutor.invokeExecute(DriverCommandExecutor.java:196)
	at org.openqa.selenium.remote.service.DriverCommandExecutor.execute(DriverCommandExecutor.java:171)
	at org.openqa.selenium.remote.RemoteWebDriver.execute(RemoteWebDriver.java:602)
	at org.openqa.selenium.remote.RemoteWebElement.execute(RemoteWebElement.java:224)
	at org.openqa.selenium.remote.RemoteWebElement.click(RemoteWebElement.java:77)
	at Pages.AlertsFrameWindowsPage.clickOnAlerts(AlertsFrameWindowsPage.java:36)
	at org.Tests.AlertsTest.initializeClass(AlertsTest.java:11)
	at java.base/java.util.ArrayList.forEach(ArrayList.java:1541)
... Removed 39 stack frames</div></td></tr></table><p class="totop"><a href="#summary">back to summary</a></p>
<h3 id="m56">org.Tests.AlertsTest#close</h3><table class="result"><tr><th class="invisible"/></tr></table><p class="totop"><a href="#summary">back to summary</a></p>
<h3 id="m57">org.Tests.AlertsTest#close</h3><table class="result"><tr><th class="invisible"/></tr></table><p class="totop"><a href="#summary">back to summary</a></p>
<h3 id="m58">org.Tests.AlertsTest#close</h3><table class="result"><tr><th class="invisible"/></tr></table><p class="totop"><a href="#summary">back to summary</a></p>
<h3 id="m59">org.Tests.AlertsTest#homePage</h3><table class="result"><tr><th class="invisible"/></tr></table><p class="totop"><a href="#summary">back to summary</a></p>
<h3 id="m60">org.Tests.AlertsTest#homePage</h3><table class="result"><tr><th class="invisible"/></tr></table><p class="totop"><a href="#summary">back to summary</a></p>
<h3 id="m61">org.Tests.AlertsTest#initializeClass</h3><table class="result"><tr><th class="invisible"/></tr></table><p class="totop"><a href="#summary">back to summary</a></p>
<h3 id="m62">org.Tests.AlertsTest#initializeClass</h3><table class="result"><tr><th class="invisible"/></tr></table><p class="totop"><a href="#summary">back to summary</a></p>
<h3 id="m63">org.Tests.AlertsTest#validateAlertAppear</h3><table class="result"><tr><th>Exception</th></tr><tr><td><div class="stacktrace">org.openqa.selenium.ElementClickInterceptedException: element click intercepted: Element &lt;li class=&quot;btn btn-light &quot; id=&quot;item-1&quot;&gt;...&lt;/li&gt; is not clickable at point (133, 510). Other element would receive the click: &lt;footer&gt;...&lt;/footer&gt;
  (Session info: chrome=120.0.6099.71)
Build info: version: &apos;4.12.1&apos;, revision: &apos;8e34639b11&apos;
System info: os.name: &apos;Windows 10&apos;, os.arch: &apos;amd64&apos;, os.version: &apos;10.0&apos;, java.version: &apos;11.0.18&apos;
Driver info: org.openqa.selenium.chrome.ChromeDriver
Command: [335f397e31594db104fe51ae654c7a98, clickElement {id=F2BE4C0B6E25958BA8E9ACCB113C8A7D_element_27}]
Capabilities {acceptInsecureCerts: false, browserName: chrome, browserVersion: 120.0.6099.71, chrome: {chromedriverVersion: 120.0.6099.109 (3419140ab66..., userDataDir: C:\Users\Jorge\AppData\Loca...}, fedcm:accounts: true, goog:chromeOptions: {debuggerAddress: localhost:65103}, networkConnectionEnabled: false, pageLoadStrategy: normal, platformName: windows, proxy: Proxy(), se:cdp: ws://localhost:65103/devtoo..., se:cdpVersion: 120.0.6099.71, setWindowRect: true, strictFileInteractability: false, timeouts: {implicit: 0, pageLoad: 300000, script: 30000}, unhandledPromptBehavior: dismiss and notify, webauthn:extension:credBlob: true, webauthn:extension:largeBlob: true, webauthn:extension:minPinLength: true, webauthn:extension:prf: true, webauthn:virtualAuthenticators: true}
Element: [[ChromeDriver: chrome on windows (335f397e31594db104fe51ae654c7a98)] -&gt; css selector: .collapse.show &gt; .menu-list &gt; *]
Session ID: 335f397e31594db104fe51ae654c7a98
	at org.openqa.selenium.remote.codec.w3c.W3CHttpResponseCodec.createException(W3CHttpResponseCodec.java:200)
	at org.openqa.selenium.remote.codec.w3c.W3CHttpResponseCodec.decode(W3CHttpResponseCodec.java:133)
	at org.openqa.selenium.remote.codec.w3c.W3CHttpResponseCodec.decode(W3CHttpResponseCodec.java:52)
	at org.openqa.selenium.remote.HttpCommandExecutor.execute(HttpCommandExecutor.java:191)
	at org.openqa.selenium.remote.service.DriverCommandExecutor.invokeExecute(DriverCommandExecutor.java:196)
	at org.openqa.selenium.remote.service.DriverCommandExecutor.execute(DriverCommandExecutor.java:171)
	at org.openqa.selenium.remote.RemoteWebDriver.execute(RemoteWebDriver.java:602)
	at org.openqa.selenium.remote.RemoteWebElement.execute(RemoteWebElement.java:224)
	at org.openqa.selenium.remote.RemoteWebElement.click(RemoteWebElement.java:77)
	at Pages.AlertsFrameWindowsPage.clickOnAlerts(AlertsFrameWindowsPage.java:36)
	at org.Tests.AlertsTest.initializeClass(AlertsTest.java:11)
	at java.base/java.util.ArrayList.forEach(ArrayList.java:1541)
... Removed 39 stack frames</div></td></tr></table><p class="totop"><a href="#summary">back to summary</a></p>
<h3 id="m64">org.Tests.AlertsTest#validateDismissAlert</h3><table class="result"><tr><th>Exception</th></tr><tr><td><div class="stacktrace">org.openqa.selenium.ElementClickInterceptedException: element click intercepted: Element &lt;li class=&quot;btn btn-light &quot; id=&quot;item-1&quot;&gt;...&lt;/li&gt; is not clickable at point (133, 510). Other element would receive the click: &lt;footer&gt;...&lt;/footer&gt;
  (Session info: chrome=120.0.6099.71)
Build info: version: &apos;4.12.1&apos;, revision: &apos;8e34639b11&apos;
System info: os.name: &apos;Windows 10&apos;, os.arch: &apos;amd64&apos;, os.version: &apos;10.0&apos;, java.version: &apos;11.0.18&apos;
Driver info: org.openqa.selenium.chrome.ChromeDriver
Command: [335f397e31594db104fe51ae654c7a98, clickElement {id=F2BE4C0B6E25958BA8E9ACCB113C8A7D_element_27}]
Capabilities {acceptInsecureCerts: false, browserName: chrome, browserVersion: 120.0.6099.71, chrome: {chromedriverVersion: 120.0.6099.109 (3419140ab66..., userDataDir: C:\Users\Jorge\AppData\Loca...}, fedcm:accounts: true, goog:chromeOptions: {debuggerAddress: localhost:65103}, networkConnectionEnabled: false, pageLoadStrategy: normal, platformName: windows, proxy: Proxy(), se:cdp: ws://localhost:65103/devtoo..., se:cdpVersion: 120.0.6099.71, setWindowRect: true, strictFileInteractability: false, timeouts: {implicit: 0, pageLoad: 300000, script: 30000}, unhandledPromptBehavior: dismiss and notify, webauthn:extension:credBlob: true, webauthn:extension:largeBlob: true, webauthn:extension:minPinLength: true, webauthn:extension:prf: true, webauthn:virtualAuthenticators: true}
Element: [[ChromeDriver: chrome on windows (335f397e31594db104fe51ae654c7a98)] -&gt; css selector: .collapse.show &gt; .menu-list &gt; *]
Session ID: 335f397e31594db104fe51ae654c7a98
	at org.openqa.selenium.remote.codec.w3c.W3CHttpResponseCodec.createException(W3CHttpResponseCodec.java:200)
	at org.openqa.selenium.remote.codec.w3c.W3CHttpResponseCodec.decode(W3CHttpResponseCodec.java:133)
	at org.openqa.selenium.remote.codec.w3c.W3CHttpResponseCodec.decode(W3CHttpResponseCodec.java:52)
	at org.openqa.selenium.remote.HttpCommandExecutor.execute(HttpCommandExecutor.java:191)
	at org.openqa.selenium.remote.service.DriverCommandExecutor.invokeExecute(DriverCommandExecutor.java:196)
	at org.openqa.selenium.remote.service.DriverCommandExecutor.execute(DriverCommandExecutor.java:171)
	at org.openqa.selenium.remote.RemoteWebDriver.execute(RemoteWebDriver.java:602)
	at org.openqa.selenium.remote.RemoteWebElement.execute(RemoteWebElement.java:224)
	at org.openqa.selenium.remote.RemoteWebElement.click(RemoteWebElement.java:77)
	at Pages.AlertsFrameWindowsPage.clickOnAlerts(AlertsFrameWindowsPage.java:36)
	at org.Tests.AlertsTest.initializeClass(AlertsTest.java:11)
	at java.base/java.util.ArrayList.forEach(ArrayList.java:1541)
... Removed 39 stack frames</div></td></tr></table><p class="totop"><a href="#summary">back to summary</a></p>
<h3 id="m65">org.Tests.AlertsTest#validateInputAlert</h3><table class="result"><tr><th>Exception</th></tr><tr><td><div class="stacktrace">org.openqa.selenium.ElementClickInterceptedException: element click intercepted: Element &lt;li class=&quot;btn btn-light &quot; id=&quot;item-1&quot;&gt;...&lt;/li&gt; is not clickable at point (133, 510). Other element would receive the click: &lt;footer&gt;...&lt;/footer&gt;
  (Session info: chrome=120.0.6099.71)
Build info: version: &apos;4.12.1&apos;, revision: &apos;8e34639b11&apos;
System info: os.name: &apos;Windows 10&apos;, os.arch: &apos;amd64&apos;, os.version: &apos;10.0&apos;, java.version: &apos;11.0.18&apos;
Driver info: org.openqa.selenium.chrome.ChromeDriver
Command: [335f397e31594db104fe51ae654c7a98, clickElement {id=F2BE4C0B6E25958BA8E9ACCB113C8A7D_element_27}]
Capabilities {acceptInsecureCerts: false, browserName: chrome, browserVersion: 120.0.6099.71, chrome: {chromedriverVersion: 120.0.6099.109 (3419140ab66..., userDataDir: C:\Users\Jorge\AppData\Loca...}, fedcm:accounts: true, goog:chromeOptions: {debuggerAddress: localhost:65103}, networkConnectionEnabled: false, pageLoadStrategy: normal, platformName: windows, proxy: Proxy(), se:cdp: ws://localhost:65103/devtoo..., se:cdpVersion: 120.0.6099.71, setWindowRect: true, strictFileInteractability: false, timeouts: {implicit: 0, pageLoad: 300000, script: 30000}, unhandledPromptBehavior: dismiss and notify, webauthn:extension:credBlob: true, webauthn:extension:largeBlob: true, webauthn:extension:minPinLength: true, webauthn:extension:prf: true, webauthn:virtualAuthenticators: true}
Element: [[ChromeDriver: chrome on windows (335f397e31594db104fe51ae654c7a98)] -&gt; css selector: .collapse.show &gt; .menu-list &gt; *]
Session ID: 335f397e31594db104fe51ae654c7a98
	at org.openqa.selenium.remote.codec.w3c.W3CHttpResponseCodec.createException(W3CHttpResponseCodec.java:200)
	at org.openqa.selenium.remote.codec.w3c.W3CHttpResponseCodec.decode(W3CHttpResponseCodec.java:133)
	at org.openqa.selenium.remote.codec.w3c.W3CHttpResponseCodec.decode(W3CHttpResponseCodec.java:52)
	at org.openqa.selenium.remote.HttpCommandExecutor.execute(HttpCommandExecutor.java:191)
	at org.openqa.selenium.remote.service.DriverCommandExecutor.invokeExecute(DriverCommandExecutor.java:196)
	at org.openqa.selenium.remote.service.DriverCommandExecutor.execute(DriverCommandExecutor.java:171)
	at org.openqa.selenium.remote.RemoteWebDriver.execute(RemoteWebDriver.java:602)
	at org.openqa.selenium.remote.RemoteWebElement.execute(RemoteWebElement.java:224)
	at org.openqa.selenium.remote.RemoteWebElement.click(RemoteWebElement.java:77)
	at Pages.AlertsFrameWindowsPage.clickOnAlerts(AlertsFrameWindowsPage.java:36)
	at org.Tests.AlertsTest.initializeClass(AlertsTest.java:11)
	at java.base/java.util.ArrayList.forEach(ArrayList.java:1541)
... Removed 39 stack frames</div></td></tr></table><p class="totop"><a href="#summary">back to summary</a></p>
<h3 id="m66">org.Tests.AlertsTest#validateAlert</h3><table class="result"><tr><th class="invisible"/></tr></table><p class="totop"><a href="#summary">back to summary</a></p>
<h2>Frames</h2><h3 id="m67">org.Tests.FramesPageTest#validateChangeToBigFrame</h3><table class="result"><tr><th class="invisible"/></tr></table><p class="totop"><a href="#summary">back to summary</a></p>
<h3 id="m68">org.Tests.FramesPageTest#validateChangeToShortFrame</h3><table class="result"><tr><th class="invisible"/></tr></table><p class="totop"><a href="#summary">back to summary</a></p>
<h2>Nested Frames</h2><h3 id="m69">org.Tests.NestedFramesTest#validateSwitchToChildFrame</h3><table class="result"><tr><th class="invisible"/></tr></table><p class="totop"><a href="#summary">back to summary</a></p>
<h3 id="m70">org.Tests.NestedFramesTest#validateSwitchToParentFrame</h3><table class="result"><tr><th class="invisible"/></tr></table><p class="totop"><a href="#summary">back to summary</a></p>
</body>
</html>
