<?xml version="1.0" encoding="UTF-8"?>
<testng-results retried="12" ignored="12" total="75" passed="44" failed="4" skipped="3">
  <reporter-output>
  </reporter-output>
  <suite started-at="2023-12-29T22:31:35 COT" name="Suite1" finished-at="2023-12-29T23:02:59 COT" duration-ms="1884330">
    <groups>
    </groups>
    <test started-at="2023-12-29T22:31:35 COT" name="home" finished-at="2023-12-29T22:32:02 COT" duration-ms="26996">
      <class name="org.Tests.BaseHomeTest">
        <test-method is-config="true" signature="homePage()[pri:0, instance:org.Tests.BaseHomeTest@39de3d36]" started-at="2023-12-29T22:31:35 COT" name="homePage" finished-at="2023-12-29T22:32:00 COT" duration-ms="25601" status="PASS">
          <reporter-output>
          </reporter-output>
        </test-method> <!-- homePage -->
        <test-method signature="validateURL()[pri:0, instance:org.Tests.BaseHomeTest@39de3d36]" started-at="2023-12-29T22:32:00 COT" name="validateURL" finished-at="2023-12-29T22:32:00 COT" duration-ms="68" status="PASS">
          <reporter-output>
          </reporter-output>
        </test-method> <!-- validateURL -->
        <test-method is-config="true" signature="close()[pri:0, instance:org.Tests.BaseHomeTest@39de3d36]" started-at="2023-12-29T22:32:00 COT" name="close" finished-at="2023-12-29T22:32:02 COT" duration-ms="1100" status="PASS">
          <reporter-output>
          </reporter-output>
        </test-method> <!-- close -->
      </class> <!-- org.Tests.BaseHomeTest -->
    </test> <!-- home -->
    <test started-at="2023-12-29T22:32:04 COT" name="elements" finished-at="2023-12-29T22:32:59 COT" duration-ms="55545">
      <class name="org.Tests.ElementsPageTest">
        <test-method is-config="true" signature="homePage()[pri:0, instance:org.Tests.ElementsPageTest@bcef303]" started-at="2023-12-29T22:32:04 COT" name="homePage" finished-at="2023-12-29T22:32:36 COT" duration-ms="32489" status="PASS">
          <reporter-output>
          </reporter-output>
        </test-method> <!-- homePage -->
        <test-method is-config="true" signature="initializeClass()[pri:0, instance:org.Tests.ElementsPageTest@bcef303]" started-at="2023-12-29T22:32:36 COT" name="initializeClass" finished-at="2023-12-29T22:32:38 COT" duration-ms="1602" status="PASS">
          <reporter-output>
          </reporter-output>
        </test-method> <!-- initializeClass -->
        <test-method signature="validateSizeElements()[pri:0, instance:org.Tests.ElementsPageTest@bcef303]" started-at="2023-12-29T22:32:38 COT" name="validateSizeElements" finished-at="2023-12-29T22:32:38 COT" duration-ms="77" status="PASS">
          <reporter-output>
          </reporter-output>
        </test-method> <!-- validateSizeElements -->
        <test-method is-config="true" signature="close()[pri:0, instance:org.Tests.ElementsPageTest@bcef303]" started-at="2023-12-29T22:32:38 COT" name="close" finished-at="2023-12-29T22:32:39 COT" duration-ms="1289" status="PASS">
          <reporter-output>
          </reporter-output>
        </test-method> <!-- close -->
        <test-method is-config="true" signature="homePage()[pri:0, instance:org.Tests.ElementsPageTest@bcef303]" started-at="2023-12-29T22:32:39 COT" name="homePage" finished-at="2023-12-29T22:32:55 COT" duration-ms="15695" status="PASS">
          <reporter-output>
          </reporter-output>
        </test-method> <!-- homePage -->
        <test-method is-config="true" signature="initializeClass()[pri:0, instance:org.Tests.ElementsPageTest@bcef303]" started-at="2023-12-29T22:32:55 COT" name="initializeClass" finished-at="2023-12-29T22:32:56 COT" duration-ms="626" status="PASS">
          <reporter-output>
          </reporter-output>
        </test-method> <!-- initializeClass -->
        <test-method signature="validateURL()[pri:0, instance:org.Tests.ElementsPageTest@bcef303]" started-at="2023-12-29T22:32:56 COT" name="validateURL" finished-at="2023-12-29T22:32:59 COT" duration-ms="3122" status="PASS">
          <reporter-output>
          </reporter-output>
        </test-method> <!-- validateURL -->
        <test-method is-config="true" signature="close()[pri:0, instance:org.Tests.ElementsPageTest@bcef303]" started-at="2023-12-29T22:32:59 COT" name="close" finished-at="2023-12-29T22:32:59 COT" duration-ms="618" status="PASS">
          <reporter-output>
          </reporter-output>
        </test-method> <!-- close -->
      </class> <!-- org.Tests.ElementsPageTest -->
    </test> <!-- elements -->
    <test started-at="2023-12-29T22:33:00 COT" name="forms" finished-at="2023-12-29T22:33:42 COT" duration-ms="41693">
      <class name="org.Tests.FormsPageTest">
        <test-method is-config="true" signature="homePage()[pri:0, instance:org.Tests.FormsPageTest@6c0d9d86]" started-at="2023-12-29T22:33:00 COT" name="homePage" finished-at="2023-12-29T22:33:17 COT" duration-ms="17068" status="PASS">
          <reporter-output>
          </reporter-output>
        </test-method> <!-- homePage -->
        <test-method is-config="true" signature="initializeClass()[pri:0, instance:org.Tests.FormsPageTest@6c0d9d86]" started-at="2023-12-29T22:33:17 COT" name="initializeClass" finished-at="2023-12-29T22:33:18 COT" duration-ms="893" status="PASS">
          <reporter-output>
          </reporter-output>
        </test-method> <!-- initializeClass -->
        <test-method signature="validateSectionsSize()[pri:0, instance:org.Tests.FormsPageTest@6c0d9d86]" started-at="2023-12-29T22:33:18 COT" name="validateSectionsSize" finished-at="2023-12-29T22:33:18 COT" duration-ms="56" status="PASS">
          <reporter-output>
          </reporter-output>
        </test-method> <!-- validateSectionsSize -->
        <test-method is-config="true" signature="close()[pri:0, instance:org.Tests.FormsPageTest@6c0d9d86]" started-at="2023-12-29T22:33:18 COT" name="close" finished-at="2023-12-29T22:33:19 COT" duration-ms="1090" status="PASS">
          <reporter-output>
          </reporter-output>
        </test-method> <!-- close -->
        <test-method is-config="true" signature="homePage()[pri:0, instance:org.Tests.FormsPageTest@6c0d9d86]" started-at="2023-12-29T22:33:19 COT" name="homePage" finished-at="2023-12-29T22:33:36 COT" duration-ms="17153" status="PASS">
          <reporter-output>
          </reporter-output>
        </test-method> <!-- homePage -->
        <test-method is-config="true" signature="initializeClass()[pri:0, instance:org.Tests.FormsPageTest@6c0d9d86]" started-at="2023-12-29T22:33:36 COT" name="initializeClass" finished-at="2023-12-29T22:33:40 COT" duration-ms="4286" status="PASS">
          <reporter-output>
          </reporter-output>
        </test-method> <!-- initializeClass -->
        <test-method signature="validateURL()[pri:0, instance:org.Tests.FormsPageTest@6c0d9d86]" started-at="2023-12-29T22:33:40 COT" name="validateURL" finished-at="2023-12-29T22:33:40 COT" duration-ms="24" status="PASS">
          <reporter-output>
          </reporter-output>
        </test-method> <!-- validateURL -->
        <test-method is-config="true" signature="close()[pri:0, instance:org.Tests.FormsPageTest@6c0d9d86]" started-at="2023-12-29T22:33:40 COT" name="close" finished-at="2023-12-29T22:33:42 COT" duration-ms="1096" status="PASS">
          <reporter-output>
          </reporter-output>
        </test-method> <!-- close -->
      </class> <!-- org.Tests.FormsPageTest -->
    </test> <!-- forms -->
    <test started-at="2023-12-29T22:33:42 COT" name="alerts,frame and windows" finished-at="2023-12-29T22:34:18 COT" duration-ms="35903">
      <class name="org.Tests.AlertsFrameWindowsPageTest">
        <test-method is-config="true" signature="homePage()[pri:0, instance:org.Tests.AlertsFrameWindowsPageTest@1fde5d22]" started-at="2023-12-29T22:33:42 COT" name="homePage" finished-at="2023-12-29T22:33:58 COT" duration-ms="16062" status="PASS">
          <reporter-output>
          </reporter-output>
        </test-method> <!-- homePage -->
        <test-method is-config="true" signature="initializeClass()[pri:0, instance:org.Tests.AlertsFrameWindowsPageTest@1fde5d22]" started-at="2023-12-29T22:33:58 COT" name="initializeClass" finished-at="2023-12-29T22:33:59 COT" duration-ms="1102" status="PASS">
          <reporter-output>
          </reporter-output>
        </test-method> <!-- initializeClass -->
        <test-method signature="validateSectionsSize()[pri:0, instance:org.Tests.AlertsFrameWindowsPageTest@1fde5d22]" started-at="2023-12-29T22:33:59 COT" name="validateSectionsSize" finished-at="2023-12-29T22:33:59 COT" duration-ms="131" status="PASS">
          <reporter-output>
          </reporter-output>
        </test-method> <!-- validateSectionsSize -->
        <test-method is-config="true" signature="close()[pri:0, instance:org.Tests.AlertsFrameWindowsPageTest@1fde5d22]" started-at="2023-12-29T22:33:59 COT" name="close" finished-at="2023-12-29T22:34:01 COT" duration-ms="1660" status="PASS">
          <reporter-output>
          </reporter-output>
        </test-method> <!-- close -->
        <test-method is-config="true" signature="homePage()[pri:0, instance:org.Tests.AlertsFrameWindowsPageTest@1fde5d22]" started-at="2023-12-29T22:34:01 COT" name="homePage" finished-at="2023-12-29T22:34:16 COT" duration-ms="15713" status="PASS">
          <reporter-output>
          </reporter-output>
        </test-method> <!-- homePage -->
        <test-method is-config="true" signature="initializeClass()[pri:0, instance:org.Tests.AlertsFrameWindowsPageTest@1fde5d22]" started-at="2023-12-29T22:34:16 COT" name="initializeClass" finished-at="2023-12-29T22:34:17 COT" duration-ms="485" status="PASS">
          <reporter-output>
          </reporter-output>
        </test-method> <!-- initializeClass -->
        <test-method signature="validateURL()[pri:0, instance:org.Tests.AlertsFrameWindowsPageTest@1fde5d22]" started-at="2023-12-29T22:34:17 COT" name="validateURL" finished-at="2023-12-29T22:34:17 COT" duration-ms="87" status="PASS">
          <reporter-output>
          </reporter-output>
        </test-method> <!-- validateURL -->
        <test-method is-config="true" signature="close()[pri:0, instance:org.Tests.AlertsFrameWindowsPageTest@1fde5d22]" started-at="2023-12-29T22:34:17 COT" name="close" finished-at="2023-12-29T22:34:18 COT" duration-ms="647" status="PASS">
          <reporter-output>
          </reporter-output>
        </test-method> <!-- close -->
      </class> <!-- org.Tests.AlertsFrameWindowsPageTest -->
    </test> <!-- alerts,frame and windows -->
    <test started-at="2023-12-29T22:34:18 COT" name="widgets" finished-at="2023-12-29T22:34:51 COT" duration-ms="32914">
      <class name="org.Tests.WidgetsPageTest">
        <test-method is-config="true" signature="homePage()[pri:0, instance:org.Tests.WidgetsPageTest@6f3c660a]" started-at="2023-12-29T22:34:18 COT" name="homePage" finished-at="2023-12-29T22:34:32 COT" duration-ms="14468" status="PASS">
          <reporter-output>
          </reporter-output>
        </test-method> <!-- homePage -->
        <test-method is-config="true" signature="initializeClass()[pri:0, instance:org.Tests.WidgetsPageTest@6f3c660a]" started-at="2023-12-29T22:34:32 COT" name="initializeClass" finished-at="2023-12-29T22:34:33 COT" duration-ms="463" status="PASS">
          <reporter-output>
          </reporter-output>
        </test-method> <!-- initializeClass -->
        <test-method signature="validateSectionsSize()[pri:0, instance:org.Tests.WidgetsPageTest@6f3c660a]" started-at="2023-12-29T22:34:33 COT" name="validateSectionsSize" finished-at="2023-12-29T22:34:34 COT" duration-ms="1226" status="PASS">
          <reporter-output>
          </reporter-output>
        </test-method> <!-- validateSectionsSize -->
        <test-method is-config="true" signature="close()[pri:0, instance:org.Tests.WidgetsPageTest@6f3c660a]" started-at="2023-12-29T22:34:34 COT" name="close" finished-at="2023-12-29T22:34:35 COT" duration-ms="702" status="PASS">
          <reporter-output>
          </reporter-output>
        </test-method> <!-- close -->
        <test-method is-config="true" signature="homePage()[pri:0, instance:org.Tests.WidgetsPageTest@6f3c660a]" started-at="2023-12-29T22:34:35 COT" name="homePage" finished-at="2023-12-29T22:34:50 COT" duration-ms="15190" status="PASS">
          <reporter-output>
          </reporter-output>
        </test-method> <!-- homePage -->
        <test-method is-config="true" signature="initializeClass()[pri:0, instance:org.Tests.WidgetsPageTest@6f3c660a]" started-at="2023-12-29T22:34:50 COT" name="initializeClass" finished-at="2023-12-29T22:34:50 COT" duration-ms="409" status="PASS">
          <reporter-output>
          </reporter-output>
        </test-method> <!-- initializeClass -->
        <test-method signature="validateURL()[pri:0, instance:org.Tests.WidgetsPageTest@6f3c660a]" started-at="2023-12-29T22:34:50 COT" name="validateURL" finished-at="2023-12-29T22:34:50 COT" duration-ms="26" status="PASS">
          <reporter-output>
          </reporter-output>
        </test-method> <!-- validateURL -->
        <test-method is-config="true" signature="close()[pri:0, instance:org.Tests.WidgetsPageTest@6f3c660a]" started-at="2023-12-29T22:34:50 COT" name="close" finished-at="2023-12-29T22:34:51 COT" duration-ms="421" status="PASS">
          <reporter-output>
          </reporter-output>
        </test-method> <!-- close -->
      </class> <!-- org.Tests.WidgetsPageTest -->
    </test> <!-- widgets -->
    <test started-at="2023-12-29T22:34:51 COT" name="interactions" finished-at="2023-12-29T22:35:22 COT" duration-ms="31379">
      <class name="org.Tests.InteractionsPageTest">
        <test-method is-config="true" signature="homePage()[pri:0, instance:org.Tests.InteractionsPageTest@1afdd473]" started-at="2023-12-29T22:34:51 COT" name="homePage" finished-at="2023-12-29T22:35:06 COT" duration-ms="14679" status="PASS">
          <reporter-output>
          </reporter-output>
        </test-method> <!-- homePage -->
        <test-method is-config="true" signature="initializeClass()[pri:0, instance:org.Tests.InteractionsPageTest@1afdd473]" started-at="2023-12-29T22:35:06 COT" name="initializeClass" finished-at="2023-12-29T22:35:06 COT" duration-ms="757" status="PASS">
          <reporter-output>
          </reporter-output>
        </test-method> <!-- initializeClass -->
        <test-method signature="validateSectionsSize()[pri:0, instance:org.Tests.InteractionsPageTest@1afdd473]" started-at="2023-12-29T22:35:06 COT" name="validateSectionsSize" finished-at="2023-12-29T22:35:06 COT" duration-ms="49" status="PASS">
          <reporter-output>
          </reporter-output>
        </test-method> <!-- validateSectionsSize -->
        <test-method is-config="true" signature="close()[pri:0, instance:org.Tests.InteractionsPageTest@1afdd473]" started-at="2023-12-29T22:35:06 COT" name="close" finished-at="2023-12-29T22:35:07 COT" duration-ms="695" status="PASS">
          <reporter-output>
          </reporter-output>
        </test-method> <!-- close -->
        <test-method is-config="true" signature="homePage()[pri:0, instance:org.Tests.InteractionsPageTest@1afdd473]" started-at="2023-12-29T22:35:07 COT" name="homePage" finished-at="2023-12-29T22:35:21 COT" duration-ms="13724" status="PASS">
          <reporter-output>
          </reporter-output>
        </test-method> <!-- homePage -->
        <test-method is-config="true" signature="initializeClass()[pri:0, instance:org.Tests.InteractionsPageTest@1afdd473]" started-at="2023-12-29T22:35:21 COT" name="initializeClass" finished-at="2023-12-29T22:35:21 COT" duration-ms="594" status="PASS">
          <reporter-output>
          </reporter-output>
        </test-method> <!-- initializeClass -->
        <test-method signature="validateURL()[pri:0, instance:org.Tests.InteractionsPageTest@1afdd473]" started-at="2023-12-29T22:35:21 COT" name="validateURL" finished-at="2023-12-29T22:35:21 COT" duration-ms="42" status="PASS">
          <reporter-output>
          </reporter-output>
        </test-method> <!-- validateURL -->
        <test-method is-config="true" signature="close()[pri:0, instance:org.Tests.InteractionsPageTest@1afdd473]" started-at="2023-12-29T22:35:21 COT" name="close" finished-at="2023-12-29T22:35:22 COT" duration-ms="835" status="PASS">
          <reporter-output>
          </reporter-output>
        </test-method> <!-- close -->
      </class> <!-- org.Tests.InteractionsPageTest -->
    </test> <!-- interactions -->
    <test started-at="2023-12-29T22:35:22 COT" name="Book Store Application" finished-at="2023-12-29T22:35:58 COT" duration-ms="35926">
      <class name="org.Tests.BookStorePageTest">
        <test-method is-config="true" signature="homePage()[pri:0, instance:org.Tests.BookStorePageTest@dbd8e44]" started-at="2023-12-29T22:35:22 COT" name="homePage" finished-at="2023-12-29T22:35:38 COT" duration-ms="15531" status="PASS">
          <reporter-output>
          </reporter-output>
        </test-method> <!-- homePage -->
        <test-method is-config="true" signature="initializeClass()[pri:0, instance:org.Tests.BookStorePageTest@dbd8e44]" started-at="2023-12-29T22:35:38 COT" name="initializeClass" finished-at="2023-12-29T22:35:39 COT" duration-ms="944" status="PASS">
          <reporter-output>
          </reporter-output>
        </test-method> <!-- initializeClass -->
        <test-method signature="validateSectionsSize()[pri:0, instance:org.Tests.BookStorePageTest@dbd8e44]" started-at="2023-12-29T22:35:39 COT" name="validateSectionsSize" finished-at="2023-12-29T22:35:40 COT" duration-ms="1143" status="PASS">
          <reporter-output>
          </reporter-output>
        </test-method> <!-- validateSectionsSize -->
        <test-method is-config="true" signature="close()[pri:0, instance:org.Tests.BookStorePageTest@dbd8e44]" started-at="2023-12-29T22:35:40 COT" name="close" finished-at="2023-12-29T22:35:41 COT" duration-ms="665" status="PASS">
          <reporter-output>
          </reporter-output>
        </test-method> <!-- close -->
        <test-method is-config="true" signature="homePage()[pri:0, instance:org.Tests.BookStorePageTest@dbd8e44]" started-at="2023-12-29T22:35:41 COT" name="homePage" finished-at="2023-12-29T22:35:55 COT" duration-ms="14651" status="PASS">
          <reporter-output>
          </reporter-output>
        </test-method> <!-- homePage -->
        <test-method is-config="true" signature="initializeClass()[pri:0, instance:org.Tests.BookStorePageTest@dbd8e44]" started-at="2023-12-29T22:35:55 COT" name="initializeClass" finished-at="2023-12-29T22:35:56 COT" duration-ms="514" status="PASS">
          <reporter-output>
          </reporter-output>
        </test-method> <!-- initializeClass -->
        <test-method signature="validateURL()[pri:0, instance:org.Tests.BookStorePageTest@dbd8e44]" started-at="2023-12-29T22:35:56 COT" name="validateURL" finished-at="2023-12-29T22:35:58 COT" duration-ms="1803" status="PASS">
          <reporter-output>
          </reporter-output>
        </test-method> <!-- validateURL -->
        <test-method is-config="true" signature="close()[pri:0, instance:org.Tests.BookStorePageTest@dbd8e44]" started-at="2023-12-29T22:35:58 COT" name="close" finished-at="2023-12-29T22:35:58 COT" duration-ms="661" status="PASS">
          <reporter-output>
          </reporter-output>
        </test-method> <!-- close -->
      </class> <!-- org.Tests.BookStorePageTest -->
    </test> <!-- Book Store Application -->
    <test started-at="2023-12-29T22:35:58 COT" name="Text Box" finished-at="2023-12-29T22:37:55 COT" duration-ms="116804">
      <class name="org.Tests.TextBoxPageTest">
        <test-method is-config="true" signature="homePage()[pri:0, instance:org.Tests.TextBoxPageTest@289710d9]" started-at="2023-12-29T22:35:58 COT" name="homePage" finished-at="2023-12-29T22:36:14 COT" duration-ms="15478" status="PASS">
          <reporter-output>
          </reporter-output>
        </test-method> <!-- homePage -->
        <test-method is-config="true" signature="initializeClass()[pri:0, instance:org.Tests.TextBoxPageTest@289710d9]" started-at="2023-12-29T22:36:14 COT" name="initializeClass" finished-at="2023-12-29T22:36:15 COT" duration-ms="1156" status="PASS">
          <reporter-output>
          </reporter-output>
        </test-method> <!-- initializeClass -->
        <test-method signature="typingFieldsForm()[pri:0, instance:org.Tests.TextBoxPageTest@289710d9]" started-at="2023-12-29T22:36:15 COT" name="typingFieldsForm" finished-at="2023-12-29T22:36:20 COT" duration-ms="4877" status="PASS">
          <reporter-output>
          </reporter-output>
        </test-method> <!-- typingFieldsForm -->
        <test-method is-config="true" signature="close()[pri:0, instance:org.Tests.TextBoxPageTest@289710d9]" started-at="2023-12-29T22:36:20 COT" name="close" finished-at="2023-12-29T22:36:21 COT" duration-ms="700" status="PASS">
          <reporter-output>
          </reporter-output>
        </test-method> <!-- close -->
        <test-method is-config="true" signature="homePage()[pri:0, instance:org.Tests.TextBoxPageTest@289710d9]" started-at="2023-12-29T22:36:21 COT" name="homePage" finished-at="2023-12-29T22:36:35 COT" duration-ms="14798" status="PASS">
          <reporter-output>
          </reporter-output>
        </test-method> <!-- homePage -->
        <test-method is-config="true" signature="initializeClass()[pri:0, instance:org.Tests.TextBoxPageTest@289710d9]" started-at="2023-12-29T22:36:35 COT" name="initializeClass" finished-at="2023-12-29T22:36:37 COT" duration-ms="1883" status="PASS">
          <reporter-output>
          </reporter-output>
        </test-method> <!-- initializeClass -->
        <test-method retried="true" signature="validateAnswer()[pri:0, instance:org.Tests.TextBoxPageTest@289710d9]" started-at="2023-12-29T22:36:37 COT" name="validateAnswer" finished-at="2023-12-29T22:36:39 COT" duration-ms="1279" status="SKIP">
          <exception class="org.openqa.selenium.NoSuchElementException">
            <message>
              <![CDATA[no such element: Unable to locate element: {"method":"css selector","selector":"#name"}
  (Session info: chrome=120.0.6099.71)
For documentation on this error, please visit: https://www.selenium.dev/documentation/webdriver/troubleshooting/errors#no-such-element-exception
Build info: version: '4.12.1', revision: '8e34639b11'
System info: os.name: 'Windows 10', os.arch: 'amd64', os.version: '10.0', java.version: '11.0.18'
Driver info: org.openqa.selenium.chrome.ChromeDriver
Command: [db269c9732ff07cb2838dd7ca51af5df, findElement {using=id, value=name}]
Capabilities {acceptInsecureCerts: false, browserName: chrome, browserVersion: 120.0.6099.71, chrome: {chromedriverVersion: 120.0.6099.109 (3419140ab66..., userDataDir: C:\Users\Jorge\AppData\Loca...}, fedcm:accounts: true, goog:chromeOptions: {debuggerAddress: localhost:60176}, networkConnectionEnabled: false, pageLoadStrategy: normal, platformName: windows, proxy: Proxy(), se:cdp: ws://localhost:60176/devtoo..., se:cdpVersion: 120.0.6099.71, setWindowRect: true, strictFileInteractability: false, timeouts: {implicit: 0, pageLoad: 300000, script: 30000}, unhandledPromptBehavior: dismiss and notify, webauthn:extension:credBlob: true, webauthn:extension:largeBlob: true, webauthn:extension:minPinLength: true, webauthn:extension:prf: true, webauthn:virtualAuthenticators: true}
Session ID: db269c9732ff07cb2838dd7ca51af5df]]>
            </message>
            <full-stacktrace>
              <![CDATA[org.openqa.selenium.NoSuchElementException: no such element: Unable to locate element: {"method":"css selector","selector":"#name"}
  (Session info: chrome=120.0.6099.71)
For documentation on this error, please visit: https://www.selenium.dev/documentation/webdriver/troubleshooting/errors#no-such-element-exception
Build info: version: '4.12.1', revision: '8e34639b11'
System info: os.name: 'Windows 10', os.arch: 'amd64', os.version: '10.0', java.version: '11.0.18'
Driver info: org.openqa.selenium.chrome.ChromeDriver
Command: [db269c9732ff07cb2838dd7ca51af5df, findElement {using=id, value=name}]
Capabilities {acceptInsecureCerts: false, browserName: chrome, browserVersion: 120.0.6099.71, chrome: {chromedriverVersion: 120.0.6099.109 (3419140ab66..., userDataDir: C:\Users\Jorge\AppData\Loca...}, fedcm:accounts: true, goog:chromeOptions: {debuggerAddress: localhost:60176}, networkConnectionEnabled: false, pageLoadStrategy: normal, platformName: windows, proxy: Proxy(), se:cdp: ws://localhost:60176/devtoo..., se:cdpVersion: 120.0.6099.71, setWindowRect: true, strictFileInteractability: false, timeouts: {implicit: 0, pageLoad: 300000, script: 30000}, unhandledPromptBehavior: dismiss and notify, webauthn:extension:credBlob: true, webauthn:extension:largeBlob: true, webauthn:extension:minPinLength: true, webauthn:extension:prf: true, webauthn:virtualAuthenticators: true}
Session ID: db269c9732ff07cb2838dd7ca51af5df
at java.base/jdk.internal.reflect.NativeConstructorAccessorImpl.newInstance0(Native Method)
at java.base/jdk.internal.reflect.NativeConstructorAccessorImpl.newInstance(NativeConstructorAccessorImpl.java:62)
at java.base/jdk.internal.reflect.DelegatingConstructorAccessorImpl.newInstance(DelegatingConstructorAccessorImpl.java:45)
at java.base/java.lang.reflect.Constructor.newInstance(Constructor.java:490)
at org.openqa.selenium.remote.codec.w3c.W3CHttpResponseCodec.createException(W3CHttpResponseCodec.java:200)
at org.openqa.selenium.remote.codec.w3c.W3CHttpResponseCodec.decode(W3CHttpResponseCodec.java:133)
at org.openqa.selenium.remote.codec.w3c.W3CHttpResponseCodec.decode(W3CHttpResponseCodec.java:52)
at org.openqa.selenium.remote.HttpCommandExecutor.execute(HttpCommandExecutor.java:191)
at org.openqa.selenium.remote.service.DriverCommandExecutor.invokeExecute(DriverCommandExecutor.java:196)
at org.openqa.selenium.remote.service.DriverCommandExecutor.execute(DriverCommandExecutor.java:171)
at org.openqa.selenium.remote.RemoteWebDriver.execute(RemoteWebDriver.java:602)
at org.openqa.selenium.remote.ElementLocation$ElementFinder$2.findElement(ElementLocation.java:165)
at org.openqa.selenium.remote.ElementLocation.findElement(ElementLocation.java:66)
at org.openqa.selenium.remote.RemoteWebDriver.findElement(RemoteWebDriver.java:359)
at org.openqa.selenium.remote.RemoteWebDriver.findElement(RemoteWebDriver.java:353)
at org.openqa.selenium.support.pagefactory.DefaultElementLocator.findElement(DefaultElementLocator.java:68)
at org.openqa.selenium.support.pagefactory.internal.LocatingElementHandler.invoke(LocatingElementHandler.java:38)
at com.sun.proxy.$Proxy34.getWrappedElement(Unknown Source)
at org.openqa.selenium.remote.internal.WebElementToJsonConverter.apply(WebElementToJsonConverter.java:51)
at java.base/java.util.stream.ReferencePipeline$3$1.accept(ReferencePipeline.java:195)
at java.base/java.util.Spliterators$ArraySpliterator.forEachRemaining(Spliterators.java:948)
at java.base/java.util.stream.AbstractPipeline.copyInto(AbstractPipeline.java:484)
at java.base/java.util.stream.AbstractPipeline.wrapAndCopyInto(AbstractPipeline.java:474)
at java.base/java.util.stream.ReduceOps$ReduceOp.evaluateSequential(ReduceOps.java:913)
at java.base/java.util.stream.AbstractPipeline.evaluate(AbstractPipeline.java:234)
at java.base/java.util.stream.ReferencePipeline.collect(ReferencePipeline.java:578)
at org.openqa.selenium.remote.RemoteWebDriver.executeScript(RemoteWebDriver.java:465)
at TestComponents.BasePages.scroll(BasePages.java:39)
at Pages.TextBoxPage.getTextNameAnswer(TextBoxPage.java:63)
at org.Tests.TextBoxPageTest.validateAnswer(TextBoxPageTest.java:25)
at java.base/jdk.internal.reflect.NativeMethodAccessorImpl.invoke0(Native Method)
at java.base/jdk.internal.reflect.NativeMethodAccessorImpl.invoke(NativeMethodAccessorImpl.java:62)
at java.base/jdk.internal.reflect.DelegatingMethodAccessorImpl.invoke(DelegatingMethodAccessorImpl.java:43)
at java.base/java.lang.reflect.Method.invoke(Method.java:566)
at org.testng.internal.invokers.MethodInvocationHelper.invokeMethod(MethodInvocationHelper.java:139)
at org.testng.internal.invokers.TestInvoker.invokeMethod(TestInvoker.java:664)
at org.testng.internal.invokers.TestInvoker.invokeTestMethod(TestInvoker.java:227)
at org.testng.internal.invokers.MethodRunner.runInSequence(MethodRunner.java:50)
at org.testng.internal.invokers.TestInvoker$MethodInvocationAgent.invoke(TestInvoker.java:957)
at org.testng.internal.invokers.TestInvoker.invokeTestMethods(TestInvoker.java:200)
at org.testng.internal.invokers.TestMethodWorker.invokeTestMethods(TestMethodWorker.java:148)
at org.testng.internal.invokers.TestMethodWorker.run(TestMethodWorker.java:128)
at java.base/java.util.ArrayList.forEach(ArrayList.java:1541)
at org.testng.TestRunner.privateRun(TestRunner.java:848)
at org.testng.TestRunner.run(TestRunner.java:621)
at org.testng.SuiteRunner.runTest(SuiteRunner.java:443)
at org.testng.SuiteRunner.runSequentially(SuiteRunner.java:437)
at org.testng.SuiteRunner.privateRun(SuiteRunner.java:397)
at org.testng.SuiteRunner.run(SuiteRunner.java:336)
at org.testng.SuiteRunnerWorker.runSuite(SuiteRunnerWorker.java:52)
at org.testng.SuiteRunnerWorker.run(SuiteRunnerWorker.java:95)
at org.testng.TestNG.runSuitesSequentially(TestNG.java:1280)
at org.testng.TestNG.runSuitesLocally(TestNG.java:1200)
at org.testng.TestNG.runSuites(TestNG.java:1114)
at org.testng.TestNG.run(TestNG.java:1082)
at org.apache.maven.surefire.testng.TestNGExecutor.run(TestNGExecutor.java:308)
at org.apache.maven.surefire.testng.TestNGXmlTestSuite.execute(TestNGXmlTestSuite.java:71)
at org.apache.maven.surefire.testng.TestNGProvider.invoke(TestNGProvider.java:113)
at org.apache.maven.surefire.booter.ForkedBooter.runSuitesInProcess(ForkedBooter.java:385)
at org.apache.maven.surefire.booter.ForkedBooter.execute(ForkedBooter.java:162)
at org.apache.maven.surefire.booter.ForkedBooter.run(ForkedBooter.java:507)
at org.apache.maven.surefire.booter.ForkedBooter.main(ForkedBooter.java:495)
]]>
            </full-stacktrace>
          </exception> <!-- org.openqa.selenium.NoSuchElementException -->
          <reporter-output>
          </reporter-output>
        </test-method> <!-- validateAnswer -->
        <test-method is-config="true" signature="close()[pri:0, instance:org.Tests.TextBoxPageTest@289710d9]" started-at="2023-12-29T22:36:39 COT" name="close" finished-at="2023-12-29T22:36:39 COT" duration-ms="501" status="PASS">
          <reporter-output>
          </reporter-output>
        </test-method> <!-- close -->
        <test-method is-config="true" signature="homePage()[pri:0, instance:org.Tests.TextBoxPageTest@289710d9]" started-at="2023-12-29T22:36:39 COT" name="homePage" finished-at="2023-12-29T22:36:58 COT" duration-ms="18393" status="PASS">
          <reporter-output>
          </reporter-output>
        </test-method> <!-- homePage -->
        <test-method is-config="true" signature="initializeClass()[pri:0, instance:org.Tests.TextBoxPageTest@289710d9]" started-at="2023-12-29T22:36:58 COT" name="initializeClass" finished-at="2023-12-29T22:36:59 COT" duration-ms="941" status="PASS">
          <reporter-output>
          </reporter-output>
        </test-method> <!-- initializeClass -->
        <test-method retried="true" signature="validateAnswer()[pri:0, instance:org.Tests.TextBoxPageTest@289710d9]" started-at="2023-12-29T22:36:59 COT" name="validateAnswer" finished-at="2023-12-29T22:36:59 COT" duration-ms="936" status="SKIP">
          <exception class="org.openqa.selenium.NoSuchElementException">
            <message>
              <![CDATA[no such element: Unable to locate element: {"method":"css selector","selector":"#name"}
  (Session info: chrome=120.0.6099.71)
For documentation on this error, please visit: https://www.selenium.dev/documentation/webdriver/troubleshooting/errors#no-such-element-exception
Build info: version: '4.12.1', revision: '8e34639b11'
System info: os.name: 'Windows 10', os.arch: 'amd64', os.version: '10.0', java.version: '11.0.18'
Driver info: org.openqa.selenium.chrome.ChromeDriver
Command: [afce733f98edfe0c02a1da5dc9f81771, findElement {using=id, value=name}]
Capabilities {acceptInsecureCerts: false, browserName: chrome, browserVersion: 120.0.6099.71, chrome: {chromedriverVersion: 120.0.6099.109 (3419140ab66..., userDataDir: C:\Users\Jorge\AppData\Loca...}, fedcm:accounts: true, goog:chromeOptions: {debuggerAddress: localhost:60274}, networkConnectionEnabled: false, pageLoadStrategy: normal, platformName: windows, proxy: Proxy(), se:cdp: ws://localhost:60274/devtoo..., se:cdpVersion: 120.0.6099.71, setWindowRect: true, strictFileInteractability: false, timeouts: {implicit: 0, pageLoad: 300000, script: 30000}, unhandledPromptBehavior: dismiss and notify, webauthn:extension:credBlob: true, webauthn:extension:largeBlob: true, webauthn:extension:minPinLength: true, webauthn:extension:prf: true, webauthn:virtualAuthenticators: true}
Session ID: afce733f98edfe0c02a1da5dc9f81771]]>
            </message>
            <full-stacktrace>
              <![CDATA[org.openqa.selenium.NoSuchElementException: no such element: Unable to locate element: {"method":"css selector","selector":"#name"}
  (Session info: chrome=120.0.6099.71)
For documentation on this error, please visit: https://www.selenium.dev/documentation/webdriver/troubleshooting/errors#no-such-element-exception
Build info: version: '4.12.1', revision: '8e34639b11'
System info: os.name: 'Windows 10', os.arch: 'amd64', os.version: '10.0', java.version: '11.0.18'
Driver info: org.openqa.selenium.chrome.ChromeDriver
Command: [afce733f98edfe0c02a1da5dc9f81771, findElement {using=id, value=name}]
Capabilities {acceptInsecureCerts: false, browserName: chrome, browserVersion: 120.0.6099.71, chrome: {chromedriverVersion: 120.0.6099.109 (3419140ab66..., userDataDir: C:\Users\Jorge\AppData\Loca...}, fedcm:accounts: true, goog:chromeOptions: {debuggerAddress: localhost:60274}, networkConnectionEnabled: false, pageLoadStrategy: normal, platformName: windows, proxy: Proxy(), se:cdp: ws://localhost:60274/devtoo..., se:cdpVersion: 120.0.6099.71, setWindowRect: true, strictFileInteractability: false, timeouts: {implicit: 0, pageLoad: 300000, script: 30000}, unhandledPromptBehavior: dismiss and notify, webauthn:extension:credBlob: true, webauthn:extension:largeBlob: true, webauthn:extension:minPinLength: true, webauthn:extension:prf: true, webauthn:virtualAuthenticators: true}
Session ID: afce733f98edfe0c02a1da5dc9f81771
at java.base/jdk.internal.reflect.NativeConstructorAccessorImpl.newInstance0(Native Method)
at java.base/jdk.internal.reflect.NativeConstructorAccessorImpl.newInstance(NativeConstructorAccessorImpl.java:62)
at java.base/jdk.internal.reflect.DelegatingConstructorAccessorImpl.newInstance(DelegatingConstructorAccessorImpl.java:45)
at java.base/java.lang.reflect.Constructor.newInstance(Constructor.java:490)
at org.openqa.selenium.remote.codec.w3c.W3CHttpResponseCodec.createException(W3CHttpResponseCodec.java:200)
at org.openqa.selenium.remote.codec.w3c.W3CHttpResponseCodec.decode(W3CHttpResponseCodec.java:133)
at org.openqa.selenium.remote.codec.w3c.W3CHttpResponseCodec.decode(W3CHttpResponseCodec.java:52)
at org.openqa.selenium.remote.HttpCommandExecutor.execute(HttpCommandExecutor.java:191)
at org.openqa.selenium.remote.service.DriverCommandExecutor.invokeExecute(DriverCommandExecutor.java:196)
at org.openqa.selenium.remote.service.DriverCommandExecutor.execute(DriverCommandExecutor.java:171)
at org.openqa.selenium.remote.RemoteWebDriver.execute(RemoteWebDriver.java:602)
at org.openqa.selenium.remote.ElementLocation$ElementFinder$2.findElement(ElementLocation.java:165)
at org.openqa.selenium.remote.ElementLocation.findElement(ElementLocation.java:66)
at org.openqa.selenium.remote.RemoteWebDriver.findElement(RemoteWebDriver.java:359)
at org.openqa.selenium.remote.RemoteWebDriver.findElement(RemoteWebDriver.java:353)
at org.openqa.selenium.support.pagefactory.DefaultElementLocator.findElement(DefaultElementLocator.java:68)
at org.openqa.selenium.support.pagefactory.internal.LocatingElementHandler.invoke(LocatingElementHandler.java:38)
at com.sun.proxy.$Proxy34.getWrappedElement(Unknown Source)
at org.openqa.selenium.remote.internal.WebElementToJsonConverter.apply(WebElementToJsonConverter.java:51)
at java.base/java.util.stream.ReferencePipeline$3$1.accept(ReferencePipeline.java:195)
at java.base/java.util.Spliterators$ArraySpliterator.forEachRemaining(Spliterators.java:948)
at java.base/java.util.stream.AbstractPipeline.copyInto(AbstractPipeline.java:484)
at java.base/java.util.stream.AbstractPipeline.wrapAndCopyInto(AbstractPipeline.java:474)
at java.base/java.util.stream.ReduceOps$ReduceOp.evaluateSequential(ReduceOps.java:913)
at java.base/java.util.stream.AbstractPipeline.evaluate(AbstractPipeline.java:234)
at java.base/java.util.stream.ReferencePipeline.collect(ReferencePipeline.java:578)
at org.openqa.selenium.remote.RemoteWebDriver.executeScript(RemoteWebDriver.java:465)
at TestComponents.BasePages.scroll(BasePages.java:39)
at Pages.TextBoxPage.getTextNameAnswer(TextBoxPage.java:63)
at org.Tests.TextBoxPageTest.validateAnswer(TextBoxPageTest.java:25)
at java.base/jdk.internal.reflect.NativeMethodAccessorImpl.invoke0(Native Method)
at java.base/jdk.internal.reflect.NativeMethodAccessorImpl.invoke(NativeMethodAccessorImpl.java:62)
at java.base/jdk.internal.reflect.DelegatingMethodAccessorImpl.invoke(DelegatingMethodAccessorImpl.java:43)
at java.base/java.lang.reflect.Method.invoke(Method.java:566)
at org.testng.internal.invokers.MethodInvocationHelper.invokeMethod(MethodInvocationHelper.java:139)
at org.testng.internal.invokers.TestInvoker.invokeMethod(TestInvoker.java:664)
at org.testng.internal.invokers.TestInvoker.retryFailed(TestInvoker.java:248)
at org.testng.internal.invokers.MethodRunner.runInSequence(MethodRunner.java:62)
at org.testng.internal.invokers.TestInvoker$MethodInvocationAgent.invoke(TestInvoker.java:957)
at org.testng.internal.invokers.TestInvoker.invokeTestMethods(TestInvoker.java:200)
at org.testng.internal.invokers.TestMethodWorker.invokeTestMethods(TestMethodWorker.java:148)
at org.testng.internal.invokers.TestMethodWorker.run(TestMethodWorker.java:128)
at java.base/java.util.ArrayList.forEach(ArrayList.java:1541)
at org.testng.TestRunner.privateRun(TestRunner.java:848)
at org.testng.TestRunner.run(TestRunner.java:621)
at org.testng.SuiteRunner.runTest(SuiteRunner.java:443)
at org.testng.SuiteRunner.runSequentially(SuiteRunner.java:437)
at org.testng.SuiteRunner.privateRun(SuiteRunner.java:397)
at org.testng.SuiteRunner.run(SuiteRunner.java:336)
at org.testng.SuiteRunnerWorker.runSuite(SuiteRunnerWorker.java:52)
at org.testng.SuiteRunnerWorker.run(SuiteRunnerWorker.java:95)
at org.testng.TestNG.runSuitesSequentially(TestNG.java:1280)
at org.testng.TestNG.runSuitesLocally(TestNG.java:1200)
at org.testng.TestNG.runSuites(TestNG.java:1114)
at org.testng.TestNG.run(TestNG.java:1082)
at org.apache.maven.surefire.testng.TestNGExecutor.run(TestNGExecutor.java:308)
at org.apache.maven.surefire.testng.TestNGXmlTestSuite.execute(TestNGXmlTestSuite.java:71)
at org.apache.maven.surefire.testng.TestNGProvider.invoke(TestNGProvider.java:113)
at org.apache.maven.surefire.booter.ForkedBooter.runSuitesInProcess(ForkedBooter.java:385)
at org.apache.maven.surefire.booter.ForkedBooter.execute(ForkedBooter.java:162)
at org.apache.maven.surefire.booter.ForkedBooter.run(ForkedBooter.java:507)
at org.apache.maven.surefire.booter.ForkedBooter.main(ForkedBooter.java:495)
]]>
            </full-stacktrace>
          </exception> <!-- org.openqa.selenium.NoSuchElementException -->
          <reporter-output>
          </reporter-output>
        </test-method> <!-- validateAnswer -->
        <test-method is-config="true" signature="close()[pri:0, instance:org.Tests.TextBoxPageTest@289710d9]" started-at="2023-12-29T22:36:59 COT" name="close" finished-at="2023-12-29T22:37:01 COT" duration-ms="1917" status="PASS">
          <reporter-output>
          </reporter-output>
        </test-method> <!-- close -->
        <test-method is-config="true" signature="homePage()[pri:0, instance:org.Tests.TextBoxPageTest@289710d9]" started-at="2023-12-29T22:37:01 COT" name="homePage" finished-at="2023-12-29T22:37:19 COT" duration-ms="17367" status="PASS">
          <reporter-output>
          </reporter-output>
        </test-method> <!-- homePage -->
        <test-method is-config="true" signature="initializeClass()[pri:0, instance:org.Tests.TextBoxPageTest@289710d9]" started-at="2023-12-29T22:37:19 COT" name="initializeClass" finished-at="2023-12-29T22:37:21 COT" duration-ms="1996" status="PASS">
          <reporter-output>
          </reporter-output>
        </test-method> <!-- initializeClass -->
        <test-method retried="true" signature="validateAnswer()[pri:0, instance:org.Tests.TextBoxPageTest@289710d9]" started-at="2023-12-29T22:37:21 COT" name="validateAnswer" finished-at="2023-12-29T22:37:22 COT" duration-ms="1506" status="SKIP">
          <exception class="org.openqa.selenium.NoSuchElementException">
            <message>
              <![CDATA[no such element: Unable to locate element: {"method":"css selector","selector":"#name"}
  (Session info: chrome=120.0.6099.71)
For documentation on this error, please visit: https://www.selenium.dev/documentation/webdriver/troubleshooting/errors#no-such-element-exception
Build info: version: '4.12.1', revision: '8e34639b11'
System info: os.name: 'Windows 10', os.arch: 'amd64', os.version: '10.0', java.version: '11.0.18'
Driver info: org.openqa.selenium.chrome.ChromeDriver
Command: [f9d5aaa7b1cfa1a131841ec6b8c9bd11, findElement {using=id, value=name}]
Capabilities {acceptInsecureCerts: false, browserName: chrome, browserVersion: 120.0.6099.71, chrome: {chromedriverVersion: 120.0.6099.109 (3419140ab66..., userDataDir: C:\Users\Jorge\AppData\Loca...}, fedcm:accounts: true, goog:chromeOptions: {debuggerAddress: localhost:60367}, networkConnectionEnabled: false, pageLoadStrategy: normal, platformName: windows, proxy: Proxy(), se:cdp: ws://localhost:60367/devtoo..., se:cdpVersion: 120.0.6099.71, setWindowRect: true, strictFileInteractability: false, timeouts: {implicit: 0, pageLoad: 300000, script: 30000}, unhandledPromptBehavior: dismiss and notify, webauthn:extension:credBlob: true, webauthn:extension:largeBlob: true, webauthn:extension:minPinLength: true, webauthn:extension:prf: true, webauthn:virtualAuthenticators: true}
Session ID: f9d5aaa7b1cfa1a131841ec6b8c9bd11]]>
            </message>
            <full-stacktrace>
              <![CDATA[org.openqa.selenium.NoSuchElementException: no such element: Unable to locate element: {"method":"css selector","selector":"#name"}
  (Session info: chrome=120.0.6099.71)
For documentation on this error, please visit: https://www.selenium.dev/documentation/webdriver/troubleshooting/errors#no-such-element-exception
Build info: version: '4.12.1', revision: '8e34639b11'
System info: os.name: 'Windows 10', os.arch: 'amd64', os.version: '10.0', java.version: '11.0.18'
Driver info: org.openqa.selenium.chrome.ChromeDriver
Command: [f9d5aaa7b1cfa1a131841ec6b8c9bd11, findElement {using=id, value=name}]
Capabilities {acceptInsecureCerts: false, browserName: chrome, browserVersion: 120.0.6099.71, chrome: {chromedriverVersion: 120.0.6099.109 (3419140ab66..., userDataDir: C:\Users\Jorge\AppData\Loca...}, fedcm:accounts: true, goog:chromeOptions: {debuggerAddress: localhost:60367}, networkConnectionEnabled: false, pageLoadStrategy: normal, platformName: windows, proxy: Proxy(), se:cdp: ws://localhost:60367/devtoo..., se:cdpVersion: 120.0.6099.71, setWindowRect: true, strictFileInteractability: false, timeouts: {implicit: 0, pageLoad: 300000, script: 30000}, unhandledPromptBehavior: dismiss and notify, webauthn:extension:credBlob: true, webauthn:extension:largeBlob: true, webauthn:extension:minPinLength: true, webauthn:extension:prf: true, webauthn:virtualAuthenticators: true}
Session ID: f9d5aaa7b1cfa1a131841ec6b8c9bd11
at java.base/jdk.internal.reflect.NativeConstructorAccessorImpl.newInstance0(Native Method)
at java.base/jdk.internal.reflect.NativeConstructorAccessorImpl.newInstance(NativeConstructorAccessorImpl.java:62)
at java.base/jdk.internal.reflect.DelegatingConstructorAccessorImpl.newInstance(DelegatingConstructorAccessorImpl.java:45)
at java.base/java.lang.reflect.Constructor.newInstance(Constructor.java:490)
at org.openqa.selenium.remote.codec.w3c.W3CHttpResponseCodec.createException(W3CHttpResponseCodec.java:200)
at org.openqa.selenium.remote.codec.w3c.W3CHttpResponseCodec.decode(W3CHttpResponseCodec.java:133)
at org.openqa.selenium.remote.codec.w3c.W3CHttpResponseCodec.decode(W3CHttpResponseCodec.java:52)
at org.openqa.selenium.remote.HttpCommandExecutor.execute(HttpCommandExecutor.java:191)
at org.openqa.selenium.remote.service.DriverCommandExecutor.invokeExecute(DriverCommandExecutor.java:196)
at org.openqa.selenium.remote.service.DriverCommandExecutor.execute(DriverCommandExecutor.java:171)
at org.openqa.selenium.remote.RemoteWebDriver.execute(RemoteWebDriver.java:602)
at org.openqa.selenium.remote.ElementLocation$ElementFinder$2.findElement(ElementLocation.java:165)
at org.openqa.selenium.remote.ElementLocation.findElement(ElementLocation.java:66)
at org.openqa.selenium.remote.RemoteWebDriver.findElement(RemoteWebDriver.java:359)
at org.openqa.selenium.remote.RemoteWebDriver.findElement(RemoteWebDriver.java:353)
at org.openqa.selenium.support.pagefactory.DefaultElementLocator.findElement(DefaultElementLocator.java:68)
at org.openqa.selenium.support.pagefactory.internal.LocatingElementHandler.invoke(LocatingElementHandler.java:38)
at com.sun.proxy.$Proxy34.getWrappedElement(Unknown Source)
at org.openqa.selenium.remote.internal.WebElementToJsonConverter.apply(WebElementToJsonConverter.java:51)
at java.base/java.util.stream.ReferencePipeline$3$1.accept(ReferencePipeline.java:195)
at java.base/java.util.Spliterators$ArraySpliterator.forEachRemaining(Spliterators.java:948)
at java.base/java.util.stream.AbstractPipeline.copyInto(AbstractPipeline.java:484)
at java.base/java.util.stream.AbstractPipeline.wrapAndCopyInto(AbstractPipeline.java:474)
at java.base/java.util.stream.ReduceOps$ReduceOp.evaluateSequential(ReduceOps.java:913)
at java.base/java.util.stream.AbstractPipeline.evaluate(AbstractPipeline.java:234)
at java.base/java.util.stream.ReferencePipeline.collect(ReferencePipeline.java:578)
at org.openqa.selenium.remote.RemoteWebDriver.executeScript(RemoteWebDriver.java:465)
at TestComponents.BasePages.scroll(BasePages.java:39)
at Pages.TextBoxPage.getTextNameAnswer(TextBoxPage.java:63)
at org.Tests.TextBoxPageTest.validateAnswer(TextBoxPageTest.java:25)
at java.base/jdk.internal.reflect.NativeMethodAccessorImpl.invoke0(Native Method)
at java.base/jdk.internal.reflect.NativeMethodAccessorImpl.invoke(NativeMethodAccessorImpl.java:62)
at java.base/jdk.internal.reflect.DelegatingMethodAccessorImpl.invoke(DelegatingMethodAccessorImpl.java:43)
at java.base/java.lang.reflect.Method.invoke(Method.java:566)
at org.testng.internal.invokers.MethodInvocationHelper.invokeMethod(MethodInvocationHelper.java:139)
at org.testng.internal.invokers.TestInvoker.invokeMethod(TestInvoker.java:664)
at org.testng.internal.invokers.TestInvoker.retryFailed(TestInvoker.java:248)
at org.testng.internal.invokers.MethodRunner.runInSequence(MethodRunner.java:62)
at org.testng.internal.invokers.TestInvoker$MethodInvocationAgent.invoke(TestInvoker.java:957)
at org.testng.internal.invokers.TestInvoker.invokeTestMethods(TestInvoker.java:200)
at org.testng.internal.invokers.TestMethodWorker.invokeTestMethods(TestMethodWorker.java:148)
at org.testng.internal.invokers.TestMethodWorker.run(TestMethodWorker.java:128)
at java.base/java.util.ArrayList.forEach(ArrayList.java:1541)
at org.testng.TestRunner.privateRun(TestRunner.java:848)
at org.testng.TestRunner.run(TestRunner.java:621)
at org.testng.SuiteRunner.runTest(SuiteRunner.java:443)
at org.testng.SuiteRunner.runSequentially(SuiteRunner.java:437)
at org.testng.SuiteRunner.privateRun(SuiteRunner.java:397)
at org.testng.SuiteRunner.run(SuiteRunner.java:336)
at org.testng.SuiteRunnerWorker.runSuite(SuiteRunnerWorker.java:52)
at org.testng.SuiteRunnerWorker.run(SuiteRunnerWorker.java:95)
at org.testng.TestNG.runSuitesSequentially(TestNG.java:1280)
at org.testng.TestNG.runSuitesLocally(TestNG.java:1200)
at org.testng.TestNG.runSuites(TestNG.java:1114)
at org.testng.TestNG.run(TestNG.java:1082)
at org.apache.maven.surefire.testng.TestNGExecutor.run(TestNGExecutor.java:308)
at org.apache.maven.surefire.testng.TestNGXmlTestSuite.execute(TestNGXmlTestSuite.java:71)
at org.apache.maven.surefire.testng.TestNGProvider.invoke(TestNGProvider.java:113)
at org.apache.maven.surefire.booter.ForkedBooter.runSuitesInProcess(ForkedBooter.java:385)
at org.apache.maven.surefire.booter.ForkedBooter.execute(ForkedBooter.java:162)
at org.apache.maven.surefire.booter.ForkedBooter.run(ForkedBooter.java:507)
at org.apache.maven.surefire.booter.ForkedBooter.main(ForkedBooter.java:495)
]]>
            </full-stacktrace>
          </exception> <!-- org.openqa.selenium.NoSuchElementException -->
          <reporter-output>
          </reporter-output>
        </test-method> <!-- validateAnswer -->
        <test-method is-config="true" signature="close()[pri:0, instance:org.Tests.TextBoxPageTest@289710d9]" started-at="2023-12-29T22:37:22 COT" name="close" finished-at="2023-12-29T22:37:23 COT" duration-ms="651" status="PASS">
          <reporter-output>
          </reporter-output>
        </test-method> <!-- close -->
        <test-method is-config="true" signature="homePage()[pri:0, instance:org.Tests.TextBoxPageTest@289710d9]" started-at="2023-12-29T22:37:23 COT" name="homePage" finished-at="2023-12-29T22:37:41 COT" duration-ms="18607" status="PASS">
          <reporter-output>
          </reporter-output>
        </test-method> <!-- homePage -->
        <test-method is-config="true" signature="initializeClass()[pri:0, instance:org.Tests.TextBoxPageTest@289710d9]" started-at="2023-12-29T22:37:41 COT" name="initializeClass" finished-at="2023-12-29T22:37:44 COT" duration-ms="2402" status="PASS">
          <reporter-output>
          </reporter-output>
        </test-method> <!-- initializeClass -->
        <test-method signature="validateAnswer()[pri:0, instance:org.Tests.TextBoxPageTest@289710d9]" started-at="2023-12-29T22:37:44 COT" name="validateAnswer" finished-at="2023-12-29T22:37:44 COT" duration-ms="243" status="FAIL">
          <exception class="org.openqa.selenium.NoSuchElementException">
            <message>
              <![CDATA[no such element: Unable to locate element: {"method":"css selector","selector":"#name"}
  (Session info: chrome=120.0.6099.71)
For documentation on this error, please visit: https://www.selenium.dev/documentation/webdriver/troubleshooting/errors#no-such-element-exception
Build info: version: '4.12.1', revision: '8e34639b11'
System info: os.name: 'Windows 10', os.arch: 'amd64', os.version: '10.0', java.version: '11.0.18'
Driver info: org.openqa.selenium.chrome.ChromeDriver
Command: [f29980e87ef200a3abf270e81a1ab3c1, findElement {using=id, value=name}]
Capabilities {acceptInsecureCerts: false, browserName: chrome, browserVersion: 120.0.6099.71, chrome: {chromedriverVersion: 120.0.6099.109 (3419140ab66..., userDataDir: C:\Users\Jorge\AppData\Loca...}, fedcm:accounts: true, goog:chromeOptions: {debuggerAddress: localhost:60453}, networkConnectionEnabled: false, pageLoadStrategy: normal, platformName: windows, proxy: Proxy(), se:cdp: ws://localhost:60453/devtoo..., se:cdpVersion: 120.0.6099.71, setWindowRect: true, strictFileInteractability: false, timeouts: {implicit: 0, pageLoad: 300000, script: 30000}, unhandledPromptBehavior: dismiss and notify, webauthn:extension:credBlob: true, webauthn:extension:largeBlob: true, webauthn:extension:minPinLength: true, webauthn:extension:prf: true, webauthn:virtualAuthenticators: true}
Session ID: f29980e87ef200a3abf270e81a1ab3c1]]>
            </message>
            <full-stacktrace>
              <![CDATA[org.openqa.selenium.NoSuchElementException: no such element: Unable to locate element: {"method":"css selector","selector":"#name"}
  (Session info: chrome=120.0.6099.71)
For documentation on this error, please visit: https://www.selenium.dev/documentation/webdriver/troubleshooting/errors#no-such-element-exception
Build info: version: '4.12.1', revision: '8e34639b11'
System info: os.name: 'Windows 10', os.arch: 'amd64', os.version: '10.0', java.version: '11.0.18'
Driver info: org.openqa.selenium.chrome.ChromeDriver
Command: [f29980e87ef200a3abf270e81a1ab3c1, findElement {using=id, value=name}]
Capabilities {acceptInsecureCerts: false, browserName: chrome, browserVersion: 120.0.6099.71, chrome: {chromedriverVersion: 120.0.6099.109 (3419140ab66..., userDataDir: C:\Users\Jorge\AppData\Loca...}, fedcm:accounts: true, goog:chromeOptions: {debuggerAddress: localhost:60453}, networkConnectionEnabled: false, pageLoadStrategy: normal, platformName: windows, proxy: Proxy(), se:cdp: ws://localhost:60453/devtoo..., se:cdpVersion: 120.0.6099.71, setWindowRect: true, strictFileInteractability: false, timeouts: {implicit: 0, pageLoad: 300000, script: 30000}, unhandledPromptBehavior: dismiss and notify, webauthn:extension:credBlob: true, webauthn:extension:largeBlob: true, webauthn:extension:minPinLength: true, webauthn:extension:prf: true, webauthn:virtualAuthenticators: true}
Session ID: f29980e87ef200a3abf270e81a1ab3c1
at java.base/jdk.internal.reflect.NativeConstructorAccessorImpl.newInstance0(Native Method)
at java.base/jdk.internal.reflect.NativeConstructorAccessorImpl.newInstance(NativeConstructorAccessorImpl.java:62)
at java.base/jdk.internal.reflect.DelegatingConstructorAccessorImpl.newInstance(DelegatingConstructorAccessorImpl.java:45)
at java.base/java.lang.reflect.Constructor.newInstance(Constructor.java:490)
at org.openqa.selenium.remote.codec.w3c.W3CHttpResponseCodec.createException(W3CHttpResponseCodec.java:200)
at org.openqa.selenium.remote.codec.w3c.W3CHttpResponseCodec.decode(W3CHttpResponseCodec.java:133)
at org.openqa.selenium.remote.codec.w3c.W3CHttpResponseCodec.decode(W3CHttpResponseCodec.java:52)
at org.openqa.selenium.remote.HttpCommandExecutor.execute(HttpCommandExecutor.java:191)
at org.openqa.selenium.remote.service.DriverCommandExecutor.invokeExecute(DriverCommandExecutor.java:196)
at org.openqa.selenium.remote.service.DriverCommandExecutor.execute(DriverCommandExecutor.java:171)
at org.openqa.selenium.remote.RemoteWebDriver.execute(RemoteWebDriver.java:602)
at org.openqa.selenium.remote.ElementLocation$ElementFinder$2.findElement(ElementLocation.java:165)
at org.openqa.selenium.remote.ElementLocation.findElement(ElementLocation.java:66)
at org.openqa.selenium.remote.RemoteWebDriver.findElement(RemoteWebDriver.java:359)
at org.openqa.selenium.remote.RemoteWebDriver.findElement(RemoteWebDriver.java:353)
at org.openqa.selenium.support.pagefactory.DefaultElementLocator.findElement(DefaultElementLocator.java:68)
at org.openqa.selenium.support.pagefactory.internal.LocatingElementHandler.invoke(LocatingElementHandler.java:38)
at com.sun.proxy.$Proxy34.getWrappedElement(Unknown Source)
at org.openqa.selenium.remote.internal.WebElementToJsonConverter.apply(WebElementToJsonConverter.java:51)
at java.base/java.util.stream.ReferencePipeline$3$1.accept(ReferencePipeline.java:195)
at java.base/java.util.Spliterators$ArraySpliterator.forEachRemaining(Spliterators.java:948)
at java.base/java.util.stream.AbstractPipeline.copyInto(AbstractPipeline.java:484)
at java.base/java.util.stream.AbstractPipeline.wrapAndCopyInto(AbstractPipeline.java:474)
at java.base/java.util.stream.ReduceOps$ReduceOp.evaluateSequential(ReduceOps.java:913)
at java.base/java.util.stream.AbstractPipeline.evaluate(AbstractPipeline.java:234)
at java.base/java.util.stream.ReferencePipeline.collect(ReferencePipeline.java:578)
at org.openqa.selenium.remote.RemoteWebDriver.executeScript(RemoteWebDriver.java:465)
at TestComponents.BasePages.scroll(BasePages.java:39)
at Pages.TextBoxPage.getTextNameAnswer(TextBoxPage.java:63)
at org.Tests.TextBoxPageTest.validateAnswer(TextBoxPageTest.java:25)
at java.base/jdk.internal.reflect.NativeMethodAccessorImpl.invoke0(Native Method)
at java.base/jdk.internal.reflect.NativeMethodAccessorImpl.invoke(NativeMethodAccessorImpl.java:62)
at java.base/jdk.internal.reflect.DelegatingMethodAccessorImpl.invoke(DelegatingMethodAccessorImpl.java:43)
at java.base/java.lang.reflect.Method.invoke(Method.java:566)
at org.testng.internal.invokers.MethodInvocationHelper.invokeMethod(MethodInvocationHelper.java:139)
at org.testng.internal.invokers.TestInvoker.invokeMethod(TestInvoker.java:664)
at org.testng.internal.invokers.TestInvoker.retryFailed(TestInvoker.java:248)
at org.testng.internal.invokers.MethodRunner.runInSequence(MethodRunner.java:62)
at org.testng.internal.invokers.TestInvoker$MethodInvocationAgent.invoke(TestInvoker.java:957)
at org.testng.internal.invokers.TestInvoker.invokeTestMethods(TestInvoker.java:200)
at org.testng.internal.invokers.TestMethodWorker.invokeTestMethods(TestMethodWorker.java:148)
at org.testng.internal.invokers.TestMethodWorker.run(TestMethodWorker.java:128)
at java.base/java.util.ArrayList.forEach(ArrayList.java:1541)
at org.testng.TestRunner.privateRun(TestRunner.java:848)
at org.testng.TestRunner.run(TestRunner.java:621)
at org.testng.SuiteRunner.runTest(SuiteRunner.java:443)
at org.testng.SuiteRunner.runSequentially(SuiteRunner.java:437)
at org.testng.SuiteRunner.privateRun(SuiteRunner.java:397)
at org.testng.SuiteRunner.run(SuiteRunner.java:336)
at org.testng.SuiteRunnerWorker.runSuite(SuiteRunnerWorker.java:52)
at org.testng.SuiteRunnerWorker.run(SuiteRunnerWorker.java:95)
at org.testng.TestNG.runSuitesSequentially(TestNG.java:1280)
at org.testng.TestNG.runSuitesLocally(TestNG.java:1200)
at org.testng.TestNG.runSuites(TestNG.java:1114)
at org.testng.TestNG.run(TestNG.java:1082)
at org.apache.maven.surefire.testng.TestNGExecutor.run(TestNGExecutor.java:308)
at org.apache.maven.surefire.testng.TestNGXmlTestSuite.execute(TestNGXmlTestSuite.java:71)
at org.apache.maven.surefire.testng.TestNGProvider.invoke(TestNGProvider.java:113)
at org.apache.maven.surefire.booter.ForkedBooter.runSuitesInProcess(ForkedBooter.java:385)
at org.apache.maven.surefire.booter.ForkedBooter.execute(ForkedBooter.java:162)
at org.apache.maven.surefire.booter.ForkedBooter.run(ForkedBooter.java:507)
at org.apache.maven.surefire.booter.ForkedBooter.main(ForkedBooter.java:495)
]]>
            </full-stacktrace>
          </exception> <!-- org.openqa.selenium.NoSuchElementException -->
          <reporter-output>
          </reporter-output>
        </test-method> <!-- validateAnswer -->
        <test-method is-config="true" signature="close()[pri:0, instance:org.Tests.TextBoxPageTest@289710d9]" started-at="2023-12-29T22:37:55 COT" name="close" finished-at="2023-12-29T22:37:55 COT" duration-ms="716" status="PASS">
          <reporter-output>
          </reporter-output>
        </test-method> <!-- close -->
      </class> <!-- org.Tests.TextBoxPageTest -->
    </test> <!-- Text Box -->
    <test started-at="2023-12-29T22:37:56 COT" name="Check Box" finished-at="2023-12-29T22:39:25 COT" duration-ms="89447">
      <class name="org.Tests.CheckBoxPageTest">
        <test-method is-config="true" signature="homePage()[pri:0, instance:org.Tests.CheckBoxPageTest@5143c662]" started-at="2023-12-29T22:37:56 COT" name="homePage" finished-at="2023-12-29T22:38:24 COT" duration-ms="28421" status="PASS">
          <reporter-output>
          </reporter-output>
        </test-method> <!-- homePage -->
        <test-method is-config="true" signature="initializeClass()[pri:0, instance:org.Tests.CheckBoxPageTest@5143c662]" started-at="2023-12-29T22:38:24 COT" name="initializeClass" finished-at="2023-12-29T22:38:29 COT" duration-ms="5274" status="PASS">
          <reporter-output>
          </reporter-output>
        </test-method> <!-- initializeClass -->
        <test-method signature="ValidateDesktopIsClicked()[pri:0, instance:org.Tests.CheckBoxPageTest@5143c662]" started-at="2023-12-29T22:38:29 COT" name="ValidateDesktopIsClicked" finished-at="2023-12-29T22:38:30 COT" duration-ms="1122" status="PASS">
          <reporter-output>
          </reporter-output>
        </test-method> <!-- ValidateDesktopIsClicked -->
        <test-method is-config="true" signature="close()[pri:0, instance:org.Tests.CheckBoxPageTest@5143c662]" started-at="2023-12-29T22:38:30 COT" name="close" finished-at="2023-12-29T22:38:32 COT" duration-ms="2052" status="PASS">
          <reporter-output>
          </reporter-output>
        </test-method> <!-- close -->
        <test-method is-config="true" signature="homePage()[pri:0, instance:org.Tests.CheckBoxPageTest@5143c662]" started-at="2023-12-29T22:38:32 COT" name="homePage" finished-at="2023-12-29T22:38:52 COT" duration-ms="19772" status="PASS">
          <reporter-output>
          </reporter-output>
        </test-method> <!-- homePage -->
        <test-method is-config="true" signature="initializeClass()[pri:0, instance:org.Tests.CheckBoxPageTest@5143c662]" started-at="2023-12-29T22:38:52 COT" name="initializeClass" finished-at="2023-12-29T22:38:58 COT" duration-ms="5317" status="PASS">
          <reporter-output>
          </reporter-output>
        </test-method> <!-- initializeClass -->
        <test-method signature="validateDocumentsIsClicked()[pri:0, instance:org.Tests.CheckBoxPageTest@5143c662]" started-at="2023-12-29T22:38:58 COT" name="validateDocumentsIsClicked" finished-at="2023-12-29T22:39:01 COT" duration-ms="3912" status="PASS">
          <reporter-output>
          </reporter-output>
        </test-method> <!-- validateDocumentsIsClicked -->
        <test-method is-config="true" signature="close()[pri:0, instance:org.Tests.CheckBoxPageTest@5143c662]" started-at="2023-12-29T22:39:01 COT" name="close" finished-at="2023-12-29T22:39:02 COT" duration-ms="774" status="PASS">
          <reporter-output>
          </reporter-output>
        </test-method> <!-- close -->
        <test-method is-config="true" signature="homePage()[pri:0, instance:org.Tests.CheckBoxPageTest@5143c662]" started-at="2023-12-29T22:39:02 COT" name="homePage" finished-at="2023-12-29T22:39:19 COT" duration-ms="17187" status="PASS">
          <reporter-output>
          </reporter-output>
        </test-method> <!-- homePage -->
        <test-method is-config="true" signature="initializeClass()[pri:0, instance:org.Tests.CheckBoxPageTest@5143c662]" started-at="2023-12-29T22:39:19 COT" name="initializeClass" finished-at="2023-12-29T22:39:23 COT" duration-ms="3719" status="PASS">
          <reporter-output>
          </reporter-output>
        </test-method> <!-- initializeClass -->
        <test-method signature="validateDownloadsIsClicked()[pri:0, instance:org.Tests.CheckBoxPageTest@5143c662]" started-at="2023-12-29T22:39:23 COT" name="validateDownloadsIsClicked" finished-at="2023-12-29T22:39:25 COT" duration-ms="1404" status="PASS">
          <reporter-output>
          </reporter-output>
        </test-method> <!-- validateDownloadsIsClicked -->
        <test-method is-config="true" signature="close()[pri:0, instance:org.Tests.CheckBoxPageTest@5143c662]" started-at="2023-12-29T22:39:25 COT" name="close" finished-at="2023-12-29T22:39:25 COT" duration-ms="476" status="PASS">
          <reporter-output>
          </reporter-output>
        </test-method> <!-- close -->
      </class> <!-- org.Tests.CheckBoxPageTest -->
    </test> <!-- Check Box -->
    <test started-at="2023-12-29T22:39:25 COT" name="Radio Button" finished-at="2023-12-29T22:40:47 COT" duration-ms="81358">
      <class name="org.Tests.RadioButtonPageTest">
        <test-method is-config="true" signature="homePage()[pri:0, instance:org.Tests.RadioButtonPageTest@4b1d6571]" started-at="2023-12-29T22:39:25 COT" name="homePage" finished-at="2023-12-29T22:39:50 COT" duration-ms="24294" status="PASS">
          <reporter-output>
          </reporter-output>
        </test-method> <!-- homePage -->
        <test-method is-config="true" signature="initializeClass()[pri:0, instance:org.Tests.RadioButtonPageTest@4b1d6571]" started-at="2023-12-29T22:39:50 COT" name="initializeClass" finished-at="2023-12-29T22:39:56 COT" duration-ms="6273" status="PASS">
          <reporter-output>
          </reporter-output>
        </test-method> <!-- initializeClass -->
        <test-method signature="validateDisabledRadioButton()[pri:0, instance:org.Tests.RadioButtonPageTest@4b1d6571]" started-at="2023-12-29T22:39:56 COT" name="validateDisabledRadioButton" finished-at="2023-12-29T22:39:56 COT" duration-ms="135" status="PASS">
          <reporter-output>
          </reporter-output>
        </test-method> <!-- validateDisabledRadioButton -->
        <test-method is-config="true" signature="close()[pri:0, instance:org.Tests.RadioButtonPageTest@4b1d6571]" started-at="2023-12-29T22:39:56 COT" name="close" finished-at="2023-12-29T22:39:57 COT" duration-ms="836" status="PASS">
          <reporter-output>
          </reporter-output>
        </test-method> <!-- close -->
        <test-method is-config="true" signature="homePage()[pri:0, instance:org.Tests.RadioButtonPageTest@4b1d6571]" started-at="2023-12-29T22:39:57 COT" name="homePage" finished-at="2023-12-29T22:40:15 COT" duration-ms="17653" status="PASS">
          <reporter-output>
          </reporter-output>
        </test-method> <!-- homePage -->
        <test-method is-config="true" signature="initializeClass()[pri:0, instance:org.Tests.RadioButtonPageTest@4b1d6571]" started-at="2023-12-29T22:40:15 COT" name="initializeClass" finished-at="2023-12-29T22:40:16 COT" duration-ms="1459" status="PASS">
          <reporter-output>
          </reporter-output>
        </test-method> <!-- initializeClass -->
        <test-method signature="validateImpressiveRadioButton()[pri:0, instance:org.Tests.RadioButtonPageTest@4b1d6571]" started-at="2023-12-29T22:40:16 COT" name="validateImpressiveRadioButton" finished-at="2023-12-29T22:40:18 COT" duration-ms="2248" status="PASS">
          <reporter-output>
          </reporter-output>
        </test-method> <!-- validateImpressiveRadioButton -->
        <test-method is-config="true" signature="close()[pri:0, instance:org.Tests.RadioButtonPageTest@4b1d6571]" started-at="2023-12-29T22:40:18 COT" name="close" finished-at="2023-12-29T22:40:20 COT" duration-ms="1147" status="PASS">
          <reporter-output>
          </reporter-output>
        </test-method> <!-- close -->
        <test-method is-config="true" signature="homePage()[pri:0, instance:org.Tests.RadioButtonPageTest@4b1d6571]" started-at="2023-12-29T22:40:20 COT" name="homePage" finished-at="2023-12-29T22:40:36 COT" duration-ms="16950" status="PASS">
          <reporter-output>
          </reporter-output>
        </test-method> <!-- homePage -->
        <test-method is-config="true" signature="initializeClass()[pri:0, instance:org.Tests.RadioButtonPageTest@4b1d6571]" started-at="2023-12-29T22:40:36 COT" name="initializeClass" finished-at="2023-12-29T22:40:42 COT" duration-ms="5671" status="PASS">
          <reporter-output>
          </reporter-output>
        </test-method> <!-- initializeClass -->
        <test-method signature="validateYesRadioButton()[pri:0, instance:org.Tests.RadioButtonPageTest@4b1d6571]" started-at="2023-12-29T22:40:42 COT" name="validateYesRadioButton" finished-at="2023-12-29T22:40:45 COT" duration-ms="2526" status="PASS">
          <reporter-output>
          </reporter-output>
        </test-method> <!-- validateYesRadioButton -->
        <test-method is-config="true" signature="close()[pri:0, instance:org.Tests.RadioButtonPageTest@4b1d6571]" started-at="2023-12-29T22:40:45 COT" name="close" finished-at="2023-12-29T22:40:47 COT" duration-ms="2150" status="PASS">
          <reporter-output>
          </reporter-output>
        </test-method> <!-- close -->
      </class> <!-- org.Tests.RadioButtonPageTest -->
    </test> <!-- Radio Button -->
    <test started-at="2023-12-29T22:40:47 COT" name="Web Tables" finished-at="2023-12-29T22:44:08 COT" duration-ms="201151">
      <class name="org.Tests.WebTablesPageTest">
        <test-method is-config="true" signature="homePage()[pri:0, instance:org.Tests.WebTablesPageTest@16414e40]" started-at="2023-12-29T22:40:47 COT" name="homePage" finished-at="2023-12-29T22:41:12 COT" duration-ms="24772" status="PASS">
          <reporter-output>
          </reporter-output>
        </test-method> <!-- homePage -->
        <test-method is-config="true" signature="initializeClass()[pri:0, instance:org.Tests.WebTablesPageTest@16414e40]" started-at="2023-12-29T22:41:12 COT" name="initializeClass" finished-at="2023-12-29T22:41:15 COT" duration-ms="2683" status="PASS">
          <reporter-output>
          </reporter-output>
        </test-method> <!-- initializeClass -->
        <test-method signature="validateAllRowsEmpty()[pri:0, instance:org.Tests.WebTablesPageTest@16414e40]" started-at="2023-12-29T22:41:15 COT" name="validateAllRowsEmpty" finished-at="2023-12-29T22:41:19 COT" duration-ms="4897" status="PASS">
          <reporter-output>
          </reporter-output>
        </test-method> <!-- validateAllRowsEmpty -->
        <test-method is-config="true" signature="close()[pri:0, instance:org.Tests.WebTablesPageTest@16414e40]" started-at="2023-12-29T22:41:19 COT" name="close" finished-at="2023-12-29T22:41:21 COT" duration-ms="2032" status="PASS">
          <reporter-output>
          </reporter-output>
        </test-method> <!-- close -->
        <test-method is-config="true" signature="homePage()[pri:0, instance:org.Tests.WebTablesPageTest@16414e40]" started-at="2023-12-29T22:41:21 COT" name="homePage" finished-at="2023-12-29T22:41:58 COT" duration-ms="36551" status="PASS">
          <reporter-output>
          </reporter-output>
        </test-method> <!-- homePage -->
        <test-method is-config="true" signature="initializeClass()[pri:0, instance:org.Tests.WebTablesPageTest@16414e40]" started-at="2023-12-29T22:41:58 COT" name="initializeClass" finished-at="2023-12-29T22:42:01 COT" duration-ms="2751" status="PASS">
          <reporter-output>
          </reporter-output>
        </test-method> <!-- initializeClass -->
        <test-method retried="true" signature="validateCorrectNewRow()[pri:0, instance:org.Tests.WebTablesPageTest@16414e40]" started-at="2023-12-29T22:42:01 COT" name="validateCorrectNewRow" finished-at="2023-12-29T22:42:08 COT" duration-ms="7308" status="SKIP">
          <exception class="java.lang.AssertionError">
            <message>
              <![CDATA[expected [Aleatorio] but found [Cierra]]]>
            </message>
            <full-stacktrace>
              <![CDATA[java.lang.AssertionError: expected [Aleatorio] but found [Cierra]
at org.testng.Assert.fail(Assert.java:111)
at org.testng.Assert.failNotEquals(Assert.java:1578)
at org.testng.Assert.assertEqualsImpl(Assert.java:150)
at org.testng.Assert.assertEquals(Assert.java:132)
at org.testng.Assert.assertEquals(Assert.java:656)
at org.testng.Assert.assertEquals(Assert.java:666)
at org.Tests.WebTablesPageTest.validateCorrectNewRow(WebTablesPageTest.java:34)
at java.base/jdk.internal.reflect.NativeMethodAccessorImpl.invoke0(Native Method)
at java.base/jdk.internal.reflect.NativeMethodAccessorImpl.invoke(NativeMethodAccessorImpl.java:62)
at java.base/jdk.internal.reflect.DelegatingMethodAccessorImpl.invoke(DelegatingMethodAccessorImpl.java:43)
at java.base/java.lang.reflect.Method.invoke(Method.java:566)
at org.testng.internal.invokers.MethodInvocationHelper.invokeMethod(MethodInvocationHelper.java:139)
at org.testng.internal.invokers.TestInvoker.invokeMethod(TestInvoker.java:664)
at org.testng.internal.invokers.TestInvoker.invokeTestMethod(TestInvoker.java:227)
at org.testng.internal.invokers.MethodRunner.runInSequence(MethodRunner.java:50)
at org.testng.internal.invokers.TestInvoker$MethodInvocationAgent.invoke(TestInvoker.java:957)
at org.testng.internal.invokers.TestInvoker.invokeTestMethods(TestInvoker.java:200)
at org.testng.internal.invokers.TestMethodWorker.invokeTestMethods(TestMethodWorker.java:148)
at org.testng.internal.invokers.TestMethodWorker.run(TestMethodWorker.java:128)
at java.base/java.util.ArrayList.forEach(ArrayList.java:1541)
at org.testng.TestRunner.privateRun(TestRunner.java:848)
at org.testng.TestRunner.run(TestRunner.java:621)
at org.testng.SuiteRunner.runTest(SuiteRunner.java:443)
at org.testng.SuiteRunner.runSequentially(SuiteRunner.java:437)
at org.testng.SuiteRunner.privateRun(SuiteRunner.java:397)
at org.testng.SuiteRunner.run(SuiteRunner.java:336)
at org.testng.SuiteRunnerWorker.runSuite(SuiteRunnerWorker.java:52)
at org.testng.SuiteRunnerWorker.run(SuiteRunnerWorker.java:95)
at org.testng.TestNG.runSuitesSequentially(TestNG.java:1280)
at org.testng.TestNG.runSuitesLocally(TestNG.java:1200)
at org.testng.TestNG.runSuites(TestNG.java:1114)
at org.testng.TestNG.run(TestNG.java:1082)
at org.apache.maven.surefire.testng.TestNGExecutor.run(TestNGExecutor.java:308)
at org.apache.maven.surefire.testng.TestNGXmlTestSuite.execute(TestNGXmlTestSuite.java:71)
at org.apache.maven.surefire.testng.TestNGProvider.invoke(TestNGProvider.java:113)
at org.apache.maven.surefire.booter.ForkedBooter.runSuitesInProcess(ForkedBooter.java:385)
at org.apache.maven.surefire.booter.ForkedBooter.execute(ForkedBooter.java:162)
at org.apache.maven.surefire.booter.ForkedBooter.run(ForkedBooter.java:507)
at org.apache.maven.surefire.booter.ForkedBooter.main(ForkedBooter.java:495)
]]>
            </full-stacktrace>
          </exception> <!-- java.lang.AssertionError -->
          <reporter-output>
          </reporter-output>
        </test-method> <!-- validateCorrectNewRow -->
        <test-method is-config="true" signature="close()[pri:0, instance:org.Tests.WebTablesPageTest@16414e40]" started-at="2023-12-29T22:42:08 COT" name="close" finished-at="2023-12-29T22:42:09 COT" duration-ms="1269" status="PASS">
          <reporter-output>
          </reporter-output>
        </test-method> <!-- close -->
        <test-method is-config="true" signature="homePage()[pri:0, instance:org.Tests.WebTablesPageTest@16414e40]" started-at="2023-12-29T22:42:09 COT" name="homePage" finished-at="2023-12-29T22:42:31 COT" duration-ms="22130" status="PASS">
          <reporter-output>
          </reporter-output>
        </test-method> <!-- homePage -->
        <test-method is-config="true" signature="initializeClass()[pri:0, instance:org.Tests.WebTablesPageTest@16414e40]" started-at="2023-12-29T22:42:31 COT" name="initializeClass" finished-at="2023-12-29T22:42:34 COT" duration-ms="2015" status="PASS">
          <reporter-output>
          </reporter-output>
        </test-method> <!-- initializeClass -->
        <test-method retried="true" signature="validateCorrectNewRow()[pri:0, instance:org.Tests.WebTablesPageTest@16414e40]" started-at="2023-12-29T22:42:34 COT" name="validateCorrectNewRow" finished-at="2023-12-29T22:42:42 COT" duration-ms="7999" status="SKIP">
          <exception class="java.lang.AssertionError">
            <message>
              <![CDATA[expected [Aleatorio] but found [Cierra]]]>
            </message>
            <full-stacktrace>
              <![CDATA[java.lang.AssertionError: expected [Aleatorio] but found [Cierra]
at org.testng.Assert.fail(Assert.java:111)
at org.testng.Assert.failNotEquals(Assert.java:1578)
at org.testng.Assert.assertEqualsImpl(Assert.java:150)
at org.testng.Assert.assertEquals(Assert.java:132)
at org.testng.Assert.assertEquals(Assert.java:656)
at org.testng.Assert.assertEquals(Assert.java:666)
at org.Tests.WebTablesPageTest.validateCorrectNewRow(WebTablesPageTest.java:34)
at java.base/jdk.internal.reflect.NativeMethodAccessorImpl.invoke0(Native Method)
at java.base/jdk.internal.reflect.NativeMethodAccessorImpl.invoke(NativeMethodAccessorImpl.java:62)
at java.base/jdk.internal.reflect.DelegatingMethodAccessorImpl.invoke(DelegatingMethodAccessorImpl.java:43)
at java.base/java.lang.reflect.Method.invoke(Method.java:566)
at org.testng.internal.invokers.MethodInvocationHelper.invokeMethod(MethodInvocationHelper.java:139)
at org.testng.internal.invokers.TestInvoker.invokeMethod(TestInvoker.java:664)
at org.testng.internal.invokers.TestInvoker.retryFailed(TestInvoker.java:248)
at org.testng.internal.invokers.MethodRunner.runInSequence(MethodRunner.java:62)
at org.testng.internal.invokers.TestInvoker$MethodInvocationAgent.invoke(TestInvoker.java:957)
at org.testng.internal.invokers.TestInvoker.invokeTestMethods(TestInvoker.java:200)
at org.testng.internal.invokers.TestMethodWorker.invokeTestMethods(TestMethodWorker.java:148)
at org.testng.internal.invokers.TestMethodWorker.run(TestMethodWorker.java:128)
at java.base/java.util.ArrayList.forEach(ArrayList.java:1541)
at org.testng.TestRunner.privateRun(TestRunner.java:848)
at org.testng.TestRunner.run(TestRunner.java:621)
at org.testng.SuiteRunner.runTest(SuiteRunner.java:443)
at org.testng.SuiteRunner.runSequentially(SuiteRunner.java:437)
at org.testng.SuiteRunner.privateRun(SuiteRunner.java:397)
at org.testng.SuiteRunner.run(SuiteRunner.java:336)
at org.testng.SuiteRunnerWorker.runSuite(SuiteRunnerWorker.java:52)
at org.testng.SuiteRunnerWorker.run(SuiteRunnerWorker.java:95)
at org.testng.TestNG.runSuitesSequentially(TestNG.java:1280)
at org.testng.TestNG.runSuitesLocally(TestNG.java:1200)
at org.testng.TestNG.runSuites(TestNG.java:1114)
at org.testng.TestNG.run(TestNG.java:1082)
at org.apache.maven.surefire.testng.TestNGExecutor.run(TestNGExecutor.java:308)
at org.apache.maven.surefire.testng.TestNGXmlTestSuite.execute(TestNGXmlTestSuite.java:71)
at org.apache.maven.surefire.testng.TestNGProvider.invoke(TestNGProvider.java:113)
at org.apache.maven.surefire.booter.ForkedBooter.runSuitesInProcess(ForkedBooter.java:385)
at org.apache.maven.surefire.booter.ForkedBooter.execute(ForkedBooter.java:162)
at org.apache.maven.surefire.booter.ForkedBooter.run(ForkedBooter.java:507)
at org.apache.maven.surefire.booter.ForkedBooter.main(ForkedBooter.java:495)
]]>
            </full-stacktrace>
          </exception> <!-- java.lang.AssertionError -->
          <reporter-output>
          </reporter-output>
        </test-method> <!-- validateCorrectNewRow -->
        <test-method is-config="true" signature="close()[pri:0, instance:org.Tests.WebTablesPageTest@16414e40]" started-at="2023-12-29T22:42:42 COT" name="close" finished-at="2023-12-29T22:42:42 COT" duration-ms="693" status="PASS">
          <reporter-output>
          </reporter-output>
        </test-method> <!-- close -->
        <test-method is-config="true" signature="homePage()[pri:0, instance:org.Tests.WebTablesPageTest@16414e40]" started-at="2023-12-29T22:42:42 COT" name="homePage" finished-at="2023-12-29T22:43:06 COT" duration-ms="23940" status="PASS">
          <reporter-output>
          </reporter-output>
        </test-method> <!-- homePage -->
        <test-method is-config="true" signature="initializeClass()[pri:0, instance:org.Tests.WebTablesPageTest@16414e40]" started-at="2023-12-29T22:43:06 COT" name="initializeClass" finished-at="2023-12-29T22:43:08 COT" duration-ms="2028" status="PASS">
          <reporter-output>
          </reporter-output>
        </test-method> <!-- initializeClass -->
        <test-method retried="true" signature="validateCorrectNewRow()[pri:0, instance:org.Tests.WebTablesPageTest@16414e40]" started-at="2023-12-29T22:43:08 COT" name="validateCorrectNewRow" finished-at="2023-12-29T22:43:15 COT" duration-ms="6949" status="SKIP">
          <exception class="java.lang.AssertionError">
            <message>
              <![CDATA[expected [Aleatorio] but found [Cierra]]]>
            </message>
            <full-stacktrace>
              <![CDATA[java.lang.AssertionError: expected [Aleatorio] but found [Cierra]
at org.testng.Assert.fail(Assert.java:111)
at org.testng.Assert.failNotEquals(Assert.java:1578)
at org.testng.Assert.assertEqualsImpl(Assert.java:150)
at org.testng.Assert.assertEquals(Assert.java:132)
at org.testng.Assert.assertEquals(Assert.java:656)
at org.testng.Assert.assertEquals(Assert.java:666)
at org.Tests.WebTablesPageTest.validateCorrectNewRow(WebTablesPageTest.java:34)
at java.base/jdk.internal.reflect.NativeMethodAccessorImpl.invoke0(Native Method)
at java.base/jdk.internal.reflect.NativeMethodAccessorImpl.invoke(NativeMethodAccessorImpl.java:62)
at java.base/jdk.internal.reflect.DelegatingMethodAccessorImpl.invoke(DelegatingMethodAccessorImpl.java:43)
at java.base/java.lang.reflect.Method.invoke(Method.java:566)
at org.testng.internal.invokers.MethodInvocationHelper.invokeMethod(MethodInvocationHelper.java:139)
at org.testng.internal.invokers.TestInvoker.invokeMethod(TestInvoker.java:664)
at org.testng.internal.invokers.TestInvoker.retryFailed(TestInvoker.java:248)
at org.testng.internal.invokers.MethodRunner.runInSequence(MethodRunner.java:62)
at org.testng.internal.invokers.TestInvoker$MethodInvocationAgent.invoke(TestInvoker.java:957)
at org.testng.internal.invokers.TestInvoker.invokeTestMethods(TestInvoker.java:200)
at org.testng.internal.invokers.TestMethodWorker.invokeTestMethods(TestMethodWorker.java:148)
at org.testng.internal.invokers.TestMethodWorker.run(TestMethodWorker.java:128)
at java.base/java.util.ArrayList.forEach(ArrayList.java:1541)
at org.testng.TestRunner.privateRun(TestRunner.java:848)
at org.testng.TestRunner.run(TestRunner.java:621)
at org.testng.SuiteRunner.runTest(SuiteRunner.java:443)
at org.testng.SuiteRunner.runSequentially(SuiteRunner.java:437)
at org.testng.SuiteRunner.privateRun(SuiteRunner.java:397)
at org.testng.SuiteRunner.run(SuiteRunner.java:336)
at org.testng.SuiteRunnerWorker.runSuite(SuiteRunnerWorker.java:52)
at org.testng.SuiteRunnerWorker.run(SuiteRunnerWorker.java:95)
at org.testng.TestNG.runSuitesSequentially(TestNG.java:1280)
at org.testng.TestNG.runSuitesLocally(TestNG.java:1200)
at org.testng.TestNG.runSuites(TestNG.java:1114)
at org.testng.TestNG.run(TestNG.java:1082)
at org.apache.maven.surefire.testng.TestNGExecutor.run(TestNGExecutor.java:308)
at org.apache.maven.surefire.testng.TestNGXmlTestSuite.execute(TestNGXmlTestSuite.java:71)
at org.apache.maven.surefire.testng.TestNGProvider.invoke(TestNGProvider.java:113)
at org.apache.maven.surefire.booter.ForkedBooter.runSuitesInProcess(ForkedBooter.java:385)
at org.apache.maven.surefire.booter.ForkedBooter.execute(ForkedBooter.java:162)
at org.apache.maven.surefire.booter.ForkedBooter.run(ForkedBooter.java:507)
at org.apache.maven.surefire.booter.ForkedBooter.main(ForkedBooter.java:495)
]]>
            </full-stacktrace>
          </exception> <!-- java.lang.AssertionError -->
          <reporter-output>
          </reporter-output>
        </test-method> <!-- validateCorrectNewRow -->
        <test-method is-config="true" signature="close()[pri:0, instance:org.Tests.WebTablesPageTest@16414e40]" started-at="2023-12-29T22:43:15 COT" name="close" finished-at="2023-12-29T22:43:16 COT" duration-ms="932" status="PASS">
          <reporter-output>
          </reporter-output>
        </test-method> <!-- close -->
        <test-method is-config="true" signature="homePage()[pri:0, instance:org.Tests.WebTablesPageTest@16414e40]" started-at="2023-12-29T22:43:16 COT" name="homePage" finished-at="2023-12-29T22:43:36 COT" duration-ms="20329" status="PASS">
          <reporter-output>
          </reporter-output>
        </test-method> <!-- homePage -->
        <test-method is-config="true" signature="initializeClass()[pri:0, instance:org.Tests.WebTablesPageTest@16414e40]" started-at="2023-12-29T22:43:36 COT" name="initializeClass" finished-at="2023-12-29T22:43:42 COT" duration-ms="5691" status="PASS">
          <reporter-output>
          </reporter-output>
        </test-method> <!-- initializeClass -->
        <test-method signature="validateCorrectNewRow()[pri:0, instance:org.Tests.WebTablesPageTest@16414e40]" started-at="2023-12-29T22:43:42 COT" name="validateCorrectNewRow" finished-at="2023-12-29T22:43:47 COT" duration-ms="5322" status="FAIL">
          <exception class="java.lang.AssertionError">
            <message>
              <![CDATA[expected [Aleatorio] but found [Cierra]]]>
            </message>
            <full-stacktrace>
              <![CDATA[java.lang.AssertionError: expected [Aleatorio] but found [Cierra]
at org.testng.Assert.fail(Assert.java:111)
at org.testng.Assert.failNotEquals(Assert.java:1578)
at org.testng.Assert.assertEqualsImpl(Assert.java:150)
at org.testng.Assert.assertEquals(Assert.java:132)
at org.testng.Assert.assertEquals(Assert.java:656)
at org.testng.Assert.assertEquals(Assert.java:666)
at org.Tests.WebTablesPageTest.validateCorrectNewRow(WebTablesPageTest.java:34)
at java.base/jdk.internal.reflect.NativeMethodAccessorImpl.invoke0(Native Method)
at java.base/jdk.internal.reflect.NativeMethodAccessorImpl.invoke(NativeMethodAccessorImpl.java:62)
at java.base/jdk.internal.reflect.DelegatingMethodAccessorImpl.invoke(DelegatingMethodAccessorImpl.java:43)
at java.base/java.lang.reflect.Method.invoke(Method.java:566)
at org.testng.internal.invokers.MethodInvocationHelper.invokeMethod(MethodInvocationHelper.java:139)
at org.testng.internal.invokers.TestInvoker.invokeMethod(TestInvoker.java:664)
at org.testng.internal.invokers.TestInvoker.retryFailed(TestInvoker.java:248)
at org.testng.internal.invokers.MethodRunner.runInSequence(MethodRunner.java:62)
at org.testng.internal.invokers.TestInvoker$MethodInvocationAgent.invoke(TestInvoker.java:957)
at org.testng.internal.invokers.TestInvoker.invokeTestMethods(TestInvoker.java:200)
at org.testng.internal.invokers.TestMethodWorker.invokeTestMethods(TestMethodWorker.java:148)
at org.testng.internal.invokers.TestMethodWorker.run(TestMethodWorker.java:128)
at java.base/java.util.ArrayList.forEach(ArrayList.java:1541)
at org.testng.TestRunner.privateRun(TestRunner.java:848)
at org.testng.TestRunner.run(TestRunner.java:621)
at org.testng.SuiteRunner.runTest(SuiteRunner.java:443)
at org.testng.SuiteRunner.runSequentially(SuiteRunner.java:437)
at org.testng.SuiteRunner.privateRun(SuiteRunner.java:397)
at org.testng.SuiteRunner.run(SuiteRunner.java:336)
at org.testng.SuiteRunnerWorker.runSuite(SuiteRunnerWorker.java:52)
at org.testng.SuiteRunnerWorker.run(SuiteRunnerWorker.java:95)
at org.testng.TestNG.runSuitesSequentially(TestNG.java:1280)
at org.testng.TestNG.runSuitesLocally(TestNG.java:1200)
at org.testng.TestNG.runSuites(TestNG.java:1114)
at org.testng.TestNG.run(TestNG.java:1082)
at org.apache.maven.surefire.testng.TestNGExecutor.run(TestNGExecutor.java:308)
at org.apache.maven.surefire.testng.TestNGXmlTestSuite.execute(TestNGXmlTestSuite.java:71)
at org.apache.maven.surefire.testng.TestNGProvider.invoke(TestNGProvider.java:113)
at org.apache.maven.surefire.booter.ForkedBooter.runSuitesInProcess(ForkedBooter.java:385)
at org.apache.maven.surefire.booter.ForkedBooter.execute(ForkedBooter.java:162)
at org.apache.maven.surefire.booter.ForkedBooter.run(ForkedBooter.java:507)
at org.apache.maven.surefire.booter.ForkedBooter.main(ForkedBooter.java:495)
]]>
            </full-stacktrace>
          </exception> <!-- java.lang.AssertionError -->
          <reporter-output>
          </reporter-output>
        </test-method> <!-- validateCorrectNewRow -->
        <test-method is-config="true" signature="close()[pri:0, instance:org.Tests.WebTablesPageTest@16414e40]" started-at="2023-12-29T22:44:05 COT" name="close" finished-at="2023-12-29T22:44:08 COT" duration-ms="3144" status="PASS">
          <reporter-output>
          </reporter-output>
        </test-method> <!-- close -->
      </class> <!-- org.Tests.WebTablesPageTest -->
    </test> <!-- Web Tables -->
    <test started-at="2023-12-29T22:44:09 COT" name="Buttons" finished-at="2023-12-29T22:48:09 COT" duration-ms="240144">
      <class name="org.Tests.ButtonsPageTest">
        <test-method is-config="true" signature="homePage()[pri:0, instance:org.Tests.ButtonsPageTest@53dbe163]" started-at="2023-12-29T22:44:09 COT" name="homePage" finished-at="2023-12-29T22:44:45 COT" duration-ms="36111" status="PASS">
          <reporter-output>
          </reporter-output>
        </test-method> <!-- homePage -->
        <test-method is-config="true" signature="initializeClass()[pri:0, instance:org.Tests.ButtonsPageTest@53dbe163]" started-at="2023-12-29T22:44:45 COT" name="initializeClass" finished-at="2023-12-29T22:44:54 COT" duration-ms="9255" status="PASS">
          <reporter-output>
          </reporter-output>
        </test-method> <!-- initializeClass -->
        <test-method signature="validateClickInABtn()[pri:0, instance:org.Tests.ButtonsPageTest@53dbe163]" started-at="2023-12-29T22:44:54 COT" name="validateClickInABtn" finished-at="2023-12-29T22:44:55 COT" duration-ms="1183" status="PASS">
          <reporter-output>
          </reporter-output>
        </test-method> <!-- validateClickInABtn -->
        <test-method is-config="true" signature="close()[pri:0, instance:org.Tests.ButtonsPageTest@53dbe163]" started-at="2023-12-29T22:44:55 COT" name="close" finished-at="2023-12-29T22:44:56 COT" duration-ms="1041" status="PASS">
          <reporter-output>
          </reporter-output>
        </test-method> <!-- close -->
        <test-method is-config="true" signature="homePage()[pri:0, instance:org.Tests.ButtonsPageTest@53dbe163]" started-at="2023-12-29T22:44:56 COT" name="homePage" finished-at="2023-12-29T22:45:52 COT" duration-ms="56012" status="PASS">
          <reporter-output>
          </reporter-output>
        </test-method> <!-- homePage -->
        <test-method is-config="true" signature="initializeClass()[pri:0, instance:org.Tests.ButtonsPageTest@53dbe163]" started-at="2023-12-29T22:45:52 COT" name="initializeClass" finished-at="2023-12-29T22:45:54 COT" duration-ms="1530" status="PASS">
          <reporter-output>
          </reporter-output>
        </test-method> <!-- initializeClass -->
        <test-method signature="validateDoubleClickInABtn()[pri:0, instance:org.Tests.ButtonsPageTest@53dbe163]" started-at="2023-12-29T22:45:54 COT" name="validateDoubleClickInABtn" finished-at="2023-12-29T22:46:01 COT" duration-ms="6845" status="PASS">
          <reporter-output>
          </reporter-output>
        </test-method> <!-- validateDoubleClickInABtn -->
        <test-method is-config="true" signature="close()[pri:0, instance:org.Tests.ButtonsPageTest@53dbe163]" started-at="2023-12-29T22:46:01 COT" name="close" finished-at="2023-12-29T22:46:02 COT" duration-ms="1443" status="PASS">
          <reporter-output>
          </reporter-output>
        </test-method> <!-- close -->
        <test-method is-config="true" signature="homePage()[pri:0, instance:org.Tests.ButtonsPageTest@53dbe163]" started-at="2023-12-29T22:46:02 COT" name="homePage" finished-at="2023-12-29T22:47:38 COT" duration-ms="95368" status="PASS">
          <reporter-output>
          </reporter-output>
        </test-method> <!-- homePage -->
        <test-method is-config="true" signature="initializeClass()[pri:0, instance:org.Tests.ButtonsPageTest@53dbe163]" started-at="2023-12-29T22:47:38 COT" name="initializeClass" finished-at="2023-12-29T22:47:53 COT" duration-ms="15778" status="PASS">
          <reporter-output>
          </reporter-output>
        </test-method> <!-- initializeClass -->
        <test-method signature="validateRightClickInABtn()[pri:0, instance:org.Tests.ButtonsPageTest@53dbe163]" started-at="2023-12-29T22:47:53 COT" name="validateRightClickInABtn" finished-at="2023-12-29T22:47:55 COT" duration-ms="1384" status="PASS">
          <reporter-output>
          </reporter-output>
        </test-method> <!-- validateRightClickInABtn -->
        <test-method is-config="true" signature="close()[pri:0, instance:org.Tests.ButtonsPageTest@53dbe163]" started-at="2023-12-29T22:47:55 COT" name="close" finished-at="2023-12-29T22:48:09 COT" duration-ms="14150" status="PASS">
          <reporter-output>
          </reporter-output>
        </test-method> <!-- close -->
      </class> <!-- org.Tests.ButtonsPageTest -->
    </test> <!-- Buttons -->
    <test started-at="2023-12-29T22:48:10 COT" name="Links" finished-at="2023-12-29T22:55:23 COT" duration-ms="433675">
      <class name="org.Tests.LinksPageTest">
        <test-method is-config="true" signature="homePage()[pri:0, instance:org.Tests.LinksPageTest@5d12a356]" started-at="2023-12-29T22:48:10 COT" name="homePage" finished-at="2023-12-29T22:49:31 COT" duration-ms="81519" status="PASS">
          <reporter-output>
          </reporter-output>
        </test-method> <!-- homePage -->
        <test-method is-config="true" signature="initializeClass()[pri:0, instance:org.Tests.LinksPageTest@5d12a356]" started-at="2023-12-29T22:49:31 COT" name="initializeClass" finished-at="2023-12-29T22:49:45 COT" duration-ms="13929" status="PASS">
          <reporter-output>
          </reporter-output>
        </test-method> <!-- initializeClass -->
        <test-method signature="validateBadRequestLink()[pri:0, instance:org.Tests.LinksPageTest@5d12a356]" started-at="2023-12-29T22:49:45 COT" name="validateBadRequestLink" finished-at="2023-12-29T22:49:47 COT" duration-ms="1761" status="PASS">
          <reporter-output>
          </reporter-output>
        </test-method> <!-- validateBadRequestLink -->
        <test-method is-config="true" signature="close()[pri:0, instance:org.Tests.LinksPageTest@5d12a356]" started-at="2023-12-29T22:49:47 COT" name="close" finished-at="2023-12-29T22:49:51 COT" duration-ms="4466" status="PASS">
          <reporter-output>
          </reporter-output>
        </test-method> <!-- close -->
        <test-method is-config="true" signature="homePage()[pri:0, instance:org.Tests.LinksPageTest@5d12a356]" started-at="2023-12-29T22:49:51 COT" name="homePage" finished-at="2023-12-29T22:50:08 COT" duration-ms="17162" status="PASS">
          <reporter-output>
          </reporter-output>
        </test-method> <!-- homePage -->
        <test-method is-config="true" signature="initializeClass()[pri:0, instance:org.Tests.LinksPageTest@5d12a356]" started-at="2023-12-29T22:50:08 COT" name="initializeClass" finished-at="2023-12-29T22:50:12 COT" duration-ms="3227" status="PASS">
          <reporter-output>
          </reporter-output>
        </test-method> <!-- initializeClass -->
        <test-method signature="validateCreatedLink()[pri:0, instance:org.Tests.LinksPageTest@5d12a356]" started-at="2023-12-29T22:50:12 COT" name="validateCreatedLink" finished-at="2023-12-29T22:50:14 COT" duration-ms="1879" status="PASS">
          <reporter-output>
          </reporter-output>
        </test-method> <!-- validateCreatedLink -->
        <test-method is-config="true" signature="close()[pri:0, instance:org.Tests.LinksPageTest@5d12a356]" started-at="2023-12-29T22:50:14 COT" name="close" finished-at="2023-12-29T22:50:14 COT" duration-ms="548" status="PASS">
          <reporter-output>
          </reporter-output>
        </test-method> <!-- close -->
        <test-method is-config="true" signature="homePage()[pri:0, instance:org.Tests.LinksPageTest@5d12a356]" started-at="2023-12-29T22:50:14 COT" name="homePage" finished-at="2023-12-29T22:50:29 COT" duration-ms="14625" status="PASS">
          <reporter-output>
          </reporter-output>
        </test-method> <!-- homePage -->
        <test-method is-config="true" signature="initializeClass()[pri:0, instance:org.Tests.LinksPageTest@5d12a356]" started-at="2023-12-29T22:50:29 COT" name="initializeClass" finished-at="2023-12-29T22:50:31 COT" duration-ms="2374" status="PASS">
          <reporter-output>
          </reporter-output>
        </test-method> <!-- initializeClass -->
        <test-method signature="validateForbiddenLink()[pri:0, instance:org.Tests.LinksPageTest@5d12a356]" started-at="2023-12-29T22:50:31 COT" name="validateForbiddenLink" finished-at="2023-12-29T22:50:33 COT" duration-ms="1990" status="PASS">
          <reporter-output>
          </reporter-output>
        </test-method> <!-- validateForbiddenLink -->
        <test-method is-config="true" signature="close()[pri:0, instance:org.Tests.LinksPageTest@5d12a356]" started-at="2023-12-29T22:50:33 COT" name="close" finished-at="2023-12-29T22:50:34 COT" duration-ms="539" status="PASS">
          <reporter-output>
          </reporter-output>
        </test-method> <!-- close -->
        <test-method is-config="true" signature="homePage()[pri:0, instance:org.Tests.LinksPageTest@5d12a356]" started-at="2023-12-29T22:50:34 COT" name="homePage" finished-at="2023-12-29T22:50:52 COT" duration-ms="18076" status="PASS">
          <reporter-output>
          </reporter-output>
        </test-method> <!-- homePage -->
        <test-method is-config="true" signature="initializeClass()[pri:0, instance:org.Tests.LinksPageTest@5d12a356]" started-at="2023-12-29T22:50:52 COT" name="initializeClass" finished-at="2023-12-29T22:50:56 COT" duration-ms="4348" status="PASS">
          <reporter-output>
          </reporter-output>
        </test-method> <!-- initializeClass -->
        <test-method signature="validateHomeETgEzLink()[pri:0, instance:org.Tests.LinksPageTest@5d12a356]" started-at="2023-12-29T22:50:56 COT" name="validateHomeETgEzLink" finished-at="2023-12-29T22:50:56 COT" duration-ms="300" status="PASS">
          <reporter-output>
          </reporter-output>
        </test-method> <!-- validateHomeETgEzLink -->
        <test-method is-config="true" signature="close()[pri:0, instance:org.Tests.LinksPageTest@5d12a356]" started-at="2023-12-29T22:50:56 COT" name="close" finished-at="2023-12-29T22:50:58 COT" duration-ms="1288" status="PASS">
          <reporter-output>
          </reporter-output>
        </test-method> <!-- close -->
        <test-method is-config="true" signature="homePage()[pri:0, instance:org.Tests.LinksPageTest@5d12a356]" started-at="2023-12-29T22:50:58 COT" name="homePage" finished-at="2023-12-29T22:51:35 COT" duration-ms="36888" status="PASS">
          <reporter-output>
          </reporter-output>
        </test-method> <!-- homePage -->
        <test-method is-config="true" signature="initializeClass()[pri:0, instance:org.Tests.LinksPageTest@5d12a356]" started-at="2023-12-29T22:51:35 COT" name="initializeClass" finished-at="2023-12-29T22:51:37 COT" duration-ms="2114" status="PASS">
          <reporter-output>
          </reporter-output>
        </test-method> <!-- initializeClass -->
        <test-method signature="validateHomeLink()[pri:0, instance:org.Tests.LinksPageTest@5d12a356]" started-at="2023-12-29T22:51:37 COT" name="validateHomeLink" finished-at="2023-12-29T22:51:39 COT" duration-ms="2483" status="PASS">
          <reporter-output>
          </reporter-output>
        </test-method> <!-- validateHomeLink -->
        <test-method is-config="true" signature="close()[pri:0, instance:org.Tests.LinksPageTest@5d12a356]" started-at="2023-12-29T22:51:39 COT" name="close" finished-at="2023-12-29T22:51:44 COT" duration-ms="4595" status="PASS">
          <reporter-output>
          </reporter-output>
        </test-method> <!-- close -->
        <test-method is-config="true" signature="homePage()[pri:0, instance:org.Tests.LinksPageTest@5d12a356]" started-at="2023-12-29T22:51:44 COT" name="homePage" finished-at="2023-12-29T22:52:10 COT" duration-ms="25808" status="PASS">
          <reporter-output>
          </reporter-output>
        </test-method> <!-- homePage -->
        <test-method is-config="true" signature="initializeClass()[pri:0, instance:org.Tests.LinksPageTest@5d12a356]" started-at="2023-12-29T22:52:10 COT" name="initializeClass" finished-at="2023-12-29T22:52:18 COT" duration-ms="8544" status="PASS">
          <reporter-output>
          </reporter-output>
        </test-method> <!-- initializeClass -->
        <test-method retried="true" signature="validateMovedLink()[pri:0, instance:org.Tests.LinksPageTest@5d12a356]" started-at="2023-12-29T22:52:18 COT" name="validateMovedLink" finished-at="2023-12-29T22:52:20 COT" duration-ms="1847" status="SKIP">
          <exception class="org.openqa.selenium.ElementClickInterceptedException">
            <message>
              <![CDATA[element click intercepted: Element <a id="moved" href="javascript:void(0)">...</a> is not clickable at point (298, 552). Other element would receive the click: <div>...</div>
  (Session info: chrome=120.0.6099.71)
Build info: version: '4.12.1', revision: '8e34639b11'
System info: os.name: 'Windows 10', os.arch: 'amd64', os.version: '10.0', java.version: '11.0.18'
Driver info: org.openqa.selenium.chrome.ChromeDriver
Command: [675f53cc9daafb635a073047228b5752, clickElement {id=665873FB3B06B89899614EF306122E3B_element_44}]
Capabilities {acceptInsecureCerts: false, browserName: chrome, browserVersion: 120.0.6099.71, chrome: {chromedriverVersion: 120.0.6099.109 (3419140ab66..., userDataDir: C:\Users\Jorge\AppData\Loca...}, fedcm:accounts: true, goog:chromeOptions: {debuggerAddress: localhost:62929}, networkConnectionEnabled: false, pageLoadStrategy: normal, platformName: windows, proxy: Proxy(), se:cdp: ws://localhost:62929/devtoo..., se:cdpVersion: 120.0.6099.71, setWindowRect: true, strictFileInteractability: false, timeouts: {implicit: 0, pageLoad: 300000, script: 30000}, unhandledPromptBehavior: dismiss and notify, webauthn:extension:credBlob: true, webauthn:extension:largeBlob: true, webauthn:extension:minPinLength: true, webauthn:extension:prf: true, webauthn:virtualAuthenticators: true}
Element: [[ChromeDriver: chrome on windows (675f53cc9daafb635a073047228b5752)] -> link text: Moved]
Session ID: 675f53cc9daafb635a073047228b5752]]>
            </message>
            <full-stacktrace>
              <![CDATA[org.openqa.selenium.ElementClickInterceptedException: element click intercepted: Element <a id="moved" href="javascript:void(0)">...</a> is not clickable at point (298, 552). Other element would receive the click: <div>...</div>
  (Session info: chrome=120.0.6099.71)
Build info: version: '4.12.1', revision: '8e34639b11'
System info: os.name: 'Windows 10', os.arch: 'amd64', os.version: '10.0', java.version: '11.0.18'
Driver info: org.openqa.selenium.chrome.ChromeDriver
Command: [675f53cc9daafb635a073047228b5752, clickElement {id=665873FB3B06B89899614EF306122E3B_element_44}]
Capabilities {acceptInsecureCerts: false, browserName: chrome, browserVersion: 120.0.6099.71, chrome: {chromedriverVersion: 120.0.6099.109 (3419140ab66..., userDataDir: C:\Users\Jorge\AppData\Loca...}, fedcm:accounts: true, goog:chromeOptions: {debuggerAddress: localhost:62929}, networkConnectionEnabled: false, pageLoadStrategy: normal, platformName: windows, proxy: Proxy(), se:cdp: ws://localhost:62929/devtoo..., se:cdpVersion: 120.0.6099.71, setWindowRect: true, strictFileInteractability: false, timeouts: {implicit: 0, pageLoad: 300000, script: 30000}, unhandledPromptBehavior: dismiss and notify, webauthn:extension:credBlob: true, webauthn:extension:largeBlob: true, webauthn:extension:minPinLength: true, webauthn:extension:prf: true, webauthn:virtualAuthenticators: true}
Element: [[ChromeDriver: chrome on windows (675f53cc9daafb635a073047228b5752)] -> link text: Moved]
Session ID: 675f53cc9daafb635a073047228b5752
at java.base/jdk.internal.reflect.NativeConstructorAccessorImpl.newInstance0(Native Method)
at java.base/jdk.internal.reflect.NativeConstructorAccessorImpl.newInstance(NativeConstructorAccessorImpl.java:62)
at java.base/jdk.internal.reflect.DelegatingConstructorAccessorImpl.newInstance(DelegatingConstructorAccessorImpl.java:45)
at java.base/java.lang.reflect.Constructor.newInstance(Constructor.java:490)
at org.openqa.selenium.remote.codec.w3c.W3CHttpResponseCodec.createException(W3CHttpResponseCodec.java:200)
at org.openqa.selenium.remote.codec.w3c.W3CHttpResponseCodec.decode(W3CHttpResponseCodec.java:133)
at org.openqa.selenium.remote.codec.w3c.W3CHttpResponseCodec.decode(W3CHttpResponseCodec.java:52)
at org.openqa.selenium.remote.HttpCommandExecutor.execute(HttpCommandExecutor.java:191)
at org.openqa.selenium.remote.service.DriverCommandExecutor.invokeExecute(DriverCommandExecutor.java:196)
at org.openqa.selenium.remote.service.DriverCommandExecutor.execute(DriverCommandExecutor.java:171)
at org.openqa.selenium.remote.RemoteWebDriver.execute(RemoteWebDriver.java:602)
at org.openqa.selenium.remote.RemoteWebElement.execute(RemoteWebElement.java:224)
at org.openqa.selenium.remote.RemoteWebElement.click(RemoteWebElement.java:77)
at jdk.internal.reflect.GeneratedMethodAccessor61.invoke(Unknown Source)
at java.base/jdk.internal.reflect.DelegatingMethodAccessorImpl.invoke(DelegatingMethodAccessorImpl.java:43)
at java.base/java.lang.reflect.Method.invoke(Method.java:566)
at org.openqa.selenium.support.pagefactory.internal.LocatingElementHandler.invoke(LocatingElementHandler.java:51)
at com.sun.proxy.$Proxy34.click(Unknown Source)
at Pages.LinksPage.clickOnMovedLink(LinksPage.java:52)
at org.Tests.LinksPageTest.validateMovedLink(LinksPageTest.java:42)
at java.base/jdk.internal.reflect.NativeMethodAccessorImpl.invoke0(Native Method)
at java.base/jdk.internal.reflect.NativeMethodAccessorImpl.invoke(NativeMethodAccessorImpl.java:62)
at java.base/jdk.internal.reflect.DelegatingMethodAccessorImpl.invoke(DelegatingMethodAccessorImpl.java:43)
at java.base/java.lang.reflect.Method.invoke(Method.java:566)
at org.testng.internal.invokers.MethodInvocationHelper.invokeMethod(MethodInvocationHelper.java:139)
at org.testng.internal.invokers.TestInvoker.invokeMethod(TestInvoker.java:664)
at org.testng.internal.invokers.TestInvoker.invokeTestMethod(TestInvoker.java:227)
at org.testng.internal.invokers.MethodRunner.runInSequence(MethodRunner.java:50)
at org.testng.internal.invokers.TestInvoker$MethodInvocationAgent.invoke(TestInvoker.java:957)
at org.testng.internal.invokers.TestInvoker.invokeTestMethods(TestInvoker.java:200)
at org.testng.internal.invokers.TestMethodWorker.invokeTestMethods(TestMethodWorker.java:148)
at org.testng.internal.invokers.TestMethodWorker.run(TestMethodWorker.java:128)
at java.base/java.util.ArrayList.forEach(ArrayList.java:1541)
at org.testng.TestRunner.privateRun(TestRunner.java:848)
at org.testng.TestRunner.run(TestRunner.java:621)
at org.testng.SuiteRunner.runTest(SuiteRunner.java:443)
at org.testng.SuiteRunner.runSequentially(SuiteRunner.java:437)
at org.testng.SuiteRunner.privateRun(SuiteRunner.java:397)
at org.testng.SuiteRunner.run(SuiteRunner.java:336)
at org.testng.SuiteRunnerWorker.runSuite(SuiteRunnerWorker.java:52)
at org.testng.SuiteRunnerWorker.run(SuiteRunnerWorker.java:95)
at org.testng.TestNG.runSuitesSequentially(TestNG.java:1280)
at org.testng.TestNG.runSuitesLocally(TestNG.java:1200)
at org.testng.TestNG.runSuites(TestNG.java:1114)
at org.testng.TestNG.run(TestNG.java:1082)
at org.apache.maven.surefire.testng.TestNGExecutor.run(TestNGExecutor.java:308)
at org.apache.maven.surefire.testng.TestNGXmlTestSuite.execute(TestNGXmlTestSuite.java:71)
at org.apache.maven.surefire.testng.TestNGProvider.invoke(TestNGProvider.java:113)
at org.apache.maven.surefire.booter.ForkedBooter.runSuitesInProcess(ForkedBooter.java:385)
at org.apache.maven.surefire.booter.ForkedBooter.execute(ForkedBooter.java:162)
at org.apache.maven.surefire.booter.ForkedBooter.run(ForkedBooter.java:507)
at org.apache.maven.surefire.booter.ForkedBooter.main(ForkedBooter.java:495)
]]>
            </full-stacktrace>
          </exception> <!-- org.openqa.selenium.ElementClickInterceptedException -->
          <reporter-output>
          </reporter-output>
        </test-method> <!-- validateMovedLink -->
        <test-method is-config="true" signature="close()[pri:0, instance:org.Tests.LinksPageTest@5d12a356]" started-at="2023-12-29T22:52:20 COT" name="close" finished-at="2023-12-29T22:52:23 COT" duration-ms="2611" status="PASS">
          <reporter-output>
          </reporter-output>
        </test-method> <!-- close -->
        <test-method is-config="true" signature="homePage()[pri:0, instance:org.Tests.LinksPageTest@5d12a356]" started-at="2023-12-29T22:52:23 COT" name="homePage" finished-at="2023-12-29T22:52:49 COT" duration-ms="26791" status="PASS">
          <reporter-output>
          </reporter-output>
        </test-method> <!-- homePage -->
        <test-method is-config="true" signature="initializeClass()[pri:0, instance:org.Tests.LinksPageTest@5d12a356]" started-at="2023-12-29T22:52:49 COT" name="initializeClass" finished-at="2023-12-29T22:52:52 COT" duration-ms="2323" status="PASS">
          <reporter-output>
          </reporter-output>
        </test-method> <!-- initializeClass -->
        <test-method retried="true" signature="validateMovedLink()[pri:0, instance:org.Tests.LinksPageTest@5d12a356]" started-at="2023-12-29T22:52:52 COT" name="validateMovedLink" finished-at="2023-12-29T22:52:57 COT" duration-ms="4983" status="SKIP">
          <exception class="org.openqa.selenium.ElementClickInterceptedException">
            <message>
              <![CDATA[element click intercepted: Element <a id="moved" href="javascript:void(0)">...</a> is not clickable at point (298, 552). Other element would receive the click: <div>...</div>
  (Session info: chrome=120.0.6099.71)
Build info: version: '4.12.1', revision: '8e34639b11'
System info: os.name: 'Windows 10', os.arch: 'amd64', os.version: '10.0', java.version: '11.0.18'
Driver info: org.openqa.selenium.chrome.ChromeDriver
Command: [5964e50259cb131218b64403f194f0c1, clickElement {id=0A0B526821F5920E08ED6B967302C229_element_39}]
Capabilities {acceptInsecureCerts: false, browserName: chrome, browserVersion: 120.0.6099.71, chrome: {chromedriverVersion: 120.0.6099.109 (3419140ab66..., userDataDir: C:\Users\Jorge\AppData\Loca...}, fedcm:accounts: true, goog:chromeOptions: {debuggerAddress: localhost:63062}, networkConnectionEnabled: false, pageLoadStrategy: normal, platformName: windows, proxy: Proxy(), se:cdp: ws://localhost:63062/devtoo..., se:cdpVersion: 120.0.6099.71, setWindowRect: true, strictFileInteractability: false, timeouts: {implicit: 0, pageLoad: 300000, script: 30000}, unhandledPromptBehavior: dismiss and notify, webauthn:extension:credBlob: true, webauthn:extension:largeBlob: true, webauthn:extension:minPinLength: true, webauthn:extension:prf: true, webauthn:virtualAuthenticators: true}
Element: [[ChromeDriver: chrome on windows (5964e50259cb131218b64403f194f0c1)] -> link text: Moved]
Session ID: 5964e50259cb131218b64403f194f0c1]]>
            </message>
            <full-stacktrace>
              <![CDATA[org.openqa.selenium.ElementClickInterceptedException: element click intercepted: Element <a id="moved" href="javascript:void(0)">...</a> is not clickable at point (298, 552). Other element would receive the click: <div>...</div>
  (Session info: chrome=120.0.6099.71)
Build info: version: '4.12.1', revision: '8e34639b11'
System info: os.name: 'Windows 10', os.arch: 'amd64', os.version: '10.0', java.version: '11.0.18'
Driver info: org.openqa.selenium.chrome.ChromeDriver
Command: [5964e50259cb131218b64403f194f0c1, clickElement {id=0A0B526821F5920E08ED6B967302C229_element_39}]
Capabilities {acceptInsecureCerts: false, browserName: chrome, browserVersion: 120.0.6099.71, chrome: {chromedriverVersion: 120.0.6099.109 (3419140ab66..., userDataDir: C:\Users\Jorge\AppData\Loca...}, fedcm:accounts: true, goog:chromeOptions: {debuggerAddress: localhost:63062}, networkConnectionEnabled: false, pageLoadStrategy: normal, platformName: windows, proxy: Proxy(), se:cdp: ws://localhost:63062/devtoo..., se:cdpVersion: 120.0.6099.71, setWindowRect: true, strictFileInteractability: false, timeouts: {implicit: 0, pageLoad: 300000, script: 30000}, unhandledPromptBehavior: dismiss and notify, webauthn:extension:credBlob: true, webauthn:extension:largeBlob: true, webauthn:extension:minPinLength: true, webauthn:extension:prf: true, webauthn:virtualAuthenticators: true}
Element: [[ChromeDriver: chrome on windows (5964e50259cb131218b64403f194f0c1)] -> link text: Moved]
Session ID: 5964e50259cb131218b64403f194f0c1
at java.base/jdk.internal.reflect.NativeConstructorAccessorImpl.newInstance0(Native Method)
at java.base/jdk.internal.reflect.NativeConstructorAccessorImpl.newInstance(NativeConstructorAccessorImpl.java:62)
at java.base/jdk.internal.reflect.DelegatingConstructorAccessorImpl.newInstance(DelegatingConstructorAccessorImpl.java:45)
at java.base/java.lang.reflect.Constructor.newInstance(Constructor.java:490)
at org.openqa.selenium.remote.codec.w3c.W3CHttpResponseCodec.createException(W3CHttpResponseCodec.java:200)
at org.openqa.selenium.remote.codec.w3c.W3CHttpResponseCodec.decode(W3CHttpResponseCodec.java:133)
at org.openqa.selenium.remote.codec.w3c.W3CHttpResponseCodec.decode(W3CHttpResponseCodec.java:52)
at org.openqa.selenium.remote.HttpCommandExecutor.execute(HttpCommandExecutor.java:191)
at org.openqa.selenium.remote.service.DriverCommandExecutor.invokeExecute(DriverCommandExecutor.java:196)
at org.openqa.selenium.remote.service.DriverCommandExecutor.execute(DriverCommandExecutor.java:171)
at org.openqa.selenium.remote.RemoteWebDriver.execute(RemoteWebDriver.java:602)
at org.openqa.selenium.remote.RemoteWebElement.execute(RemoteWebElement.java:224)
at org.openqa.selenium.remote.RemoteWebElement.click(RemoteWebElement.java:77)
at jdk.internal.reflect.GeneratedMethodAccessor61.invoke(Unknown Source)
at java.base/jdk.internal.reflect.DelegatingMethodAccessorImpl.invoke(DelegatingMethodAccessorImpl.java:43)
at java.base/java.lang.reflect.Method.invoke(Method.java:566)
at org.openqa.selenium.support.pagefactory.internal.LocatingElementHandler.invoke(LocatingElementHandler.java:51)
at com.sun.proxy.$Proxy34.click(Unknown Source)
at Pages.LinksPage.clickOnMovedLink(LinksPage.java:52)
at org.Tests.LinksPageTest.validateMovedLink(LinksPageTest.java:42)
at java.base/jdk.internal.reflect.NativeMethodAccessorImpl.invoke0(Native Method)
at java.base/jdk.internal.reflect.NativeMethodAccessorImpl.invoke(NativeMethodAccessorImpl.java:62)
at java.base/jdk.internal.reflect.DelegatingMethodAccessorImpl.invoke(DelegatingMethodAccessorImpl.java:43)
at java.base/java.lang.reflect.Method.invoke(Method.java:566)
at org.testng.internal.invokers.MethodInvocationHelper.invokeMethod(MethodInvocationHelper.java:139)
at org.testng.internal.invokers.TestInvoker.invokeMethod(TestInvoker.java:664)
at org.testng.internal.invokers.TestInvoker.retryFailed(TestInvoker.java:248)
at org.testng.internal.invokers.MethodRunner.runInSequence(MethodRunner.java:62)
at org.testng.internal.invokers.TestInvoker$MethodInvocationAgent.invoke(TestInvoker.java:957)
at org.testng.internal.invokers.TestInvoker.invokeTestMethods(TestInvoker.java:200)
at org.testng.internal.invokers.TestMethodWorker.invokeTestMethods(TestMethodWorker.java:148)
at org.testng.internal.invokers.TestMethodWorker.run(TestMethodWorker.java:128)
at java.base/java.util.ArrayList.forEach(ArrayList.java:1541)
at org.testng.TestRunner.privateRun(TestRunner.java:848)
at org.testng.TestRunner.run(TestRunner.java:621)
at org.testng.SuiteRunner.runTest(SuiteRunner.java:443)
at org.testng.SuiteRunner.runSequentially(SuiteRunner.java:437)
at org.testng.SuiteRunner.privateRun(SuiteRunner.java:397)
at org.testng.SuiteRunner.run(SuiteRunner.java:336)
at org.testng.SuiteRunnerWorker.runSuite(SuiteRunnerWorker.java:52)
at org.testng.SuiteRunnerWorker.run(SuiteRunnerWorker.java:95)
at org.testng.TestNG.runSuitesSequentially(TestNG.java:1280)
at org.testng.TestNG.runSuitesLocally(TestNG.java:1200)
at org.testng.TestNG.runSuites(TestNG.java:1114)
at org.testng.TestNG.run(TestNG.java:1082)
at org.apache.maven.surefire.testng.TestNGExecutor.run(TestNGExecutor.java:308)
at org.apache.maven.surefire.testng.TestNGXmlTestSuite.execute(TestNGXmlTestSuite.java:71)
at org.apache.maven.surefire.testng.TestNGProvider.invoke(TestNGProvider.java:113)
at org.apache.maven.surefire.booter.ForkedBooter.runSuitesInProcess(ForkedBooter.java:385)
at org.apache.maven.surefire.booter.ForkedBooter.execute(ForkedBooter.java:162)
at org.apache.maven.surefire.booter.ForkedBooter.run(ForkedBooter.java:507)
at org.apache.maven.surefire.booter.ForkedBooter.main(ForkedBooter.java:495)
]]>
            </full-stacktrace>
          </exception> <!-- org.openqa.selenium.ElementClickInterceptedException -->
          <reporter-output>
          </reporter-output>
        </test-method> <!-- validateMovedLink -->
        <test-method is-config="true" signature="close()[pri:0, instance:org.Tests.LinksPageTest@5d12a356]" started-at="2023-12-29T22:52:57 COT" name="close" finished-at="2023-12-29T22:52:58 COT" duration-ms="951" status="PASS">
          <reporter-output>
          </reporter-output>
        </test-method> <!-- close -->
        <test-method is-config="true" signature="homePage()[pri:0, instance:org.Tests.LinksPageTest@5d12a356]" started-at="2023-12-29T22:52:58 COT" name="homePage" finished-at="2023-12-29T22:53:15 COT" duration-ms="17465" status="PASS">
          <reporter-output>
          </reporter-output>
        </test-method> <!-- homePage -->
        <test-method is-config="true" signature="initializeClass()[pri:0, instance:org.Tests.LinksPageTest@5d12a356]" started-at="2023-12-29T22:53:15 COT" name="initializeClass" finished-at="2023-12-29T22:53:19 COT" duration-ms="3881" status="PASS">
          <reporter-output>
          </reporter-output>
        </test-method> <!-- initializeClass -->
        <test-method retried="true" signature="validateMovedLink()[pri:0, instance:org.Tests.LinksPageTest@5d12a356]" started-at="2023-12-29T22:53:19 COT" name="validateMovedLink" finished-at="2023-12-29T22:53:21 COT" duration-ms="1630" status="SKIP">
          <exception class="org.openqa.selenium.ElementClickInterceptedException">
            <message>
              <![CDATA[element click intercepted: Element <a id="moved" href="javascript:void(0)">...</a> is not clickable at point (298, 552). Other element would receive the click: <div>...</div>
  (Session info: chrome=120.0.6099.71)
Build info: version: '4.12.1', revision: '8e34639b11'
System info: os.name: 'Windows 10', os.arch: 'amd64', os.version: '10.0', java.version: '11.0.18'
Driver info: org.openqa.selenium.chrome.ChromeDriver
Command: [29d71aa8fcf39429ee0896cc87539d49, clickElement {id=C3FBE1A70CC7AABE43F7AB5AD59EE709_element_41}]
Capabilities {acceptInsecureCerts: false, browserName: chrome, browserVersion: 120.0.6099.71, chrome: {chromedriverVersion: 120.0.6099.109 (3419140ab66..., userDataDir: C:\Users\Jorge\AppData\Loca...}, fedcm:accounts: true, goog:chromeOptions: {debuggerAddress: localhost:63188}, networkConnectionEnabled: false, pageLoadStrategy: normal, platformName: windows, proxy: Proxy(), se:cdp: ws://localhost:63188/devtoo..., se:cdpVersion: 120.0.6099.71, setWindowRect: true, strictFileInteractability: false, timeouts: {implicit: 0, pageLoad: 300000, script: 30000}, unhandledPromptBehavior: dismiss and notify, webauthn:extension:credBlob: true, webauthn:extension:largeBlob: true, webauthn:extension:minPinLength: true, webauthn:extension:prf: true, webauthn:virtualAuthenticators: true}
Element: [[ChromeDriver: chrome on windows (29d71aa8fcf39429ee0896cc87539d49)] -> link text: Moved]
Session ID: 29d71aa8fcf39429ee0896cc87539d49]]>
            </message>
            <full-stacktrace>
              <![CDATA[org.openqa.selenium.ElementClickInterceptedException: element click intercepted: Element <a id="moved" href="javascript:void(0)">...</a> is not clickable at point (298, 552). Other element would receive the click: <div>...</div>
  (Session info: chrome=120.0.6099.71)
Build info: version: '4.12.1', revision: '8e34639b11'
System info: os.name: 'Windows 10', os.arch: 'amd64', os.version: '10.0', java.version: '11.0.18'
Driver info: org.openqa.selenium.chrome.ChromeDriver
Command: [29d71aa8fcf39429ee0896cc87539d49, clickElement {id=C3FBE1A70CC7AABE43F7AB5AD59EE709_element_41}]
Capabilities {acceptInsecureCerts: false, browserName: chrome, browserVersion: 120.0.6099.71, chrome: {chromedriverVersion: 120.0.6099.109 (3419140ab66..., userDataDir: C:\Users\Jorge\AppData\Loca...}, fedcm:accounts: true, goog:chromeOptions: {debuggerAddress: localhost:63188}, networkConnectionEnabled: false, pageLoadStrategy: normal, platformName: windows, proxy: Proxy(), se:cdp: ws://localhost:63188/devtoo..., se:cdpVersion: 120.0.6099.71, setWindowRect: true, strictFileInteractability: false, timeouts: {implicit: 0, pageLoad: 300000, script: 30000}, unhandledPromptBehavior: dismiss and notify, webauthn:extension:credBlob: true, webauthn:extension:largeBlob: true, webauthn:extension:minPinLength: true, webauthn:extension:prf: true, webauthn:virtualAuthenticators: true}
Element: [[ChromeDriver: chrome on windows (29d71aa8fcf39429ee0896cc87539d49)] -> link text: Moved]
Session ID: 29d71aa8fcf39429ee0896cc87539d49
at java.base/jdk.internal.reflect.NativeConstructorAccessorImpl.newInstance0(Native Method)
at java.base/jdk.internal.reflect.NativeConstructorAccessorImpl.newInstance(NativeConstructorAccessorImpl.java:62)
at java.base/jdk.internal.reflect.DelegatingConstructorAccessorImpl.newInstance(DelegatingConstructorAccessorImpl.java:45)
at java.base/java.lang.reflect.Constructor.newInstance(Constructor.java:490)
at org.openqa.selenium.remote.codec.w3c.W3CHttpResponseCodec.createException(W3CHttpResponseCodec.java:200)
at org.openqa.selenium.remote.codec.w3c.W3CHttpResponseCodec.decode(W3CHttpResponseCodec.java:133)
at org.openqa.selenium.remote.codec.w3c.W3CHttpResponseCodec.decode(W3CHttpResponseCodec.java:52)
at org.openqa.selenium.remote.HttpCommandExecutor.execute(HttpCommandExecutor.java:191)
at org.openqa.selenium.remote.service.DriverCommandExecutor.invokeExecute(DriverCommandExecutor.java:196)
at org.openqa.selenium.remote.service.DriverCommandExecutor.execute(DriverCommandExecutor.java:171)
at org.openqa.selenium.remote.RemoteWebDriver.execute(RemoteWebDriver.java:602)
at org.openqa.selenium.remote.RemoteWebElement.execute(RemoteWebElement.java:224)
at org.openqa.selenium.remote.RemoteWebElement.click(RemoteWebElement.java:77)
at jdk.internal.reflect.GeneratedMethodAccessor61.invoke(Unknown Source)
at java.base/jdk.internal.reflect.DelegatingMethodAccessorImpl.invoke(DelegatingMethodAccessorImpl.java:43)
at java.base/java.lang.reflect.Method.invoke(Method.java:566)
at org.openqa.selenium.support.pagefactory.internal.LocatingElementHandler.invoke(LocatingElementHandler.java:51)
at com.sun.proxy.$Proxy34.click(Unknown Source)
at Pages.LinksPage.clickOnMovedLink(LinksPage.java:52)
at org.Tests.LinksPageTest.validateMovedLink(LinksPageTest.java:42)
at java.base/jdk.internal.reflect.NativeMethodAccessorImpl.invoke0(Native Method)
at java.base/jdk.internal.reflect.NativeMethodAccessorImpl.invoke(NativeMethodAccessorImpl.java:62)
at java.base/jdk.internal.reflect.DelegatingMethodAccessorImpl.invoke(DelegatingMethodAccessorImpl.java:43)
at java.base/java.lang.reflect.Method.invoke(Method.java:566)
at org.testng.internal.invokers.MethodInvocationHelper.invokeMethod(MethodInvocationHelper.java:139)
at org.testng.internal.invokers.TestInvoker.invokeMethod(TestInvoker.java:664)
at org.testng.internal.invokers.TestInvoker.retryFailed(TestInvoker.java:248)
at org.testng.internal.invokers.MethodRunner.runInSequence(MethodRunner.java:62)
at org.testng.internal.invokers.TestInvoker$MethodInvocationAgent.invoke(TestInvoker.java:957)
at org.testng.internal.invokers.TestInvoker.invokeTestMethods(TestInvoker.java:200)
at org.testng.internal.invokers.TestMethodWorker.invokeTestMethods(TestMethodWorker.java:148)
at org.testng.internal.invokers.TestMethodWorker.run(TestMethodWorker.java:128)
at java.base/java.util.ArrayList.forEach(ArrayList.java:1541)
at org.testng.TestRunner.privateRun(TestRunner.java:848)
at org.testng.TestRunner.run(TestRunner.java:621)
at org.testng.SuiteRunner.runTest(SuiteRunner.java:443)
at org.testng.SuiteRunner.runSequentially(SuiteRunner.java:437)
at org.testng.SuiteRunner.privateRun(SuiteRunner.java:397)
at org.testng.SuiteRunner.run(SuiteRunner.java:336)
at org.testng.SuiteRunnerWorker.runSuite(SuiteRunnerWorker.java:52)
at org.testng.SuiteRunnerWorker.run(SuiteRunnerWorker.java:95)
at org.testng.TestNG.runSuitesSequentially(TestNG.java:1280)
at org.testng.TestNG.runSuitesLocally(TestNG.java:1200)
at org.testng.TestNG.runSuites(TestNG.java:1114)
at org.testng.TestNG.run(TestNG.java:1082)
at org.apache.maven.surefire.testng.TestNGExecutor.run(TestNGExecutor.java:308)
at org.apache.maven.surefire.testng.TestNGXmlTestSuite.execute(TestNGXmlTestSuite.java:71)
at org.apache.maven.surefire.testng.TestNGProvider.invoke(TestNGProvider.java:113)
at org.apache.maven.surefire.booter.ForkedBooter.runSuitesInProcess(ForkedBooter.java:385)
at org.apache.maven.surefire.booter.ForkedBooter.execute(ForkedBooter.java:162)
at org.apache.maven.surefire.booter.ForkedBooter.run(ForkedBooter.java:507)
at org.apache.maven.surefire.booter.ForkedBooter.main(ForkedBooter.java:495)
]]>
            </full-stacktrace>
          </exception> <!-- org.openqa.selenium.ElementClickInterceptedException -->
          <reporter-output>
          </reporter-output>
        </test-method> <!-- validateMovedLink -->
        <test-method is-config="true" signature="close()[pri:0, instance:org.Tests.LinksPageTest@5d12a356]" started-at="2023-12-29T22:53:21 COT" name="close" finished-at="2023-12-29T22:53:24 COT" duration-ms="3415" status="PASS">
          <reporter-output>
          </reporter-output>
        </test-method> <!-- close -->
        <test-method is-config="true" signature="homePage()[pri:0, instance:org.Tests.LinksPageTest@5d12a356]" started-at="2023-12-29T22:53:24 COT" name="homePage" finished-at="2023-12-29T22:53:43 COT" duration-ms="19084" status="PASS">
          <reporter-output>
          </reporter-output>
        </test-method> <!-- homePage -->
        <test-method is-config="true" signature="initializeClass()[pri:0, instance:org.Tests.LinksPageTest@5d12a356]" started-at="2023-12-29T22:53:43 COT" name="initializeClass" finished-at="2023-12-29T22:53:48 COT" duration-ms="5187" status="PASS">
          <reporter-output>
          </reporter-output>
        </test-method> <!-- initializeClass -->
        <test-method signature="validateMovedLink()[pri:0, instance:org.Tests.LinksPageTest@5d12a356]" started-at="2023-12-29T22:53:48 COT" name="validateMovedLink" finished-at="2023-12-29T22:53:50 COT" duration-ms="1673" status="FAIL">
          <exception class="org.openqa.selenium.ElementClickInterceptedException">
            <message>
              <![CDATA[element click intercepted: Element <a id="moved" href="javascript:void(0)">...</a> is not clickable at point (298, 552). Other element would receive the click: <div>...</div>
  (Session info: chrome=120.0.6099.71)
Build info: version: '4.12.1', revision: '8e34639b11'
System info: os.name: 'Windows 10', os.arch: 'amd64', os.version: '10.0', java.version: '11.0.18'
Driver info: org.openqa.selenium.chrome.ChromeDriver
Command: [1bd4abb236df219130b44e3b0aeaa463, clickElement {id=D79584BBDF23C8BD423032120B1CA8F0_element_41}]
Capabilities {acceptInsecureCerts: false, browserName: chrome, browserVersion: 120.0.6099.71, chrome: {chromedriverVersion: 120.0.6099.109 (3419140ab66..., userDataDir: C:\Users\Jorge\AppData\Loca...}, fedcm:accounts: true, goog:chromeOptions: {debuggerAddress: localhost:63298}, networkConnectionEnabled: false, pageLoadStrategy: normal, platformName: windows, proxy: Proxy(), se:cdp: ws://localhost:63298/devtoo..., se:cdpVersion: 120.0.6099.71, setWindowRect: true, strictFileInteractability: false, timeouts: {implicit: 0, pageLoad: 300000, script: 30000}, unhandledPromptBehavior: dismiss and notify, webauthn:extension:credBlob: true, webauthn:extension:largeBlob: true, webauthn:extension:minPinLength: true, webauthn:extension:prf: true, webauthn:virtualAuthenticators: true}
Element: [[ChromeDriver: chrome on windows (1bd4abb236df219130b44e3b0aeaa463)] -> link text: Moved]
Session ID: 1bd4abb236df219130b44e3b0aeaa463]]>
            </message>
            <full-stacktrace>
              <![CDATA[org.openqa.selenium.ElementClickInterceptedException: element click intercepted: Element <a id="moved" href="javascript:void(0)">...</a> is not clickable at point (298, 552). Other element would receive the click: <div>...</div>
  (Session info: chrome=120.0.6099.71)
Build info: version: '4.12.1', revision: '8e34639b11'
System info: os.name: 'Windows 10', os.arch: 'amd64', os.version: '10.0', java.version: '11.0.18'
Driver info: org.openqa.selenium.chrome.ChromeDriver
Command: [1bd4abb236df219130b44e3b0aeaa463, clickElement {id=D79584BBDF23C8BD423032120B1CA8F0_element_41}]
Capabilities {acceptInsecureCerts: false, browserName: chrome, browserVersion: 120.0.6099.71, chrome: {chromedriverVersion: 120.0.6099.109 (3419140ab66..., userDataDir: C:\Users\Jorge\AppData\Loca...}, fedcm:accounts: true, goog:chromeOptions: {debuggerAddress: localhost:63298}, networkConnectionEnabled: false, pageLoadStrategy: normal, platformName: windows, proxy: Proxy(), se:cdp: ws://localhost:63298/devtoo..., se:cdpVersion: 120.0.6099.71, setWindowRect: true, strictFileInteractability: false, timeouts: {implicit: 0, pageLoad: 300000, script: 30000}, unhandledPromptBehavior: dismiss and notify, webauthn:extension:credBlob: true, webauthn:extension:largeBlob: true, webauthn:extension:minPinLength: true, webauthn:extension:prf: true, webauthn:virtualAuthenticators: true}
Element: [[ChromeDriver: chrome on windows (1bd4abb236df219130b44e3b0aeaa463)] -> link text: Moved]
Session ID: 1bd4abb236df219130b44e3b0aeaa463
at java.base/jdk.internal.reflect.NativeConstructorAccessorImpl.newInstance0(Native Method)
at java.base/jdk.internal.reflect.NativeConstructorAccessorImpl.newInstance(NativeConstructorAccessorImpl.java:62)
at java.base/jdk.internal.reflect.DelegatingConstructorAccessorImpl.newInstance(DelegatingConstructorAccessorImpl.java:45)
at java.base/java.lang.reflect.Constructor.newInstance(Constructor.java:490)
at org.openqa.selenium.remote.codec.w3c.W3CHttpResponseCodec.createException(W3CHttpResponseCodec.java:200)
at org.openqa.selenium.remote.codec.w3c.W3CHttpResponseCodec.decode(W3CHttpResponseCodec.java:133)
at org.openqa.selenium.remote.codec.w3c.W3CHttpResponseCodec.decode(W3CHttpResponseCodec.java:52)
at org.openqa.selenium.remote.HttpCommandExecutor.execute(HttpCommandExecutor.java:191)
at org.openqa.selenium.remote.service.DriverCommandExecutor.invokeExecute(DriverCommandExecutor.java:196)
at org.openqa.selenium.remote.service.DriverCommandExecutor.execute(DriverCommandExecutor.java:171)
at org.openqa.selenium.remote.RemoteWebDriver.execute(RemoteWebDriver.java:602)
at org.openqa.selenium.remote.RemoteWebElement.execute(RemoteWebElement.java:224)
at org.openqa.selenium.remote.RemoteWebElement.click(RemoteWebElement.java:77)
at jdk.internal.reflect.GeneratedMethodAccessor61.invoke(Unknown Source)
at java.base/jdk.internal.reflect.DelegatingMethodAccessorImpl.invoke(DelegatingMethodAccessorImpl.java:43)
at java.base/java.lang.reflect.Method.invoke(Method.java:566)
at org.openqa.selenium.support.pagefactory.internal.LocatingElementHandler.invoke(LocatingElementHandler.java:51)
at com.sun.proxy.$Proxy34.click(Unknown Source)
at Pages.LinksPage.clickOnMovedLink(LinksPage.java:52)
at org.Tests.LinksPageTest.validateMovedLink(LinksPageTest.java:42)
at java.base/jdk.internal.reflect.NativeMethodAccessorImpl.invoke0(Native Method)
at java.base/jdk.internal.reflect.NativeMethodAccessorImpl.invoke(NativeMethodAccessorImpl.java:62)
at java.base/jdk.internal.reflect.DelegatingMethodAccessorImpl.invoke(DelegatingMethodAccessorImpl.java:43)
at java.base/java.lang.reflect.Method.invoke(Method.java:566)
at org.testng.internal.invokers.MethodInvocationHelper.invokeMethod(MethodInvocationHelper.java:139)
at org.testng.internal.invokers.TestInvoker.invokeMethod(TestInvoker.java:664)
at org.testng.internal.invokers.TestInvoker.retryFailed(TestInvoker.java:248)
at org.testng.internal.invokers.MethodRunner.runInSequence(MethodRunner.java:62)
at org.testng.internal.invokers.TestInvoker$MethodInvocationAgent.invoke(TestInvoker.java:957)
at org.testng.internal.invokers.TestInvoker.invokeTestMethods(TestInvoker.java:200)
at org.testng.internal.invokers.TestMethodWorker.invokeTestMethods(TestMethodWorker.java:148)
at org.testng.internal.invokers.TestMethodWorker.run(TestMethodWorker.java:128)
at java.base/java.util.ArrayList.forEach(ArrayList.java:1541)
at org.testng.TestRunner.privateRun(TestRunner.java:848)
at org.testng.TestRunner.run(TestRunner.java:621)
at org.testng.SuiteRunner.runTest(SuiteRunner.java:443)
at org.testng.SuiteRunner.runSequentially(SuiteRunner.java:437)
at org.testng.SuiteRunner.privateRun(SuiteRunner.java:397)
at org.testng.SuiteRunner.run(SuiteRunner.java:336)
at org.testng.SuiteRunnerWorker.runSuite(SuiteRunnerWorker.java:52)
at org.testng.SuiteRunnerWorker.run(SuiteRunnerWorker.java:95)
at org.testng.TestNG.runSuitesSequentially(TestNG.java:1280)
at org.testng.TestNG.runSuitesLocally(TestNG.java:1200)
at org.testng.TestNG.runSuites(TestNG.java:1114)
at org.testng.TestNG.run(TestNG.java:1082)
at org.apache.maven.surefire.testng.TestNGExecutor.run(TestNGExecutor.java:308)
at org.apache.maven.surefire.testng.TestNGXmlTestSuite.execute(TestNGXmlTestSuite.java:71)
at org.apache.maven.surefire.testng.TestNGProvider.invoke(TestNGProvider.java:113)
at org.apache.maven.surefire.booter.ForkedBooter.runSuitesInProcess(ForkedBooter.java:385)
at org.apache.maven.surefire.booter.ForkedBooter.execute(ForkedBooter.java:162)
at org.apache.maven.surefire.booter.ForkedBooter.run(ForkedBooter.java:507)
at org.apache.maven.surefire.booter.ForkedBooter.main(ForkedBooter.java:495)
]]>
            </full-stacktrace>
          </exception> <!-- org.openqa.selenium.ElementClickInterceptedException -->
          <reporter-output>
          </reporter-output>
        </test-method> <!-- validateMovedLink -->
        <test-method is-config="true" signature="close()[pri:0, instance:org.Tests.LinksPageTest@5d12a356]" started-at="2023-12-29T22:53:58 COT" name="close" finished-at="2023-12-29T22:53:58 COT" duration-ms="359" status="PASS">
          <reporter-output>
          </reporter-output>
        </test-method> <!-- close -->
        <test-method is-config="true" signature="homePage()[pri:0, instance:org.Tests.LinksPageTest@5d12a356]" started-at="2023-12-29T22:53:58 COT" name="homePage" finished-at="2023-12-29T22:54:18 COT" duration-ms="19969" status="PASS">
          <reporter-output>
          </reporter-output>
        </test-method> <!-- homePage -->
        <test-method is-config="true" signature="initializeClass()[pri:0, instance:org.Tests.LinksPageTest@5d12a356]" started-at="2023-12-29T22:54:18 COT" name="initializeClass" finished-at="2023-12-29T22:54:24 COT" duration-ms="5225" status="PASS">
          <reporter-output>
          </reporter-output>
        </test-method> <!-- initializeClass -->
        <test-method signature="validateNoContentLink()[pri:0, instance:org.Tests.LinksPageTest@5d12a356]" started-at="2023-12-29T22:54:24 COT" name="validateNoContentLink" finished-at="2023-12-29T22:54:25 COT" duration-ms="1765" status="PASS">
          <reporter-output>
          </reporter-output>
        </test-method> <!-- validateNoContentLink -->
        <test-method is-config="true" signature="close()[pri:0, instance:org.Tests.LinksPageTest@5d12a356]" started-at="2023-12-29T22:54:25 COT" name="close" finished-at="2023-12-29T22:54:27 COT" duration-ms="2040" status="PASS">
          <reporter-output>
          </reporter-output>
        </test-method> <!-- close -->
        <test-method is-config="true" signature="homePage()[pri:0, instance:org.Tests.LinksPageTest@5d12a356]" started-at="2023-12-29T22:54:27 COT" name="homePage" finished-at="2023-12-29T22:54:46 COT" duration-ms="19045" status="PASS">
          <reporter-output>
          </reporter-output>
        </test-method> <!-- homePage -->
        <test-method is-config="true" signature="initializeClass()[pri:0, instance:org.Tests.LinksPageTest@5d12a356]" started-at="2023-12-29T22:54:46 COT" name="initializeClass" finished-at="2023-12-29T22:54:49 COT" duration-ms="2844" status="PASS">
          <reporter-output>
          </reporter-output>
        </test-method> <!-- initializeClass -->
        <test-method signature="validateNotFoundLink()[pri:0, instance:org.Tests.LinksPageTest@5d12a356]" started-at="2023-12-29T22:54:49 COT" name="validateNotFoundLink" finished-at="2023-12-29T22:54:54 COT" duration-ms="5203" status="PASS">
          <reporter-output>
          </reporter-output>
        </test-method> <!-- validateNotFoundLink -->
        <test-method is-config="true" signature="close()[pri:0, instance:org.Tests.LinksPageTest@5d12a356]" started-at="2023-12-29T22:54:54 COT" name="close" finished-at="2023-12-29T22:54:55 COT" duration-ms="920" status="PASS">
          <reporter-output>
          </reporter-output>
        </test-method> <!-- close -->
        <test-method is-config="true" signature="homePage()[pri:0, instance:org.Tests.LinksPageTest@5d12a356]" started-at="2023-12-29T22:54:55 COT" name="homePage" finished-at="2023-12-29T22:55:13 COT" duration-ms="18044" status="PASS">
          <reporter-output>
          </reporter-output>
        </test-method> <!-- homePage -->
        <test-method is-config="true" signature="initializeClass()[pri:0, instance:org.Tests.LinksPageTest@5d12a356]" started-at="2023-12-29T22:55:13 COT" name="initializeClass" finished-at="2023-12-29T22:55:20 COT" duration-ms="6083" status="PASS">
          <reporter-output>
          </reporter-output>
        </test-method> <!-- initializeClass -->
        <test-method signature="validateUnauthorizedLink()[pri:0, instance:org.Tests.LinksPageTest@5d12a356]" started-at="2023-12-29T22:55:20 COT" name="validateUnauthorizedLink" finished-at="2023-12-29T22:55:22 COT" duration-ms="2088" status="PASS">
          <reporter-output>
          </reporter-output>
        </test-method> <!-- validateUnauthorizedLink -->
        <test-method is-config="true" signature="close()[pri:0, instance:org.Tests.LinksPageTest@5d12a356]" started-at="2023-12-29T22:55:22 COT" name="close" finished-at="2023-12-29T22:55:23 COT" duration-ms="1673" status="PASS">
          <reporter-output>
          </reporter-output>
        </test-method> <!-- close -->
      </class> <!-- org.Tests.LinksPageTest -->
    </test> <!-- Links -->
    <test started-at="2023-12-29T22:55:24 COT" name="Broken Links - Images" finished-at="2023-12-29T22:57:07 COT" duration-ms="103834">
      <class name="org.Tests.BrokenLinksTest">
        <test-method is-config="true" signature="homePage()[pri:0, instance:org.Tests.BrokenLinksTest@7862f56]" started-at="2023-12-29T22:55:24 COT" name="homePage" finished-at="2023-12-29T22:55:54 COT" duration-ms="30145" status="PASS">
          <reporter-output>
          </reporter-output>
        </test-method> <!-- homePage -->
        <test-method is-config="true" signature="initializeClass()[pri:0, instance:org.Tests.BrokenLinksTest@7862f56]" started-at="2023-12-29T22:55:54 COT" name="initializeClass" finished-at="2023-12-29T22:56:01 COT" duration-ms="7568" status="PASS">
          <reporter-output>
          </reporter-output>
        </test-method> <!-- initializeClass -->
        <test-method signature="validateBrokeImage()[pri:0, instance:org.Tests.BrokenLinksTest@7862f56]" started-at="2023-12-29T22:56:01 COT" name="validateBrokeImage" finished-at="2023-12-29T22:56:05 COT" duration-ms="4097" status="PASS">
          <reporter-output>
          </reporter-output>
        </test-method> <!-- validateBrokeImage -->
        <test-method is-config="true" signature="close()[pri:0, instance:org.Tests.BrokenLinksTest@7862f56]" started-at="2023-12-29T22:56:05 COT" name="close" finished-at="2023-12-29T22:56:06 COT" duration-ms="751" status="PASS">
          <reporter-output>
          </reporter-output>
        </test-method> <!-- close -->
        <test-method is-config="true" signature="homePage()[pri:0, instance:org.Tests.BrokenLinksTest@7862f56]" started-at="2023-12-29T22:56:06 COT" name="homePage" finished-at="2023-12-29T22:56:23 COT" duration-ms="16459" status="PASS">
          <reporter-output>
          </reporter-output>
        </test-method> <!-- homePage -->
        <test-method is-config="true" signature="initializeClass()[pri:0, instance:org.Tests.BrokenLinksTest@7862f56]" started-at="2023-12-29T22:56:23 COT" name="initializeClass" finished-at="2023-12-29T22:56:27 COT" duration-ms="4652" status="PASS">
          <reporter-output>
          </reporter-output>
        </test-method> <!-- initializeClass -->
        <test-method signature="validateBrokenLink()[pri:0, instance:org.Tests.BrokenLinksTest@7862f56]" started-at="2023-12-29T22:56:27 COT" name="validateBrokenLink" finished-at="2023-12-29T22:56:28 COT" duration-ms="562" status="PASS">
          <reporter-output>
          </reporter-output>
        </test-method> <!-- validateBrokenLink -->
        <test-method is-config="true" signature="close()[pri:0, instance:org.Tests.BrokenLinksTest@7862f56]" started-at="2023-12-29T22:56:28 COT" name="close" finished-at="2023-12-29T22:56:28 COT" duration-ms="618" status="PASS">
          <reporter-output>
          </reporter-output>
        </test-method> <!-- close -->
        <test-method is-config="true" signature="homePage()[pri:0, instance:org.Tests.BrokenLinksTest@7862f56]" started-at="2023-12-29T22:56:28 COT" name="homePage" finished-at="2023-12-29T22:56:44 COT" duration-ms="15421" status="PASS">
          <reporter-output>
          </reporter-output>
        </test-method> <!-- homePage -->
        <test-method is-config="true" signature="initializeClass()[pri:0, instance:org.Tests.BrokenLinksTest@7862f56]" started-at="2023-12-29T22:56:44 COT" name="initializeClass" finished-at="2023-12-29T22:56:46 COT" duration-ms="2129" status="PASS">
          <reporter-output>
          </reporter-output>
        </test-method> <!-- initializeClass -->
        <test-method signature="validateImage()[pri:0, instance:org.Tests.BrokenLinksTest@7862f56]" started-at="2023-12-29T22:56:46 COT" name="validateImage" finished-at="2023-12-29T22:56:47 COT" duration-ms="1021" status="PASS">
          <reporter-output>
          </reporter-output>
        </test-method> <!-- validateImage -->
        <test-method is-config="true" signature="close()[pri:0, instance:org.Tests.BrokenLinksTest@7862f56]" started-at="2023-12-29T22:56:47 COT" name="close" finished-at="2023-12-29T22:56:48 COT" duration-ms="644" status="PASS">
          <reporter-output>
          </reporter-output>
        </test-method> <!-- close -->
        <test-method is-config="true" signature="homePage()[pri:0, instance:org.Tests.BrokenLinksTest@7862f56]" started-at="2023-12-29T22:56:48 COT" name="homePage" finished-at="2023-12-29T22:57:03 COT" duration-ms="14895" status="PASS">
          <reporter-output>
          </reporter-output>
        </test-method> <!-- homePage -->
        <test-method is-config="true" signature="initializeClass()[pri:0, instance:org.Tests.BrokenLinksTest@7862f56]" started-at="2023-12-29T22:57:03 COT" name="initializeClass" finished-at="2023-12-29T22:57:06 COT" duration-ms="3690" status="PASS">
          <reporter-output>
          </reporter-output>
        </test-method> <!-- initializeClass -->
        <test-method signature="validateLink()[pri:0, instance:org.Tests.BrokenLinksTest@7862f56]" started-at="2023-12-29T22:57:06 COT" name="validateLink" finished-at="2023-12-29T22:57:07 COT" duration-ms="642" status="PASS">
          <reporter-output>
          </reporter-output>
        </test-method> <!-- validateLink -->
        <test-method is-config="true" signature="close()[pri:0, instance:org.Tests.BrokenLinksTest@7862f56]" started-at="2023-12-29T22:57:07 COT" name="close" finished-at="2023-12-29T22:57:07 COT" duration-ms="522" status="PASS">
          <reporter-output>
          </reporter-output>
        </test-method> <!-- close -->
      </class> <!-- org.Tests.BrokenLinksTest -->
    </test> <!-- Broken Links - Images -->
    <test started-at="2023-12-29T22:57:08 COT" name="Upload and Download" finished-at="2023-12-29T22:57:27 COT" duration-ms="19109">
      <class name="org.Tests.UploadDownloadTest">
        <test-method is-config="true" signature="homePage()[pri:0, instance:org.Tests.UploadDownloadTest@38831718]" started-at="2023-12-29T22:57:08 COT" name="homePage" finished-at="2023-12-29T22:57:23 COT" duration-ms="15835" status="PASS">
          <reporter-output>
          </reporter-output>
        </test-method> <!-- homePage -->
        <test-method is-config="true" signature="initializeClass()[pri:0, instance:org.Tests.UploadDownloadTest@38831718]" started-at="2023-12-29T22:57:23 COT" name="initializeClass" finished-at="2023-12-29T22:57:25 COT" duration-ms="1853" status="PASS">
          <reporter-output>
          </reporter-output>
        </test-method> <!-- initializeClass -->
        <test-method signature="validateArchiveDownloaded()[pri:0, instance:org.Tests.UploadDownloadTest@38831718]" started-at="2023-12-29T22:57:25 COT" name="validateArchiveDownloaded" finished-at="2023-12-29T22:57:26 COT" duration-ms="730" status="PASS">
          <reporter-output>
          </reporter-output>
        </test-method> <!-- validateArchiveDownloaded -->
        <test-method is-config="true" signature="close()[pri:0, instance:org.Tests.UploadDownloadTest@38831718]" started-at="2023-12-29T22:57:26 COT" name="close" finished-at="2023-12-29T22:57:27 COT" duration-ms="688" status="PASS">
          <reporter-output>
          </reporter-output>
        </test-method> <!-- close -->
      </class> <!-- org.Tests.UploadDownloadTest -->
    </test> <!-- Upload and Download -->
    <test started-at="2023-12-29T22:57:27 COT" name="Dynamic Properties" finished-at="2023-12-29T22:59:49 COT" duration-ms="141607">
      <class name="org.Tests.DynamicPropertiesTest">
        <test-method is-config="true" signature="homePage()[pri:0, instance:org.Tests.DynamicPropertiesTest@512535ff]" started-at="2023-12-29T22:57:27 COT" name="homePage" finished-at="2023-12-29T22:57:45 COT" duration-ms="18203" status="PASS">
          <reporter-output>
          </reporter-output>
        </test-method> <!-- homePage -->
        <test-method is-config="true" signature="initializeClass()[pri:0, instance:org.Tests.DynamicPropertiesTest@512535ff]" started-at="2023-12-29T22:57:45 COT" name="initializeClass" finished-at="2023-12-29T22:57:49 COT" duration-ms="3457" status="PASS">
          <reporter-output>
          </reporter-output>
        </test-method> <!-- initializeClass -->
        <test-method signature="validateFirstButtonIsEnable()[pri:0, instance:org.Tests.DynamicPropertiesTest@512535ff]" started-at="2023-12-29T22:57:49 COT" name="validateFirstButtonIsEnable" finished-at="2023-12-29T22:57:54 COT" duration-ms="5358" status="PASS">
          <reporter-output>
          </reporter-output>
        </test-method> <!-- validateFirstButtonIsEnable -->
        <test-method is-config="true" signature="close()[pri:0, instance:org.Tests.DynamicPropertiesTest@512535ff]" started-at="2023-12-29T22:57:54 COT" name="close" finished-at="2023-12-29T22:57:55 COT" duration-ms="598" status="PASS">
          <reporter-output>
          </reporter-output>
        </test-method> <!-- close -->
        <test-method is-config="true" signature="homePage()[pri:0, instance:org.Tests.DynamicPropertiesTest@512535ff]" started-at="2023-12-29T22:57:55 COT" name="homePage" finished-at="2023-12-29T22:58:11 COT" duration-ms="16554" status="PASS">
          <reporter-output>
          </reporter-output>
        </test-method> <!-- homePage -->
        <test-method is-config="true" signature="initializeClass()[pri:0, instance:org.Tests.DynamicPropertiesTest@512535ff]" started-at="2023-12-29T22:58:11 COT" name="initializeClass" finished-at="2023-12-29T22:58:13 COT" duration-ms="1954" status="PASS">
          <reporter-output>
          </reporter-output>
        </test-method> <!-- initializeClass -->
        <test-method retried="true" signature="validateSecondButtonTextColorChange()[pri:0, instance:org.Tests.DynamicPropertiesTest@512535ff]" started-at="2023-12-29T22:58:13 COT" name="validateSecondButtonTextColorChange" finished-at="2023-12-29T22:58:13 COT" duration-ms="179" status="SKIP">
          <exception class="java.lang.AssertionError">
            <message>
              <![CDATA[expected [rgba(220, 53, 69, 1)] but found [rgba(255, 255, 255, 1)]]]>
            </message>
            <full-stacktrace>
              <![CDATA[java.lang.AssertionError: expected [rgba(220, 53, 69, 1)] but found [rgba(255, 255, 255, 1)]
at org.testng.Assert.fail(Assert.java:111)
at org.testng.Assert.failNotEquals(Assert.java:1578)
at org.testng.Assert.assertEqualsImpl(Assert.java:150)
at org.testng.Assert.assertEquals(Assert.java:132)
at org.testng.Assert.assertEquals(Assert.java:656)
at org.testng.Assert.assertEquals(Assert.java:666)
at org.Tests.DynamicPropertiesTest.validateSecondButtonTextColorChange(DynamicPropertiesTest.java:21)
at java.base/jdk.internal.reflect.NativeMethodAccessorImpl.invoke0(Native Method)
at java.base/jdk.internal.reflect.NativeMethodAccessorImpl.invoke(NativeMethodAccessorImpl.java:62)
at java.base/jdk.internal.reflect.DelegatingMethodAccessorImpl.invoke(DelegatingMethodAccessorImpl.java:43)
at java.base/java.lang.reflect.Method.invoke(Method.java:566)
at org.testng.internal.invokers.MethodInvocationHelper.invokeMethod(MethodInvocationHelper.java:139)
at org.testng.internal.invokers.TestInvoker.invokeMethod(TestInvoker.java:664)
at org.testng.internal.invokers.TestInvoker.invokeTestMethod(TestInvoker.java:227)
at org.testng.internal.invokers.MethodRunner.runInSequence(MethodRunner.java:50)
at org.testng.internal.invokers.TestInvoker$MethodInvocationAgent.invoke(TestInvoker.java:957)
at org.testng.internal.invokers.TestInvoker.invokeTestMethods(TestInvoker.java:200)
at org.testng.internal.invokers.TestMethodWorker.invokeTestMethods(TestMethodWorker.java:148)
at org.testng.internal.invokers.TestMethodWorker.run(TestMethodWorker.java:128)
at java.base/java.util.ArrayList.forEach(ArrayList.java:1541)
at org.testng.TestRunner.privateRun(TestRunner.java:848)
at org.testng.TestRunner.run(TestRunner.java:621)
at org.testng.SuiteRunner.runTest(SuiteRunner.java:443)
at org.testng.SuiteRunner.runSequentially(SuiteRunner.java:437)
at org.testng.SuiteRunner.privateRun(SuiteRunner.java:397)
at org.testng.SuiteRunner.run(SuiteRunner.java:336)
at org.testng.SuiteRunnerWorker.runSuite(SuiteRunnerWorker.java:52)
at org.testng.SuiteRunnerWorker.run(SuiteRunnerWorker.java:95)
at org.testng.TestNG.runSuitesSequentially(TestNG.java:1280)
at org.testng.TestNG.runSuitesLocally(TestNG.java:1200)
at org.testng.TestNG.runSuites(TestNG.java:1114)
at org.testng.TestNG.run(TestNG.java:1082)
at org.apache.maven.surefire.testng.TestNGExecutor.run(TestNGExecutor.java:308)
at org.apache.maven.surefire.testng.TestNGXmlTestSuite.execute(TestNGXmlTestSuite.java:71)
at org.apache.maven.surefire.testng.TestNGProvider.invoke(TestNGProvider.java:113)
at org.apache.maven.surefire.booter.ForkedBooter.runSuitesInProcess(ForkedBooter.java:385)
at org.apache.maven.surefire.booter.ForkedBooter.execute(ForkedBooter.java:162)
at org.apache.maven.surefire.booter.ForkedBooter.run(ForkedBooter.java:507)
at org.apache.maven.surefire.booter.ForkedBooter.main(ForkedBooter.java:495)
]]>
            </full-stacktrace>
          </exception> <!-- java.lang.AssertionError -->
          <reporter-output>
          </reporter-output>
        </test-method> <!-- validateSecondButtonTextColorChange -->
        <test-method is-config="true" signature="close()[pri:0, instance:org.Tests.DynamicPropertiesTest@512535ff]" started-at="2023-12-29T22:58:13 COT" name="close" finished-at="2023-12-29T22:58:14 COT" duration-ms="549" status="PASS">
          <reporter-output>
          </reporter-output>
        </test-method> <!-- close -->
        <test-method is-config="true" signature="homePage()[pri:0, instance:org.Tests.DynamicPropertiesTest@512535ff]" started-at="2023-12-29T22:58:14 COT" name="homePage" finished-at="2023-12-29T22:58:29 COT" duration-ms="15390" status="PASS">
          <reporter-output>
          </reporter-output>
        </test-method> <!-- homePage -->
        <test-method is-config="true" signature="initializeClass()[pri:0, instance:org.Tests.DynamicPropertiesTest@512535ff]" started-at="2023-12-29T22:58:29 COT" name="initializeClass" finished-at="2023-12-29T22:58:31 COT" duration-ms="2263" status="PASS">
          <reporter-output>
          </reporter-output>
        </test-method> <!-- initializeClass -->
        <test-method retried="true" signature="validateSecondButtonTextColorChange()[pri:0, instance:org.Tests.DynamicPropertiesTest@512535ff]" started-at="2023-12-29T22:58:31 COT" name="validateSecondButtonTextColorChange" finished-at="2023-12-29T22:58:32 COT" duration-ms="88" status="SKIP">
          <exception class="java.lang.AssertionError">
            <message>
              <![CDATA[expected [rgba(220, 53, 69, 1)] but found [rgba(255, 255, 255, 1)]]]>
            </message>
            <full-stacktrace>
              <![CDATA[java.lang.AssertionError: expected [rgba(220, 53, 69, 1)] but found [rgba(255, 255, 255, 1)]
at org.testng.Assert.fail(Assert.java:111)
at org.testng.Assert.failNotEquals(Assert.java:1578)
at org.testng.Assert.assertEqualsImpl(Assert.java:150)
at org.testng.Assert.assertEquals(Assert.java:132)
at org.testng.Assert.assertEquals(Assert.java:656)
at org.testng.Assert.assertEquals(Assert.java:666)
at org.Tests.DynamicPropertiesTest.validateSecondButtonTextColorChange(DynamicPropertiesTest.java:21)
at java.base/jdk.internal.reflect.NativeMethodAccessorImpl.invoke0(Native Method)
at java.base/jdk.internal.reflect.NativeMethodAccessorImpl.invoke(NativeMethodAccessorImpl.java:62)
at java.base/jdk.internal.reflect.DelegatingMethodAccessorImpl.invoke(DelegatingMethodAccessorImpl.java:43)
at java.base/java.lang.reflect.Method.invoke(Method.java:566)
at org.testng.internal.invokers.MethodInvocationHelper.invokeMethod(MethodInvocationHelper.java:139)
at org.testng.internal.invokers.TestInvoker.invokeMethod(TestInvoker.java:664)
at org.testng.internal.invokers.TestInvoker.retryFailed(TestInvoker.java:248)
at org.testng.internal.invokers.MethodRunner.runInSequence(MethodRunner.java:62)
at org.testng.internal.invokers.TestInvoker$MethodInvocationAgent.invoke(TestInvoker.java:957)
at org.testng.internal.invokers.TestInvoker.invokeTestMethods(TestInvoker.java:200)
at org.testng.internal.invokers.TestMethodWorker.invokeTestMethods(TestMethodWorker.java:148)
at org.testng.internal.invokers.TestMethodWorker.run(TestMethodWorker.java:128)
at java.base/java.util.ArrayList.forEach(ArrayList.java:1541)
at org.testng.TestRunner.privateRun(TestRunner.java:848)
at org.testng.TestRunner.run(TestRunner.java:621)
at org.testng.SuiteRunner.runTest(SuiteRunner.java:443)
at org.testng.SuiteRunner.runSequentially(SuiteRunner.java:437)
at org.testng.SuiteRunner.privateRun(SuiteRunner.java:397)
at org.testng.SuiteRunner.run(SuiteRunner.java:336)
at org.testng.SuiteRunnerWorker.runSuite(SuiteRunnerWorker.java:52)
at org.testng.SuiteRunnerWorker.run(SuiteRunnerWorker.java:95)
at org.testng.TestNG.runSuitesSequentially(TestNG.java:1280)
at org.testng.TestNG.runSuitesLocally(TestNG.java:1200)
at org.testng.TestNG.runSuites(TestNG.java:1114)
at org.testng.TestNG.run(TestNG.java:1082)
at org.apache.maven.surefire.testng.TestNGExecutor.run(TestNGExecutor.java:308)
at org.apache.maven.surefire.testng.TestNGXmlTestSuite.execute(TestNGXmlTestSuite.java:71)
at org.apache.maven.surefire.testng.TestNGProvider.invoke(TestNGProvider.java:113)
at org.apache.maven.surefire.booter.ForkedBooter.runSuitesInProcess(ForkedBooter.java:385)
at org.apache.maven.surefire.booter.ForkedBooter.execute(ForkedBooter.java:162)
at org.apache.maven.surefire.booter.ForkedBooter.run(ForkedBooter.java:507)
at org.apache.maven.surefire.booter.ForkedBooter.main(ForkedBooter.java:495)
]]>
            </full-stacktrace>
          </exception> <!-- java.lang.AssertionError -->
          <reporter-output>
          </reporter-output>
        </test-method> <!-- validateSecondButtonTextColorChange -->
        <test-method is-config="true" signature="close()[pri:0, instance:org.Tests.DynamicPropertiesTest@512535ff]" started-at="2023-12-29T22:58:32 COT" name="close" finished-at="2023-12-29T22:58:32 COT" duration-ms="486" status="PASS">
          <reporter-output>
          </reporter-output>
        </test-method> <!-- close -->
        <test-method is-config="true" signature="homePage()[pri:0, instance:org.Tests.DynamicPropertiesTest@512535ff]" started-at="2023-12-29T22:58:32 COT" name="homePage" finished-at="2023-12-29T22:58:46 COT" duration-ms="14490" status="PASS">
          <reporter-output>
          </reporter-output>
        </test-method> <!-- homePage -->
        <test-method is-config="true" signature="initializeClass()[pri:0, instance:org.Tests.DynamicPropertiesTest@512535ff]" started-at="2023-12-29T22:58:46 COT" name="initializeClass" finished-at="2023-12-29T22:58:51 COT" duration-ms="4090" status="PASS">
          <reporter-output>
          </reporter-output>
        </test-method> <!-- initializeClass -->
        <test-method retried="true" signature="validateSecondButtonTextColorChange()[pri:0, instance:org.Tests.DynamicPropertiesTest@512535ff]" started-at="2023-12-29T22:58:51 COT" name="validateSecondButtonTextColorChange" finished-at="2023-12-29T22:58:51 COT" duration-ms="141" status="SKIP">
          <exception class="java.lang.AssertionError">
            <message>
              <![CDATA[expected [rgba(220, 53, 69, 1)] but found [rgba(255, 255, 255, 1)]]]>
            </message>
            <full-stacktrace>
              <![CDATA[java.lang.AssertionError: expected [rgba(220, 53, 69, 1)] but found [rgba(255, 255, 255, 1)]
at org.testng.Assert.fail(Assert.java:111)
at org.testng.Assert.failNotEquals(Assert.java:1578)
at org.testng.Assert.assertEqualsImpl(Assert.java:150)
at org.testng.Assert.assertEquals(Assert.java:132)
at org.testng.Assert.assertEquals(Assert.java:656)
at org.testng.Assert.assertEquals(Assert.java:666)
at org.Tests.DynamicPropertiesTest.validateSecondButtonTextColorChange(DynamicPropertiesTest.java:21)
at java.base/jdk.internal.reflect.NativeMethodAccessorImpl.invoke0(Native Method)
at java.base/jdk.internal.reflect.NativeMethodAccessorImpl.invoke(NativeMethodAccessorImpl.java:62)
at java.base/jdk.internal.reflect.DelegatingMethodAccessorImpl.invoke(DelegatingMethodAccessorImpl.java:43)
at java.base/java.lang.reflect.Method.invoke(Method.java:566)
at org.testng.internal.invokers.MethodInvocationHelper.invokeMethod(MethodInvocationHelper.java:139)
at org.testng.internal.invokers.TestInvoker.invokeMethod(TestInvoker.java:664)
at org.testng.internal.invokers.TestInvoker.retryFailed(TestInvoker.java:248)
at org.testng.internal.invokers.MethodRunner.runInSequence(MethodRunner.java:62)
at org.testng.internal.invokers.TestInvoker$MethodInvocationAgent.invoke(TestInvoker.java:957)
at org.testng.internal.invokers.TestInvoker.invokeTestMethods(TestInvoker.java:200)
at org.testng.internal.invokers.TestMethodWorker.invokeTestMethods(TestMethodWorker.java:148)
at org.testng.internal.invokers.TestMethodWorker.run(TestMethodWorker.java:128)
at java.base/java.util.ArrayList.forEach(ArrayList.java:1541)
at org.testng.TestRunner.privateRun(TestRunner.java:848)
at org.testng.TestRunner.run(TestRunner.java:621)
at org.testng.SuiteRunner.runTest(SuiteRunner.java:443)
at org.testng.SuiteRunner.runSequentially(SuiteRunner.java:437)
at org.testng.SuiteRunner.privateRun(SuiteRunner.java:397)
at org.testng.SuiteRunner.run(SuiteRunner.java:336)
at org.testng.SuiteRunnerWorker.runSuite(SuiteRunnerWorker.java:52)
at org.testng.SuiteRunnerWorker.run(SuiteRunnerWorker.java:95)
at org.testng.TestNG.runSuitesSequentially(TestNG.java:1280)
at org.testng.TestNG.runSuitesLocally(TestNG.java:1200)
at org.testng.TestNG.runSuites(TestNG.java:1114)
at org.testng.TestNG.run(TestNG.java:1082)
at org.apache.maven.surefire.testng.TestNGExecutor.run(TestNGExecutor.java:308)
at org.apache.maven.surefire.testng.TestNGXmlTestSuite.execute(TestNGXmlTestSuite.java:71)
at org.apache.maven.surefire.testng.TestNGProvider.invoke(TestNGProvider.java:113)
at org.apache.maven.surefire.booter.ForkedBooter.runSuitesInProcess(ForkedBooter.java:385)
at org.apache.maven.surefire.booter.ForkedBooter.execute(ForkedBooter.java:162)
at org.apache.maven.surefire.booter.ForkedBooter.run(ForkedBooter.java:507)
at org.apache.maven.surefire.booter.ForkedBooter.main(ForkedBooter.java:495)
]]>
            </full-stacktrace>
          </exception> <!-- java.lang.AssertionError -->
          <reporter-output>
          </reporter-output>
        </test-method> <!-- validateSecondButtonTextColorChange -->
        <test-method is-config="true" signature="close()[pri:0, instance:org.Tests.DynamicPropertiesTest@512535ff]" started-at="2023-12-29T22:58:51 COT" name="close" finished-at="2023-12-29T22:58:51 COT" duration-ms="592" status="PASS">
          <reporter-output>
          </reporter-output>
        </test-method> <!-- close -->
        <test-method is-config="true" signature="homePage()[pri:0, instance:org.Tests.DynamicPropertiesTest@512535ff]" started-at="2023-12-29T22:58:51 COT" name="homePage" finished-at="2023-12-29T22:59:09 COT" duration-ms="17294" status="PASS">
          <reporter-output>
          </reporter-output>
        </test-method> <!-- homePage -->
        <test-method is-config="true" signature="initializeClass()[pri:0, instance:org.Tests.DynamicPropertiesTest@512535ff]" started-at="2023-12-29T22:59:09 COT" name="initializeClass" finished-at="2023-12-29T22:59:11 COT" duration-ms="2409" status="PASS">
          <reporter-output>
          </reporter-output>
        </test-method> <!-- initializeClass -->
        <test-method signature="validateSecondButtonTextColorChange()[pri:0, instance:org.Tests.DynamicPropertiesTest@512535ff]" started-at="2023-12-29T22:59:11 COT" name="validateSecondButtonTextColorChange" finished-at="2023-12-29T22:59:11 COT" duration-ms="120" status="FAIL">
          <exception class="java.lang.AssertionError">
            <message>
              <![CDATA[expected [rgba(220, 53, 69, 1)] but found [rgba(255, 255, 255, 1)]]]>
            </message>
            <full-stacktrace>
              <![CDATA[java.lang.AssertionError: expected [rgba(220, 53, 69, 1)] but found [rgba(255, 255, 255, 1)]
at org.testng.Assert.fail(Assert.java:111)
at org.testng.Assert.failNotEquals(Assert.java:1578)
at org.testng.Assert.assertEqualsImpl(Assert.java:150)
at org.testng.Assert.assertEquals(Assert.java:132)
at org.testng.Assert.assertEquals(Assert.java:656)
at org.testng.Assert.assertEquals(Assert.java:666)
at org.Tests.DynamicPropertiesTest.validateSecondButtonTextColorChange(DynamicPropertiesTest.java:21)
at java.base/jdk.internal.reflect.NativeMethodAccessorImpl.invoke0(Native Method)
at java.base/jdk.internal.reflect.NativeMethodAccessorImpl.invoke(NativeMethodAccessorImpl.java:62)
at java.base/jdk.internal.reflect.DelegatingMethodAccessorImpl.invoke(DelegatingMethodAccessorImpl.java:43)
at java.base/java.lang.reflect.Method.invoke(Method.java:566)
at org.testng.internal.invokers.MethodInvocationHelper.invokeMethod(MethodInvocationHelper.java:139)
at org.testng.internal.invokers.TestInvoker.invokeMethod(TestInvoker.java:664)
at org.testng.internal.invokers.TestInvoker.retryFailed(TestInvoker.java:248)
at org.testng.internal.invokers.MethodRunner.runInSequence(MethodRunner.java:62)
at org.testng.internal.invokers.TestInvoker$MethodInvocationAgent.invoke(TestInvoker.java:957)
at org.testng.internal.invokers.TestInvoker.invokeTestMethods(TestInvoker.java:200)
at org.testng.internal.invokers.TestMethodWorker.invokeTestMethods(TestMethodWorker.java:148)
at org.testng.internal.invokers.TestMethodWorker.run(TestMethodWorker.java:128)
at java.base/java.util.ArrayList.forEach(ArrayList.java:1541)
at org.testng.TestRunner.privateRun(TestRunner.java:848)
at org.testng.TestRunner.run(TestRunner.java:621)
at org.testng.SuiteRunner.runTest(SuiteRunner.java:443)
at org.testng.SuiteRunner.runSequentially(SuiteRunner.java:437)
at org.testng.SuiteRunner.privateRun(SuiteRunner.java:397)
at org.testng.SuiteRunner.run(SuiteRunner.java:336)
at org.testng.SuiteRunnerWorker.runSuite(SuiteRunnerWorker.java:52)
at org.testng.SuiteRunnerWorker.run(SuiteRunnerWorker.java:95)
at org.testng.TestNG.runSuitesSequentially(TestNG.java:1280)
at org.testng.TestNG.runSuitesLocally(TestNG.java:1200)
at org.testng.TestNG.runSuites(TestNG.java:1114)
at org.testng.TestNG.run(TestNG.java:1082)
at org.apache.maven.surefire.testng.TestNGExecutor.run(TestNGExecutor.java:308)
at org.apache.maven.surefire.testng.TestNGXmlTestSuite.execute(TestNGXmlTestSuite.java:71)
at org.apache.maven.surefire.testng.TestNGProvider.invoke(TestNGProvider.java:113)
at org.apache.maven.surefire.booter.ForkedBooter.runSuitesInProcess(ForkedBooter.java:385)
at org.apache.maven.surefire.booter.ForkedBooter.execute(ForkedBooter.java:162)
at org.apache.maven.surefire.booter.ForkedBooter.run(ForkedBooter.java:507)
at org.apache.maven.surefire.booter.ForkedBooter.main(ForkedBooter.java:495)
]]>
            </full-stacktrace>
          </exception> <!-- java.lang.AssertionError -->
          <reporter-output>
          </reporter-output>
        </test-method> <!-- validateSecondButtonTextColorChange -->
        <test-method is-config="true" signature="close()[pri:0, instance:org.Tests.DynamicPropertiesTest@512535ff]" started-at="2023-12-29T22:59:20 COT" name="close" finished-at="2023-12-29T22:59:21 COT" duration-ms="1187" status="PASS">
          <reporter-output>
          </reporter-output>
        </test-method> <!-- close -->
        <test-method is-config="true" signature="homePage()[pri:0, instance:org.Tests.DynamicPropertiesTest@512535ff]" started-at="2023-12-29T22:59:21 COT" name="homePage" finished-at="2023-12-29T22:59:38 COT" duration-ms="17211" status="PASS">
          <reporter-output>
          </reporter-output>
        </test-method> <!-- homePage -->
        <test-method is-config="true" signature="initializeClass()[pri:0, instance:org.Tests.DynamicPropertiesTest@512535ff]" started-at="2023-12-29T22:59:38 COT" name="initializeClass" finished-at="2023-12-29T22:59:43 COT" duration-ms="4605" status="PASS">
          <reporter-output>
          </reporter-output>
        </test-method> <!-- initializeClass -->
        <test-method signature="validateThirdButtonIsVisible()[pri:0, instance:org.Tests.DynamicPropertiesTest@512535ff]" started-at="2023-12-29T22:59:43 COT" name="validateThirdButtonIsVisible" finished-at="2023-12-29T22:59:48 COT" duration-ms="5368" status="PASS">
          <reporter-output>
          </reporter-output>
        </test-method> <!-- validateThirdButtonIsVisible -->
        <test-method is-config="true" signature="close()[pri:0, instance:org.Tests.DynamicPropertiesTest@512535ff]" started-at="2023-12-29T22:59:48 COT" name="close" finished-at="2023-12-29T22:59:49 COT" duration-ms="585" status="PASS">
          <reporter-output>
          </reporter-output>
        </test-method> <!-- close -->
      </class> <!-- org.Tests.DynamicPropertiesTest -->
    </test> <!-- Dynamic Properties -->
    <test started-at="2023-12-29T22:59:49 COT" name="Alerts" finished-at="2023-12-29T23:00:29 COT" duration-ms="39983">
      <class name="org.Tests.AlertsTest">
        <test-method is-config="true" signature="homePage()[pri:0, instance:org.Tests.AlertsTest@70f59913]" started-at="2023-12-29T22:59:49 COT" name="homePage" finished-at="2023-12-29T23:00:05 COT" duration-ms="16242" status="PASS">
          <reporter-output>
          </reporter-output>
        </test-method> <!-- homePage -->
        <test-method is-config="true" signature="initializeClass()[pri:0, instance:org.Tests.AlertsTest@70f59913]" started-at="2023-12-29T23:00:05 COT" name="initializeClass" finished-at="2023-12-29T23:00:08 COT" duration-ms="2758" status="PASS">
          <reporter-output>
          </reporter-output>
        </test-method> <!-- initializeClass -->
        <test-method signature="validateAlert()[pri:0, instance:org.Tests.AlertsTest@70f59913]" started-at="2023-12-29T23:00:08 COT" name="validateAlert" finished-at="2023-12-29T23:00:09 COT" duration-ms="1511" status="PASS">
          <reporter-output>
          </reporter-output>
        </test-method> <!-- validateAlert -->
        <test-method is-config="true" signature="close()[pri:0, instance:org.Tests.AlertsTest@70f59913]" started-at="2023-12-29T23:00:09 COT" name="close" finished-at="2023-12-29T23:00:10 COT" duration-ms="726" status="PASS">
          <reporter-output>
          </reporter-output>
        </test-method> <!-- close -->
        <test-method is-config="true" signature="homePage()[pri:0, instance:org.Tests.AlertsTest@70f59913]" started-at="2023-12-29T23:00:10 COT" name="homePage" finished-at="2023-12-29T23:00:26 COT" duration-ms="15738" status="PASS">
          <reporter-output>
          </reporter-output>
        </test-method> <!-- homePage -->
        <test-method is-config="true" signature="initializeClass()[pri:0, instance:org.Tests.AlertsTest@70f59913]" started-at="2023-12-29T23:00:26 COT" name="initializeClass" finished-at="2023-12-29T23:00:29 COT" duration-ms="2973" status="FAIL">
          <exception class="org.openqa.selenium.ElementClickInterceptedException">
            <message>
              <![CDATA[element click intercepted: Element <li class="btn btn-light " id="item-1">...</li> is not clickable at point (133, 510). Other element would receive the click: <footer>...</footer>
  (Session info: chrome=120.0.6099.71)
Build info: version: '4.12.1', revision: '8e34639b11'
System info: os.name: 'Windows 10', os.arch: 'amd64', os.version: '10.0', java.version: '11.0.18'
Driver info: org.openqa.selenium.chrome.ChromeDriver
Command: [335f397e31594db104fe51ae654c7a98, clickElement {id=F2BE4C0B6E25958BA8E9ACCB113C8A7D_element_27}]
Capabilities {acceptInsecureCerts: false, browserName: chrome, browserVersion: 120.0.6099.71, chrome: {chromedriverVersion: 120.0.6099.109 (3419140ab66..., userDataDir: C:\Users\Jorge\AppData\Loca...}, fedcm:accounts: true, goog:chromeOptions: {debuggerAddress: localhost:65103}, networkConnectionEnabled: false, pageLoadStrategy: normal, platformName: windows, proxy: Proxy(), se:cdp: ws://localhost:65103/devtoo..., se:cdpVersion: 120.0.6099.71, setWindowRect: true, strictFileInteractability: false, timeouts: {implicit: 0, pageLoad: 300000, script: 30000}, unhandledPromptBehavior: dismiss and notify, webauthn:extension:credBlob: true, webauthn:extension:largeBlob: true, webauthn:extension:minPinLength: true, webauthn:extension:prf: true, webauthn:virtualAuthenticators: true}
Element: [[ChromeDriver: chrome on windows (335f397e31594db104fe51ae654c7a98)] -> css selector: .collapse.show > .menu-list > *]
Session ID: 335f397e31594db104fe51ae654c7a98]]>
            </message>
            <full-stacktrace>
              <![CDATA[org.openqa.selenium.ElementClickInterceptedException: element click intercepted: Element <li class="btn btn-light " id="item-1">...</li> is not clickable at point (133, 510). Other element would receive the click: <footer>...</footer>
  (Session info: chrome=120.0.6099.71)
Build info: version: '4.12.1', revision: '8e34639b11'
System info: os.name: 'Windows 10', os.arch: 'amd64', os.version: '10.0', java.version: '11.0.18'
Driver info: org.openqa.selenium.chrome.ChromeDriver
Command: [335f397e31594db104fe51ae654c7a98, clickElement {id=F2BE4C0B6E25958BA8E9ACCB113C8A7D_element_27}]
Capabilities {acceptInsecureCerts: false, browserName: chrome, browserVersion: 120.0.6099.71, chrome: {chromedriverVersion: 120.0.6099.109 (3419140ab66..., userDataDir: C:\Users\Jorge\AppData\Loca...}, fedcm:accounts: true, goog:chromeOptions: {debuggerAddress: localhost:65103}, networkConnectionEnabled: false, pageLoadStrategy: normal, platformName: windows, proxy: Proxy(), se:cdp: ws://localhost:65103/devtoo..., se:cdpVersion: 120.0.6099.71, setWindowRect: true, strictFileInteractability: false, timeouts: {implicit: 0, pageLoad: 300000, script: 30000}, unhandledPromptBehavior: dismiss and notify, webauthn:extension:credBlob: true, webauthn:extension:largeBlob: true, webauthn:extension:minPinLength: true, webauthn:extension:prf: true, webauthn:virtualAuthenticators: true}
Element: [[ChromeDriver: chrome on windows (335f397e31594db104fe51ae654c7a98)] -> css selector: .collapse.show > .menu-list > *]
Session ID: 335f397e31594db104fe51ae654c7a98
at java.base/jdk.internal.reflect.NativeConstructorAccessorImpl.newInstance0(Native Method)
at java.base/jdk.internal.reflect.NativeConstructorAccessorImpl.newInstance(NativeConstructorAccessorImpl.java:62)
at java.base/jdk.internal.reflect.DelegatingConstructorAccessorImpl.newInstance(DelegatingConstructorAccessorImpl.java:45)
at java.base/java.lang.reflect.Constructor.newInstance(Constructor.java:490)
at org.openqa.selenium.remote.codec.w3c.W3CHttpResponseCodec.createException(W3CHttpResponseCodec.java:200)
at org.openqa.selenium.remote.codec.w3c.W3CHttpResponseCodec.decode(W3CHttpResponseCodec.java:133)
at org.openqa.selenium.remote.codec.w3c.W3CHttpResponseCodec.decode(W3CHttpResponseCodec.java:52)
at org.openqa.selenium.remote.HttpCommandExecutor.execute(HttpCommandExecutor.java:191)
at org.openqa.selenium.remote.service.DriverCommandExecutor.invokeExecute(DriverCommandExecutor.java:196)
at org.openqa.selenium.remote.service.DriverCommandExecutor.execute(DriverCommandExecutor.java:171)
at org.openqa.selenium.remote.RemoteWebDriver.execute(RemoteWebDriver.java:602)
at org.openqa.selenium.remote.RemoteWebElement.execute(RemoteWebElement.java:224)
at org.openqa.selenium.remote.RemoteWebElement.click(RemoteWebElement.java:77)
at Pages.AlertsFrameWindowsPage.clickOnAlerts(AlertsFrameWindowsPage.java:36)
at org.Tests.AlertsTest.initializeClass(AlertsTest.java:11)
at java.base/jdk.internal.reflect.NativeMethodAccessorImpl.invoke0(Native Method)
at java.base/jdk.internal.reflect.NativeMethodAccessorImpl.invoke(NativeMethodAccessorImpl.java:62)
at java.base/jdk.internal.reflect.DelegatingMethodAccessorImpl.invoke(DelegatingMethodAccessorImpl.java:43)
at java.base/java.lang.reflect.Method.invoke(Method.java:566)
at org.testng.internal.invokers.MethodInvocationHelper.invokeMethod(MethodInvocationHelper.java:139)
at org.testng.internal.invokers.MethodInvocationHelper.invokeMethodConsideringTimeout(MethodInvocationHelper.java:69)
at org.testng.internal.invokers.ConfigInvoker.invokeConfigurationMethod(ConfigInvoker.java:390)
at org.testng.internal.invokers.ConfigInvoker.invokeConfigurations(ConfigInvoker.java:325)
at org.testng.internal.invokers.TestInvoker.runConfigMethods(TestInvoker.java:810)
at org.testng.internal.invokers.TestInvoker.invokeMethod(TestInvoker.java:577)
at org.testng.internal.invokers.TestInvoker.invokeTestMethod(TestInvoker.java:227)
at org.testng.internal.invokers.MethodRunner.runInSequence(MethodRunner.java:50)
at org.testng.internal.invokers.TestInvoker$MethodInvocationAgent.invoke(TestInvoker.java:957)
at org.testng.internal.invokers.TestInvoker.invokeTestMethods(TestInvoker.java:200)
at org.testng.internal.invokers.TestMethodWorker.invokeTestMethods(TestMethodWorker.java:148)
at org.testng.internal.invokers.TestMethodWorker.run(TestMethodWorker.java:128)
at java.base/java.util.ArrayList.forEach(ArrayList.java:1541)
at org.testng.TestRunner.privateRun(TestRunner.java:848)
at org.testng.TestRunner.run(TestRunner.java:621)
at org.testng.SuiteRunner.runTest(SuiteRunner.java:443)
at org.testng.SuiteRunner.runSequentially(SuiteRunner.java:437)
at org.testng.SuiteRunner.privateRun(SuiteRunner.java:397)
at org.testng.SuiteRunner.run(SuiteRunner.java:336)
at org.testng.SuiteRunnerWorker.runSuite(SuiteRunnerWorker.java:52)
at org.testng.SuiteRunnerWorker.run(SuiteRunnerWorker.java:95)
at org.testng.TestNG.runSuitesSequentially(TestNG.java:1280)
at org.testng.TestNG.runSuitesLocally(TestNG.java:1200)
at org.testng.TestNG.runSuites(TestNG.java:1114)
at org.testng.TestNG.run(TestNG.java:1082)
at org.apache.maven.surefire.testng.TestNGExecutor.run(TestNGExecutor.java:308)
at org.apache.maven.surefire.testng.TestNGXmlTestSuite.execute(TestNGXmlTestSuite.java:71)
at org.apache.maven.surefire.testng.TestNGProvider.invoke(TestNGProvider.java:113)
at org.apache.maven.surefire.booter.ForkedBooter.runSuitesInProcess(ForkedBooter.java:385)
at org.apache.maven.surefire.booter.ForkedBooter.execute(ForkedBooter.java:162)
at org.apache.maven.surefire.booter.ForkedBooter.run(ForkedBooter.java:507)
at org.apache.maven.surefire.booter.ForkedBooter.main(ForkedBooter.java:495)
]]>
            </full-stacktrace>
          </exception> <!-- org.openqa.selenium.ElementClickInterceptedException -->
          <reporter-output>
          </reporter-output>
        </test-method> <!-- initializeClass -->
        <test-method signature="validateAlertAppear()[pri:0, instance:org.Tests.AlertsTest@70f59913]" started-at="2023-12-29T23:00:29 COT" name="validateAlertAppear" finished-at="2023-12-29T23:00:29 COT" duration-ms="0" status="SKIP">
          <exception class="org.openqa.selenium.ElementClickInterceptedException">
            <message>
              <![CDATA[element click intercepted: Element <li class="btn btn-light " id="item-1">...</li> is not clickable at point (133, 510). Other element would receive the click: <footer>...</footer>
  (Session info: chrome=120.0.6099.71)
Build info: version: '4.12.1', revision: '8e34639b11'
System info: os.name: 'Windows 10', os.arch: 'amd64', os.version: '10.0', java.version: '11.0.18'
Driver info: org.openqa.selenium.chrome.ChromeDriver
Command: [335f397e31594db104fe51ae654c7a98, clickElement {id=F2BE4C0B6E25958BA8E9ACCB113C8A7D_element_27}]
Capabilities {acceptInsecureCerts: false, browserName: chrome, browserVersion: 120.0.6099.71, chrome: {chromedriverVersion: 120.0.6099.109 (3419140ab66..., userDataDir: C:\Users\Jorge\AppData\Loca...}, fedcm:accounts: true, goog:chromeOptions: {debuggerAddress: localhost:65103}, networkConnectionEnabled: false, pageLoadStrategy: normal, platformName: windows, proxy: Proxy(), se:cdp: ws://localhost:65103/devtoo..., se:cdpVersion: 120.0.6099.71, setWindowRect: true, strictFileInteractability: false, timeouts: {implicit: 0, pageLoad: 300000, script: 30000}, unhandledPromptBehavior: dismiss and notify, webauthn:extension:credBlob: true, webauthn:extension:largeBlob: true, webauthn:extension:minPinLength: true, webauthn:extension:prf: true, webauthn:virtualAuthenticators: true}
Element: [[ChromeDriver: chrome on windows (335f397e31594db104fe51ae654c7a98)] -> css selector: .collapse.show > .menu-list > *]
Session ID: 335f397e31594db104fe51ae654c7a98]]>
            </message>
            <full-stacktrace>
              <![CDATA[org.openqa.selenium.ElementClickInterceptedException: element click intercepted: Element <li class="btn btn-light " id="item-1">...</li> is not clickable at point (133, 510). Other element would receive the click: <footer>...</footer>
  (Session info: chrome=120.0.6099.71)
Build info: version: '4.12.1', revision: '8e34639b11'
System info: os.name: 'Windows 10', os.arch: 'amd64', os.version: '10.0', java.version: '11.0.18'
Driver info: org.openqa.selenium.chrome.ChromeDriver
Command: [335f397e31594db104fe51ae654c7a98, clickElement {id=F2BE4C0B6E25958BA8E9ACCB113C8A7D_element_27}]
Capabilities {acceptInsecureCerts: false, browserName: chrome, browserVersion: 120.0.6099.71, chrome: {chromedriverVersion: 120.0.6099.109 (3419140ab66..., userDataDir: C:\Users\Jorge\AppData\Loca...}, fedcm:accounts: true, goog:chromeOptions: {debuggerAddress: localhost:65103}, networkConnectionEnabled: false, pageLoadStrategy: normal, platformName: windows, proxy: Proxy(), se:cdp: ws://localhost:65103/devtoo..., se:cdpVersion: 120.0.6099.71, setWindowRect: true, strictFileInteractability: false, timeouts: {implicit: 0, pageLoad: 300000, script: 30000}, unhandledPromptBehavior: dismiss and notify, webauthn:extension:credBlob: true, webauthn:extension:largeBlob: true, webauthn:extension:minPinLength: true, webauthn:extension:prf: true, webauthn:virtualAuthenticators: true}
Element: [[ChromeDriver: chrome on windows (335f397e31594db104fe51ae654c7a98)] -> css selector: .collapse.show > .menu-list > *]
Session ID: 335f397e31594db104fe51ae654c7a98
at java.base/jdk.internal.reflect.NativeConstructorAccessorImpl.newInstance0(Native Method)
at java.base/jdk.internal.reflect.NativeConstructorAccessorImpl.newInstance(NativeConstructorAccessorImpl.java:62)
at java.base/jdk.internal.reflect.DelegatingConstructorAccessorImpl.newInstance(DelegatingConstructorAccessorImpl.java:45)
at java.base/java.lang.reflect.Constructor.newInstance(Constructor.java:490)
at org.openqa.selenium.remote.codec.w3c.W3CHttpResponseCodec.createException(W3CHttpResponseCodec.java:200)
at org.openqa.selenium.remote.codec.w3c.W3CHttpResponseCodec.decode(W3CHttpResponseCodec.java:133)
at org.openqa.selenium.remote.codec.w3c.W3CHttpResponseCodec.decode(W3CHttpResponseCodec.java:52)
at org.openqa.selenium.remote.HttpCommandExecutor.execute(HttpCommandExecutor.java:191)
at org.openqa.selenium.remote.service.DriverCommandExecutor.invokeExecute(DriverCommandExecutor.java:196)
at org.openqa.selenium.remote.service.DriverCommandExecutor.execute(DriverCommandExecutor.java:171)
at org.openqa.selenium.remote.RemoteWebDriver.execute(RemoteWebDriver.java:602)
at org.openqa.selenium.remote.RemoteWebElement.execute(RemoteWebElement.java:224)
at org.openqa.selenium.remote.RemoteWebElement.click(RemoteWebElement.java:77)
at Pages.AlertsFrameWindowsPage.clickOnAlerts(AlertsFrameWindowsPage.java:36)
at org.Tests.AlertsTest.initializeClass(AlertsTest.java:11)
at java.base/jdk.internal.reflect.NativeMethodAccessorImpl.invoke0(Native Method)
at java.base/jdk.internal.reflect.NativeMethodAccessorImpl.invoke(NativeMethodAccessorImpl.java:62)
at java.base/jdk.internal.reflect.DelegatingMethodAccessorImpl.invoke(DelegatingMethodAccessorImpl.java:43)
at java.base/java.lang.reflect.Method.invoke(Method.java:566)
at org.testng.internal.invokers.MethodInvocationHelper.invokeMethod(MethodInvocationHelper.java:139)
at org.testng.internal.invokers.MethodInvocationHelper.invokeMethodConsideringTimeout(MethodInvocationHelper.java:69)
at org.testng.internal.invokers.ConfigInvoker.invokeConfigurationMethod(ConfigInvoker.java:390)
at org.testng.internal.invokers.ConfigInvoker.invokeConfigurations(ConfigInvoker.java:325)
at org.testng.internal.invokers.TestInvoker.runConfigMethods(TestInvoker.java:810)
at org.testng.internal.invokers.TestInvoker.invokeMethod(TestInvoker.java:577)
at org.testng.internal.invokers.TestInvoker.invokeTestMethod(TestInvoker.java:227)
at org.testng.internal.invokers.MethodRunner.runInSequence(MethodRunner.java:50)
at org.testng.internal.invokers.TestInvoker$MethodInvocationAgent.invoke(TestInvoker.java:957)
at org.testng.internal.invokers.TestInvoker.invokeTestMethods(TestInvoker.java:200)
at org.testng.internal.invokers.TestMethodWorker.invokeTestMethods(TestMethodWorker.java:148)
at org.testng.internal.invokers.TestMethodWorker.run(TestMethodWorker.java:128)
at java.base/java.util.ArrayList.forEach(ArrayList.java:1541)
at org.testng.TestRunner.privateRun(TestRunner.java:848)
at org.testng.TestRunner.run(TestRunner.java:621)
at org.testng.SuiteRunner.runTest(SuiteRunner.java:443)
at org.testng.SuiteRunner.runSequentially(SuiteRunner.java:437)
at org.testng.SuiteRunner.privateRun(SuiteRunner.java:397)
at org.testng.SuiteRunner.run(SuiteRunner.java:336)
at org.testng.SuiteRunnerWorker.runSuite(SuiteRunnerWorker.java:52)
at org.testng.SuiteRunnerWorker.run(SuiteRunnerWorker.java:95)
at org.testng.TestNG.runSuitesSequentially(TestNG.java:1280)
at org.testng.TestNG.runSuitesLocally(TestNG.java:1200)
at org.testng.TestNG.runSuites(TestNG.java:1114)
at org.testng.TestNG.run(TestNG.java:1082)
at org.apache.maven.surefire.testng.TestNGExecutor.run(TestNGExecutor.java:308)
at org.apache.maven.surefire.testng.TestNGXmlTestSuite.execute(TestNGXmlTestSuite.java:71)
at org.apache.maven.surefire.testng.TestNGProvider.invoke(TestNGProvider.java:113)
at org.apache.maven.surefire.booter.ForkedBooter.runSuitesInProcess(ForkedBooter.java:385)
at org.apache.maven.surefire.booter.ForkedBooter.execute(ForkedBooter.java:162)
at org.apache.maven.surefire.booter.ForkedBooter.run(ForkedBooter.java:507)
at org.apache.maven.surefire.booter.ForkedBooter.main(ForkedBooter.java:495)
]]>
            </full-stacktrace>
          </exception> <!-- org.openqa.selenium.ElementClickInterceptedException -->
          <reporter-output>
          </reporter-output>
        </test-method> <!-- validateAlertAppear -->
        <test-method is-config="true" signature="close()[pri:0, instance:org.Tests.AlertsTest@70f59913]" started-at="2023-12-29T23:00:29 COT" name="close" finished-at="2023-12-29T23:00:29 COT" duration-ms="0" status="SKIP">
          <reporter-output>
          </reporter-output>
        </test-method> <!-- close -->
        <test-method is-config="true" signature="initializeClass()[pri:0, instance:org.Tests.AlertsTest@70f59913]" started-at="2023-12-29T23:00:29 COT" name="initializeClass" finished-at="2023-12-29T23:00:29 COT" duration-ms="0" status="SKIP">
          <reporter-output>
          </reporter-output>
        </test-method> <!-- initializeClass -->
        <test-method is-config="true" signature="homePage()[pri:0, instance:org.Tests.AlertsTest@70f59913]" started-at="2023-12-29T23:00:29 COT" name="homePage" finished-at="2023-12-29T23:00:29 COT" duration-ms="0" status="SKIP">
          <reporter-output>
          </reporter-output>
        </test-method> <!-- homePage -->
        <test-method signature="validateDismissAlert()[pri:0, instance:org.Tests.AlertsTest@70f59913]" started-at="2023-12-29T23:00:29 COT" name="validateDismissAlert" finished-at="2023-12-29T23:00:29 COT" duration-ms="0" status="SKIP">
          <exception class="org.openqa.selenium.ElementClickInterceptedException">
            <message>
              <![CDATA[element click intercepted: Element <li class="btn btn-light " id="item-1">...</li> is not clickable at point (133, 510). Other element would receive the click: <footer>...</footer>
  (Session info: chrome=120.0.6099.71)
Build info: version: '4.12.1', revision: '8e34639b11'
System info: os.name: 'Windows 10', os.arch: 'amd64', os.version: '10.0', java.version: '11.0.18'
Driver info: org.openqa.selenium.chrome.ChromeDriver
Command: [335f397e31594db104fe51ae654c7a98, clickElement {id=F2BE4C0B6E25958BA8E9ACCB113C8A7D_element_27}]
Capabilities {acceptInsecureCerts: false, browserName: chrome, browserVersion: 120.0.6099.71, chrome: {chromedriverVersion: 120.0.6099.109 (3419140ab66..., userDataDir: C:\Users\Jorge\AppData\Loca...}, fedcm:accounts: true, goog:chromeOptions: {debuggerAddress: localhost:65103}, networkConnectionEnabled: false, pageLoadStrategy: normal, platformName: windows, proxy: Proxy(), se:cdp: ws://localhost:65103/devtoo..., se:cdpVersion: 120.0.6099.71, setWindowRect: true, strictFileInteractability: false, timeouts: {implicit: 0, pageLoad: 300000, script: 30000}, unhandledPromptBehavior: dismiss and notify, webauthn:extension:credBlob: true, webauthn:extension:largeBlob: true, webauthn:extension:minPinLength: true, webauthn:extension:prf: true, webauthn:virtualAuthenticators: true}
Element: [[ChromeDriver: chrome on windows (335f397e31594db104fe51ae654c7a98)] -> css selector: .collapse.show > .menu-list > *]
Session ID: 335f397e31594db104fe51ae654c7a98]]>
            </message>
            <full-stacktrace>
              <![CDATA[org.openqa.selenium.ElementClickInterceptedException: element click intercepted: Element <li class="btn btn-light " id="item-1">...</li> is not clickable at point (133, 510). Other element would receive the click: <footer>...</footer>
  (Session info: chrome=120.0.6099.71)
Build info: version: '4.12.1', revision: '8e34639b11'
System info: os.name: 'Windows 10', os.arch: 'amd64', os.version: '10.0', java.version: '11.0.18'
Driver info: org.openqa.selenium.chrome.ChromeDriver
Command: [335f397e31594db104fe51ae654c7a98, clickElement {id=F2BE4C0B6E25958BA8E9ACCB113C8A7D_element_27}]
Capabilities {acceptInsecureCerts: false, browserName: chrome, browserVersion: 120.0.6099.71, chrome: {chromedriverVersion: 120.0.6099.109 (3419140ab66..., userDataDir: C:\Users\Jorge\AppData\Loca...}, fedcm:accounts: true, goog:chromeOptions: {debuggerAddress: localhost:65103}, networkConnectionEnabled: false, pageLoadStrategy: normal, platformName: windows, proxy: Proxy(), se:cdp: ws://localhost:65103/devtoo..., se:cdpVersion: 120.0.6099.71, setWindowRect: true, strictFileInteractability: false, timeouts: {implicit: 0, pageLoad: 300000, script: 30000}, unhandledPromptBehavior: dismiss and notify, webauthn:extension:credBlob: true, webauthn:extension:largeBlob: true, webauthn:extension:minPinLength: true, webauthn:extension:prf: true, webauthn:virtualAuthenticators: true}
Element: [[ChromeDriver: chrome on windows (335f397e31594db104fe51ae654c7a98)] -> css selector: .collapse.show > .menu-list > *]
Session ID: 335f397e31594db104fe51ae654c7a98
at java.base/jdk.internal.reflect.NativeConstructorAccessorImpl.newInstance0(Native Method)
at java.base/jdk.internal.reflect.NativeConstructorAccessorImpl.newInstance(NativeConstructorAccessorImpl.java:62)
at java.base/jdk.internal.reflect.DelegatingConstructorAccessorImpl.newInstance(DelegatingConstructorAccessorImpl.java:45)
at java.base/java.lang.reflect.Constructor.newInstance(Constructor.java:490)
at org.openqa.selenium.remote.codec.w3c.W3CHttpResponseCodec.createException(W3CHttpResponseCodec.java:200)
at org.openqa.selenium.remote.codec.w3c.W3CHttpResponseCodec.decode(W3CHttpResponseCodec.java:133)
at org.openqa.selenium.remote.codec.w3c.W3CHttpResponseCodec.decode(W3CHttpResponseCodec.java:52)
at org.openqa.selenium.remote.HttpCommandExecutor.execute(HttpCommandExecutor.java:191)
at org.openqa.selenium.remote.service.DriverCommandExecutor.invokeExecute(DriverCommandExecutor.java:196)
at org.openqa.selenium.remote.service.DriverCommandExecutor.execute(DriverCommandExecutor.java:171)
at org.openqa.selenium.remote.RemoteWebDriver.execute(RemoteWebDriver.java:602)
at org.openqa.selenium.remote.RemoteWebElement.execute(RemoteWebElement.java:224)
at org.openqa.selenium.remote.RemoteWebElement.click(RemoteWebElement.java:77)
at Pages.AlertsFrameWindowsPage.clickOnAlerts(AlertsFrameWindowsPage.java:36)
at org.Tests.AlertsTest.initializeClass(AlertsTest.java:11)
at java.base/jdk.internal.reflect.NativeMethodAccessorImpl.invoke0(Native Method)
at java.base/jdk.internal.reflect.NativeMethodAccessorImpl.invoke(NativeMethodAccessorImpl.java:62)
at java.base/jdk.internal.reflect.DelegatingMethodAccessorImpl.invoke(DelegatingMethodAccessorImpl.java:43)
at java.base/java.lang.reflect.Method.invoke(Method.java:566)
at org.testng.internal.invokers.MethodInvocationHelper.invokeMethod(MethodInvocationHelper.java:139)
at org.testng.internal.invokers.MethodInvocationHelper.invokeMethodConsideringTimeout(MethodInvocationHelper.java:69)
at org.testng.internal.invokers.ConfigInvoker.invokeConfigurationMethod(ConfigInvoker.java:390)
at org.testng.internal.invokers.ConfigInvoker.invokeConfigurations(ConfigInvoker.java:325)
at org.testng.internal.invokers.TestInvoker.runConfigMethods(TestInvoker.java:810)
at org.testng.internal.invokers.TestInvoker.invokeMethod(TestInvoker.java:577)
at org.testng.internal.invokers.TestInvoker.invokeTestMethod(TestInvoker.java:227)
at org.testng.internal.invokers.MethodRunner.runInSequence(MethodRunner.java:50)
at org.testng.internal.invokers.TestInvoker$MethodInvocationAgent.invoke(TestInvoker.java:957)
at org.testng.internal.invokers.TestInvoker.invokeTestMethods(TestInvoker.java:200)
at org.testng.internal.invokers.TestMethodWorker.invokeTestMethods(TestMethodWorker.java:148)
at org.testng.internal.invokers.TestMethodWorker.run(TestMethodWorker.java:128)
at java.base/java.util.ArrayList.forEach(ArrayList.java:1541)
at org.testng.TestRunner.privateRun(TestRunner.java:848)
at org.testng.TestRunner.run(TestRunner.java:621)
at org.testng.SuiteRunner.runTest(SuiteRunner.java:443)
at org.testng.SuiteRunner.runSequentially(SuiteRunner.java:437)
at org.testng.SuiteRunner.privateRun(SuiteRunner.java:397)
at org.testng.SuiteRunner.run(SuiteRunner.java:336)
at org.testng.SuiteRunnerWorker.runSuite(SuiteRunnerWorker.java:52)
at org.testng.SuiteRunnerWorker.run(SuiteRunnerWorker.java:95)
at org.testng.TestNG.runSuitesSequentially(TestNG.java:1280)
at org.testng.TestNG.runSuitesLocally(TestNG.java:1200)
at org.testng.TestNG.runSuites(TestNG.java:1114)
at org.testng.TestNG.run(TestNG.java:1082)
at org.apache.maven.surefire.testng.TestNGExecutor.run(TestNGExecutor.java:308)
at org.apache.maven.surefire.testng.TestNGXmlTestSuite.execute(TestNGXmlTestSuite.java:71)
at org.apache.maven.surefire.testng.TestNGProvider.invoke(TestNGProvider.java:113)
at org.apache.maven.surefire.booter.ForkedBooter.runSuitesInProcess(ForkedBooter.java:385)
at org.apache.maven.surefire.booter.ForkedBooter.execute(ForkedBooter.java:162)
at org.apache.maven.surefire.booter.ForkedBooter.run(ForkedBooter.java:507)
at org.apache.maven.surefire.booter.ForkedBooter.main(ForkedBooter.java:495)
]]>
            </full-stacktrace>
          </exception> <!-- org.openqa.selenium.ElementClickInterceptedException -->
          <reporter-output>
          </reporter-output>
        </test-method> <!-- validateDismissAlert -->
        <test-method is-config="true" signature="close()[pri:0, instance:org.Tests.AlertsTest@70f59913]" started-at="2023-12-29T23:00:29 COT" name="close" finished-at="2023-12-29T23:00:29 COT" duration-ms="0" status="SKIP">
          <reporter-output>
          </reporter-output>
        </test-method> <!-- close -->
        <test-method is-config="true" signature="homePage()[pri:0, instance:org.Tests.AlertsTest@70f59913]" started-at="2023-12-29T23:00:29 COT" name="homePage" finished-at="2023-12-29T23:00:29 COT" duration-ms="0" status="SKIP">
          <reporter-output>
          </reporter-output>
        </test-method> <!-- homePage -->
        <test-method signature="validateInputAlert()[pri:0, instance:org.Tests.AlertsTest@70f59913]" started-at="2023-12-29T23:00:29 COT" name="validateInputAlert" finished-at="2023-12-29T23:00:29 COT" duration-ms="1" status="SKIP">
          <exception class="org.openqa.selenium.ElementClickInterceptedException">
            <message>
              <![CDATA[element click intercepted: Element <li class="btn btn-light " id="item-1">...</li> is not clickable at point (133, 510). Other element would receive the click: <footer>...</footer>
  (Session info: chrome=120.0.6099.71)
Build info: version: '4.12.1', revision: '8e34639b11'
System info: os.name: 'Windows 10', os.arch: 'amd64', os.version: '10.0', java.version: '11.0.18'
Driver info: org.openqa.selenium.chrome.ChromeDriver
Command: [335f397e31594db104fe51ae654c7a98, clickElement {id=F2BE4C0B6E25958BA8E9ACCB113C8A7D_element_27}]
Capabilities {acceptInsecureCerts: false, browserName: chrome, browserVersion: 120.0.6099.71, chrome: {chromedriverVersion: 120.0.6099.109 (3419140ab66..., userDataDir: C:\Users\Jorge\AppData\Loca...}, fedcm:accounts: true, goog:chromeOptions: {debuggerAddress: localhost:65103}, networkConnectionEnabled: false, pageLoadStrategy: normal, platformName: windows, proxy: Proxy(), se:cdp: ws://localhost:65103/devtoo..., se:cdpVersion: 120.0.6099.71, setWindowRect: true, strictFileInteractability: false, timeouts: {implicit: 0, pageLoad: 300000, script: 30000}, unhandledPromptBehavior: dismiss and notify, webauthn:extension:credBlob: true, webauthn:extension:largeBlob: true, webauthn:extension:minPinLength: true, webauthn:extension:prf: true, webauthn:virtualAuthenticators: true}
Element: [[ChromeDriver: chrome on windows (335f397e31594db104fe51ae654c7a98)] -> css selector: .collapse.show > .menu-list > *]
Session ID: 335f397e31594db104fe51ae654c7a98]]>
            </message>
            <full-stacktrace>
              <![CDATA[org.openqa.selenium.ElementClickInterceptedException: element click intercepted: Element <li class="btn btn-light " id="item-1">...</li> is not clickable at point (133, 510). Other element would receive the click: <footer>...</footer>
  (Session info: chrome=120.0.6099.71)
Build info: version: '4.12.1', revision: '8e34639b11'
System info: os.name: 'Windows 10', os.arch: 'amd64', os.version: '10.0', java.version: '11.0.18'
Driver info: org.openqa.selenium.chrome.ChromeDriver
Command: [335f397e31594db104fe51ae654c7a98, clickElement {id=F2BE4C0B6E25958BA8E9ACCB113C8A7D_element_27}]
Capabilities {acceptInsecureCerts: false, browserName: chrome, browserVersion: 120.0.6099.71, chrome: {chromedriverVersion: 120.0.6099.109 (3419140ab66..., userDataDir: C:\Users\Jorge\AppData\Loca...}, fedcm:accounts: true, goog:chromeOptions: {debuggerAddress: localhost:65103}, networkConnectionEnabled: false, pageLoadStrategy: normal, platformName: windows, proxy: Proxy(), se:cdp: ws://localhost:65103/devtoo..., se:cdpVersion: 120.0.6099.71, setWindowRect: true, strictFileInteractability: false, timeouts: {implicit: 0, pageLoad: 300000, script: 30000}, unhandledPromptBehavior: dismiss and notify, webauthn:extension:credBlob: true, webauthn:extension:largeBlob: true, webauthn:extension:minPinLength: true, webauthn:extension:prf: true, webauthn:virtualAuthenticators: true}
Element: [[ChromeDriver: chrome on windows (335f397e31594db104fe51ae654c7a98)] -> css selector: .collapse.show > .menu-list > *]
Session ID: 335f397e31594db104fe51ae654c7a98
at java.base/jdk.internal.reflect.NativeConstructorAccessorImpl.newInstance0(Native Method)
at java.base/jdk.internal.reflect.NativeConstructorAccessorImpl.newInstance(NativeConstructorAccessorImpl.java:62)
at java.base/jdk.internal.reflect.DelegatingConstructorAccessorImpl.newInstance(DelegatingConstructorAccessorImpl.java:45)
at java.base/java.lang.reflect.Constructor.newInstance(Constructor.java:490)
at org.openqa.selenium.remote.codec.w3c.W3CHttpResponseCodec.createException(W3CHttpResponseCodec.java:200)
at org.openqa.selenium.remote.codec.w3c.W3CHttpResponseCodec.decode(W3CHttpResponseCodec.java:133)
at org.openqa.selenium.remote.codec.w3c.W3CHttpResponseCodec.decode(W3CHttpResponseCodec.java:52)
at org.openqa.selenium.remote.HttpCommandExecutor.execute(HttpCommandExecutor.java:191)
at org.openqa.selenium.remote.service.DriverCommandExecutor.invokeExecute(DriverCommandExecutor.java:196)
at org.openqa.selenium.remote.service.DriverCommandExecutor.execute(DriverCommandExecutor.java:171)
at org.openqa.selenium.remote.RemoteWebDriver.execute(RemoteWebDriver.java:602)
at org.openqa.selenium.remote.RemoteWebElement.execute(RemoteWebElement.java:224)
at org.openqa.selenium.remote.RemoteWebElement.click(RemoteWebElement.java:77)
at Pages.AlertsFrameWindowsPage.clickOnAlerts(AlertsFrameWindowsPage.java:36)
at org.Tests.AlertsTest.initializeClass(AlertsTest.java:11)
at java.base/jdk.internal.reflect.NativeMethodAccessorImpl.invoke0(Native Method)
at java.base/jdk.internal.reflect.NativeMethodAccessorImpl.invoke(NativeMethodAccessorImpl.java:62)
at java.base/jdk.internal.reflect.DelegatingMethodAccessorImpl.invoke(DelegatingMethodAccessorImpl.java:43)
at java.base/java.lang.reflect.Method.invoke(Method.java:566)
at org.testng.internal.invokers.MethodInvocationHelper.invokeMethod(MethodInvocationHelper.java:139)
at org.testng.internal.invokers.MethodInvocationHelper.invokeMethodConsideringTimeout(MethodInvocationHelper.java:69)
at org.testng.internal.invokers.ConfigInvoker.invokeConfigurationMethod(ConfigInvoker.java:390)
at org.testng.internal.invokers.ConfigInvoker.invokeConfigurations(ConfigInvoker.java:325)
at org.testng.internal.invokers.TestInvoker.runConfigMethods(TestInvoker.java:810)
at org.testng.internal.invokers.TestInvoker.invokeMethod(TestInvoker.java:577)
at org.testng.internal.invokers.TestInvoker.invokeTestMethod(TestInvoker.java:227)
at org.testng.internal.invokers.MethodRunner.runInSequence(MethodRunner.java:50)
at org.testng.internal.invokers.TestInvoker$MethodInvocationAgent.invoke(TestInvoker.java:957)
at org.testng.internal.invokers.TestInvoker.invokeTestMethods(TestInvoker.java:200)
at org.testng.internal.invokers.TestMethodWorker.invokeTestMethods(TestMethodWorker.java:148)
at org.testng.internal.invokers.TestMethodWorker.run(TestMethodWorker.java:128)
at java.base/java.util.ArrayList.forEach(ArrayList.java:1541)
at org.testng.TestRunner.privateRun(TestRunner.java:848)
at org.testng.TestRunner.run(TestRunner.java:621)
at org.testng.SuiteRunner.runTest(SuiteRunner.java:443)
at org.testng.SuiteRunner.runSequentially(SuiteRunner.java:437)
at org.testng.SuiteRunner.privateRun(SuiteRunner.java:397)
at org.testng.SuiteRunner.run(SuiteRunner.java:336)
at org.testng.SuiteRunnerWorker.runSuite(SuiteRunnerWorker.java:52)
at org.testng.SuiteRunnerWorker.run(SuiteRunnerWorker.java:95)
at org.testng.TestNG.runSuitesSequentially(TestNG.java:1280)
at org.testng.TestNG.runSuitesLocally(TestNG.java:1200)
at org.testng.TestNG.runSuites(TestNG.java:1114)
at org.testng.TestNG.run(TestNG.java:1082)
at org.apache.maven.surefire.testng.TestNGExecutor.run(TestNGExecutor.java:308)
at org.apache.maven.surefire.testng.TestNGXmlTestSuite.execute(TestNGXmlTestSuite.java:71)
at org.apache.maven.surefire.testng.TestNGProvider.invoke(TestNGProvider.java:113)
at org.apache.maven.surefire.booter.ForkedBooter.runSuitesInProcess(ForkedBooter.java:385)
at org.apache.maven.surefire.booter.ForkedBooter.execute(ForkedBooter.java:162)
at org.apache.maven.surefire.booter.ForkedBooter.run(ForkedBooter.java:507)
at org.apache.maven.surefire.booter.ForkedBooter.main(ForkedBooter.java:495)
]]>
            </full-stacktrace>
          </exception> <!-- org.openqa.selenium.ElementClickInterceptedException -->
          <reporter-output>
          </reporter-output>
        </test-method> <!-- validateInputAlert -->
        <test-method is-config="true" signature="initializeClass()[pri:0, instance:org.Tests.AlertsTest@70f59913]" started-at="2023-12-29T23:00:29 COT" name="initializeClass" finished-at="2023-12-29T23:00:29 COT" duration-ms="0" status="SKIP">
          <reporter-output>
          </reporter-output>
        </test-method> <!-- initializeClass -->
        <test-method is-config="true" signature="close()[pri:0, instance:org.Tests.AlertsTest@70f59913]" started-at="2023-12-29T23:00:29 COT" name="close" finished-at="2023-12-29T23:00:29 COT" duration-ms="0" status="SKIP">
          <reporter-output>
          </reporter-output>
        </test-method> <!-- close -->
      </class> <!-- org.Tests.AlertsTest -->
    </test> <!-- Alerts -->
    <test started-at="2023-12-29T23:00:30 COT" name="Frames" finished-at="2023-12-29T23:01:52 COT" duration-ms="82550">
      <class name="org.Tests.FramesPageTest">
        <test-method is-config="true" signature="homePage()[pri:0, instance:org.Tests.FramesPageTest@142269f2]" started-at="2023-12-29T23:00:30 COT" name="homePage" finished-at="2023-12-29T23:00:49 COT" duration-ms="19546" status="PASS">
          <reporter-output>
          </reporter-output>
        </test-method> <!-- homePage -->
        <test-method is-config="true" signature="initializeClass()[pri:0, instance:org.Tests.FramesPageTest@142269f2]" started-at="2023-12-29T23:00:49 COT" name="initializeClass" finished-at="2023-12-29T23:00:56 COT" duration-ms="7352" status="PASS">
          <reporter-output>
          </reporter-output>
        </test-method> <!-- initializeClass -->
        <test-method signature="validateChangeToBigFrame()[pri:0, instance:org.Tests.FramesPageTest@142269f2]" started-at="2023-12-29T23:00:56 COT" name="validateChangeToBigFrame" finished-at="2023-12-29T23:00:58 COT" duration-ms="1263" status="PASS">
          <reporter-output>
          </reporter-output>
        </test-method> <!-- validateChangeToBigFrame -->
        <test-method is-config="true" signature="close()[pri:0, instance:org.Tests.FramesPageTest@142269f2]" started-at="2023-12-29T23:00:58 COT" name="close" finished-at="2023-12-29T23:01:05 COT" duration-ms="7348" status="PASS">
          <reporter-output>
          </reporter-output>
        </test-method> <!-- close -->
        <test-method is-config="true" signature="homePage()[pri:0, instance:org.Tests.FramesPageTest@142269f2]" started-at="2023-12-29T23:01:05 COT" name="homePage" finished-at="2023-12-29T23:01:38 COT" duration-ms="32770" status="PASS">
          <reporter-output>
          </reporter-output>
        </test-method> <!-- homePage -->
        <test-method is-config="true" signature="initializeClass()[pri:0, instance:org.Tests.FramesPageTest@142269f2]" started-at="2023-12-29T23:01:38 COT" name="initializeClass" finished-at="2023-12-29T23:01:41 COT" duration-ms="3427" status="PASS">
          <reporter-output>
          </reporter-output>
        </test-method> <!-- initializeClass -->
        <test-method signature="validateChangeToShortFrame()[pri:0, instance:org.Tests.FramesPageTest@142269f2]" started-at="2023-12-29T23:01:41 COT" name="validateChangeToShortFrame" finished-at="2023-12-29T23:01:47 COT" duration-ms="5648" status="PASS">
          <reporter-output>
          </reporter-output>
        </test-method> <!-- validateChangeToShortFrame -->
        <test-method is-config="true" signature="close()[pri:0, instance:org.Tests.FramesPageTest@142269f2]" started-at="2023-12-29T23:01:47 COT" name="close" finished-at="2023-12-29T23:01:52 COT" duration-ms="5185" status="PASS">
          <reporter-output>
          </reporter-output>
        </test-method> <!-- close -->
      </class> <!-- org.Tests.FramesPageTest -->
    </test> <!-- Frames -->
    <test started-at="2023-12-29T23:01:52 COT" name="Nested Frames" finished-at="2023-12-29T23:02:59 COT" duration-ms="66400">
      <class name="org.Tests.NestedFramesTest">
        <test-method is-config="true" signature="homePage()[pri:0, instance:org.Tests.NestedFramesTest@a22cb6a]" started-at="2023-12-29T23:01:52 COT" name="homePage" finished-at="2023-12-29T23:02:15 COT" duration-ms="22793" status="PASS">
          <reporter-output>
          </reporter-output>
        </test-method> <!-- homePage -->
        <test-method is-config="true" signature="initializeClass()[pri:0, instance:org.Tests.NestedFramesTest@a22cb6a]" started-at="2023-12-29T23:02:15 COT" name="initializeClass" finished-at="2023-12-29T23:02:18 COT" duration-ms="2794" status="PASS">
          <reporter-output>
          </reporter-output>
        </test-method> <!-- initializeClass -->
        <test-method signature="validateSwitchToChildFrame()[pri:0, instance:org.Tests.NestedFramesTest@a22cb6a]" started-at="2023-12-29T23:02:18 COT" name="validateSwitchToChildFrame" finished-at="2023-12-29T23:02:21 COT" duration-ms="3221" status="PASS">
          <reporter-output>
          </reporter-output>
        </test-method> <!-- validateSwitchToChildFrame -->
        <test-method is-config="true" signature="close()[pri:0, instance:org.Tests.NestedFramesTest@a22cb6a]" started-at="2023-12-29T23:02:21 COT" name="close" finished-at="2023-12-29T23:02:23 COT" duration-ms="1975" status="PASS">
          <reporter-output>
          </reporter-output>
        </test-method> <!-- close -->
        <test-method is-config="true" signature="homePage()[pri:0, instance:org.Tests.NestedFramesTest@a22cb6a]" started-at="2023-12-29T23:02:23 COT" name="homePage" finished-at="2023-12-29T23:02:47 COT" duration-ms="23693" status="PASS">
          <reporter-output>
          </reporter-output>
        </test-method> <!-- homePage -->
        <test-method is-config="true" signature="initializeClass()[pri:0, instance:org.Tests.NestedFramesTest@a22cb6a]" started-at="2023-12-29T23:02:47 COT" name="initializeClass" finished-at="2023-12-29T23:02:49 COT" duration-ms="1765" status="PASS">
          <reporter-output>
          </reporter-output>
        </test-method> <!-- initializeClass -->
        <test-method signature="validateSwitchToParentFrame()[pri:0, instance:org.Tests.NestedFramesTest@a22cb6a]" started-at="2023-12-29T23:02:49 COT" name="validateSwitchToParentFrame" finished-at="2023-12-29T23:02:58 COT" duration-ms="9380" status="PASS">
          <reporter-output>
          </reporter-output>
        </test-method> <!-- validateSwitchToParentFrame -->
        <test-method is-config="true" signature="close()[pri:0, instance:org.Tests.NestedFramesTest@a22cb6a]" started-at="2023-12-29T23:02:58 COT" name="close" finished-at="2023-12-29T23:02:59 COT" duration-ms="773" status="PASS">
          <reporter-output>
          </reporter-output>
        </test-method> <!-- close -->
      </class> <!-- org.Tests.NestedFramesTest -->
    </test> <!-- Nested Frames -->
  </suite> <!-- Suite1 -->
</testng-results>
