<?xml version="1.0" encoding="UTF-8"?>
<!-- Generated by org.testng.reporters.JUnitReportReporter -->
<testsuite hostname="DESKTOP-33S5R95" failures="0" tests="21" name="org.Tests.PracticeFormPageTest" time="0.001" errors="2" timestamp="2023-12-01T17:04:45 COT" skipped="19">
  <testcase classname="org.Tests.PracticeFormPageTest" name="validateTitle" time="0.000">
    <skipped/>
  </testcase> <!-- validateTitle -->
  <testcase classname="org.Tests.PracticeFormPageTest" name="fillTheFormCorrectly" time="0.000">
    <error message="
Parameter &#039;name&#039; is required by @Test on method fillTheFormCorrectly but has not been marked @Optional or defined
" type="org.testng.TestNGException">
      <![CDATA[org.testng.TestNGException: 
Parameter 'name' is required by @Test on method fillTheFormCorrectly but has not been marked @Optional or defined

at org.testng.internal.Parameters.createParams(Parameters.java:267)
at org.testng.internal.Parameters.createParametersForMethod(Parameters.java:355)
at org.testng.internal.Parameters.createParameters(Parameters.java:684)
at org.testng.internal.Parameters.handleParameters(Parameters.java:879)
at org.testng.internal.Parameters.handleParameters(Parameters.java:728)
at org.testng.internal.invokers.ParameterHandler.handleParameters(ParameterHandler.java:72)
at org.testng.internal.invokers.ParameterHandler.createParameters(ParameterHandler.java:51)
at org.testng.internal.invokers.TestInvoker$MethodInvocationAgent.invoke(TestInvoker.java:911)
at org.testng.internal.invokers.TestInvoker.invokeTestMethods(TestInvoker.java:200)
at org.testng.internal.invokers.TestMethodWorker.invokeTestMethods(TestMethodWorker.java:148)
at org.testng.internal.invokers.TestMethodWorker.run(TestMethodWorker.java:128)
at java.base/java.util.ArrayList.forEach(ArrayList.java:1541)
at org.testng.TestRunner.privateRun(TestRunner.java:848)
at org.testng.TestRunner.run(TestRunner.java:621)
at org.testng.SuiteRunner.runTest(SuiteRunner.java:443)
at org.testng.SuiteRunner.runSequentially(SuiteRunner.java:437)
at org.testng.SuiteRunner.privateRun(SuiteRunner.java:397)
at org.testng.SuiteRunner.run(SuiteRunner.java:336)
at org.testng.SuiteRunnerWorker.runSuite(SuiteRunnerWorker.java:52)
at org.testng.SuiteRunnerWorker.run(SuiteRunnerWorker.java:95)
at org.testng.TestNG.runSuitesSequentially(TestNG.java:1280)
at org.testng.TestNG.runSuitesLocally(TestNG.java:1200)
at org.testng.TestNG.runSuites(TestNG.java:1114)
at org.testng.TestNG.run(TestNG.java:1082)
at org.apache.maven.surefire.testng.TestNGExecutor.run(TestNGExecutor.java:155)
at org.apache.maven.surefire.testng.TestNGDirectoryTestSuite.executeMulti(TestNGDirectoryTestSuite.java:169)
at org.apache.maven.surefire.testng.TestNGDirectoryTestSuite.execute(TestNGDirectoryTestSuite.java:88)
at org.apache.maven.surefire.testng.TestNGProvider.invoke(TestNGProvider.java:137)
at org.apache.maven.surefire.booter.ForkedBooter.runSuitesInProcess(ForkedBooter.java:385)
at org.apache.maven.surefire.booter.ForkedBooter.execute(ForkedBooter.java:162)
at org.apache.maven.surefire.booter.ForkedBooter.run(ForkedBooter.java:507)
at org.apache.maven.surefire.booter.ForkedBooter.main(ForkedBooter.java:495)
]]>
    </error>
  </testcase> <!-- fillTheFormCorrectly -->
  <testcase classname="org.Tests.PracticeFormPageTest" name="validateLabelCurrentAddress" time="0.000">
    <skipped/>
  </testcase> <!-- validateLabelCurrentAddress -->
  <testcase classname="org.Tests.PracticeFormPageTest" name="validateLabelMobile" time="0.000">
    <skipped/>
  </testcase> <!-- validateLabelMobile -->
  <testcase classname="org.Tests.PracticeFormPageTest" name="validatePlaceholderStateListBox" time="0.000">
    <skipped/>
  </testcase> <!-- validatePlaceholderStateListBox -->
  <testcase classname="org.Tests.PracticeFormPageTest" name="validateMandatoryFields" time="0.000">
    <skipped/>
  </testcase> <!-- validateMandatoryFields -->
  <testcase classname="org.Tests.PracticeFormPageTest" name="validateLabelBirthDate" time="0.000">
    <skipped/>
  </testcase> <!-- validateLabelBirthDate -->
  <testcase classname="org.Tests.PracticeFormPageTest" name="validatePlaceholderLastNameField" time="0.000">
    <skipped/>
  </testcase> <!-- validatePlaceholderLastNameField -->
  <testcase classname="org.Tests.PracticeFormPageTest" name="validateLabelName" time="0.000">
    <skipped/>
  </testcase> <!-- validateLabelName -->
  <testcase classname="org.Tests.PracticeFormPageTest" name="validateLabelsStateAndCity" time="0.000">
    <skipped/>
  </testcase> <!-- validateLabelsStateAndCity -->
  <testcase classname="org.Tests.PracticeFormPageTest" name="validateLabelGender" time="0.000">
    <skipped/>
  </testcase> <!-- validateLabelGender -->
  <testcase classname="org.Tests.PracticeFormPageTest" name="validateLabelHobbies" time="0.000">
    <skipped/>
  </testcase> <!-- validateLabelHobbies -->
  <testcase classname="org.Tests.PracticeFormPageTest" name="validateLabelPicture" time="0.000">
    <skipped/>
  </testcase> <!-- validateLabelPicture -->
  <testcase classname="org.Tests.PracticeFormPageTest" name="initializeClass" time="0.000">
    <error type="java.lang.NullPointerException">
      <![CDATA[java.lang.NullPointerException
at org.Tests.PracticeFormPageTest.initializeClass(PracticeFormPageTest.java:13)
at java.base/jdk.internal.reflect.NativeMethodAccessorImpl.invoke0(Native Method)
at java.base/jdk.internal.reflect.NativeMethodAccessorImpl.invoke(NativeMethodAccessorImpl.java:62)
at java.base/jdk.internal.reflect.DelegatingMethodAccessorImpl.invoke(DelegatingMethodAccessorImpl.java:43)
at java.base/java.lang.reflect.Method.invoke(Method.java:566)
at org.testng.internal.invokers.MethodInvocationHelper.invokeMethod(MethodInvocationHelper.java:139)
at org.testng.internal.invokers.MethodInvocationHelper.invokeMethodConsideringTimeout(MethodInvocationHelper.java:69)
at org.testng.internal.invokers.ConfigInvoker.invokeConfigurationMethod(ConfigInvoker.java:390)
at org.testng.internal.invokers.ConfigInvoker.invokeConfigurations(ConfigInvoker.java:325)
at org.testng.internal.invokers.TestMethodWorker.invokeBeforeClassMethods(TestMethodWorker.java:180)
at org.testng.internal.invokers.TestMethodWorker.run(TestMethodWorker.java:122)
at java.base/java.util.ArrayList.forEach(ArrayList.java:1541)
at org.testng.TestRunner.privateRun(TestRunner.java:848)
at org.testng.TestRunner.run(TestRunner.java:621)
at org.testng.SuiteRunner.runTest(SuiteRunner.java:443)
at org.testng.SuiteRunner.runSequentially(SuiteRunner.java:437)
at org.testng.SuiteRunner.privateRun(SuiteRunner.java:397)
at org.testng.SuiteRunner.run(SuiteRunner.java:336)
at org.testng.SuiteRunnerWorker.runSuite(SuiteRunnerWorker.java:52)
at org.testng.SuiteRunnerWorker.run(SuiteRunnerWorker.java:95)
at org.testng.TestNG.runSuitesSequentially(TestNG.java:1280)
at org.testng.TestNG.runSuitesLocally(TestNG.java:1200)
at org.testng.TestNG.runSuites(TestNG.java:1114)
at org.testng.TestNG.run(TestNG.java:1082)
at org.apache.maven.surefire.testng.TestNGExecutor.run(TestNGExecutor.java:155)
at org.apache.maven.surefire.testng.TestNGDirectoryTestSuite.executeMulti(TestNGDirectoryTestSuite.java:169)
at org.apache.maven.surefire.testng.TestNGDirectoryTestSuite.execute(TestNGDirectoryTestSuite.java:88)
at org.apache.maven.surefire.testng.TestNGProvider.invoke(TestNGProvider.java:137)
at org.apache.maven.surefire.booter.ForkedBooter.runSuitesInProcess(ForkedBooter.java:385)
at org.apache.maven.surefire.booter.ForkedBooter.execute(ForkedBooter.java:162)
at org.apache.maven.surefire.booter.ForkedBooter.run(ForkedBooter.java:507)
at org.apache.maven.surefire.booter.ForkedBooter.main(ForkedBooter.java:495)
]]>
    </error>
  </testcase> <!-- initializeClass -->
  <testcase classname="org.Tests.PracticeFormPageTest" name="validatePlaceholderMobileField" time="0.000">
    <skipped/>
  </testcase> <!-- validatePlaceholderMobileField -->
  <testcase classname="org.Tests.PracticeFormPageTest" name="validateLabelSubjects" time="0.000">
    <skipped/>
  </testcase> <!-- validateLabelSubjects -->
  <testcase classname="org.Tests.PracticeFormPageTest" name="validatePlaceholderCityListBox" time="0.000">
    <skipped/>
  </testcase> <!-- validatePlaceholderCityListBox -->
  <testcase classname="org.Tests.PracticeFormPageTest" name="validatePlaceholderCurrentAddressField" time="0.000">
    <skipped/>
  </testcase> <!-- validatePlaceholderCurrentAddressField -->
  <testcase classname="org.Tests.PracticeFormPageTest" name="validatePlaceholderFirstNameField" time="0.001">
    <skipped/>
  </testcase> <!-- validatePlaceholderFirstNameField -->
  <testcase classname="org.Tests.PracticeFormPageTest" name="validatePlaceholderEmailField" time="0.000">
    <skipped/>
  </testcase> <!-- validatePlaceholderEmailField -->
  <testcase classname="org.Tests.PracticeFormPageTest" name="validateLabelEmail" time="0.000">
    <skipped/>
  </testcase> <!-- validateLabelEmail -->
</testsuite> <!-- org.Tests.PracticeFormPageTest -->
